#
# A fatal error has been detected by the Java Runtime Environment:
#
#  EXCEPTION_ACCESS_VIOLATION (0xc0000005) at pc=0x00007ffaf99a6997, pid=9868, tid=4552
#
# JRE version: OpenJDK Runtime Environment (16.0+36) (build 16+36-2231)
# Java VM: OpenJDK 64-Bit Server VM (16+36-2231, mixed mode, sharing, tiered, compressed oops, g1 gc, windows-amd64)
# Problematic frame:
# C  [glass.dll+0x26997]
#
# No core dump will be written. Minidumps are not enabled by default on client versions of Windows
#
# If you would like to submit a bug report, please visit:
#   https://bugreport.java.com/bugreport/crash.jsp
#

---------------  S U M M A R Y ------------

Command Line: -javaagent:C:\Users\Ryan Hatamosa\AppData\Local\JetBrains\Toolbox\apps\IDEA-U\ch-0\211.6693.111\lib\idea_rt.jar=54939:C:\Users\Ryan Hatamosa\AppData\Local\JetBrains\Toolbox\apps\IDEA-U\ch-0\211.6693.111\bin -Dfile.encoding=UTF-8 --module-path=C:\Users\Ryan Hatamosa\IdeaProjects\TeamCrunch\out\production\TeamCrunch;C:\Users\Ryan Hatamosa\.m2\repository\org\openjfx\javafx-fxml\16\javafx-fxml-16.jar;C:\Users\Ryan Hatamosa\.m2\repository\org\openjfx\javafx-fxml\16\javafx-fxml-16-win.jar;C:\Users\Ryan Hatamosa\.m2\repository\org\openjfx\javafx-controls\16\javafx-controls-16.jar;C:\Users\Ryan Hatamosa\.m2\repository\org\openjfx\javafx-controls\16\javafx-controls-16-win.jar;C:\Users\Ryan Hatamosa\.m2\repository\org\openjfx\javafx-graphics\16\javafx-graphics-16.jar;C:\Users\Ryan Hatamosa\.m2\repository\org\openjfx\javafx-graphics\16\javafx-graphics-16-win.jar;C:\Users\Ryan Hatamosa\.m2\repository\org\openjfx\javafx-base\16\javafx-base-16.jar;C:\Users\Ryan Hatamosa\.m2\repository\org\openjfx\javafx-base\16\javafx-base-16-win.jar -Djdk.module.main=TeamCrunch TeamCrunch/sample.Main

Host: Intel(R) Core(TM) i7-8700K CPU @ 3.70GHz, 12 cores, 15G,  Windows 10 , 64 bit Build 18362 (10.0.18362.1350)
Time: Sat Apr 10 11:00:42 2021 Eastern Daylight Time elapsed time: 6.930192 seconds (0d 0h 0m 6s)

---------------  T H R E A D  ---------------

Current thread (0x000002177a6c55b0):  VMThread "VM Thread" [stack: 0x0000009440300000,0x0000009440400000] [id=4552]

Stack: [0x0000009440300000,0x0000009440400000],  sp=0x00000094403ff080,  free space=1020k
Native frames: (J=compiled Java code, j=interpreted, Vv=VM code, C=native code)
C  [glass.dll+0x26997]


siginfo: EXCEPTION_ACCESS_VIOLATION (0xc0000005), reading address 0x0000000000000000


Register to memory mapping:

RIP=0x00007ffaf99a6997 glass.dll
RAX=0x0 is NULL
RBX=0x000002177a6d03f0 is a global jni handle
RCX=0x000002177a6c55b0 points into unknown readable memory: 0x00007ffacb60f698 | 98 f6 60 cb fa 7f 00 00
RDX=0x00000094403ff080 points into unknown readable memory: 0x0000000000000000 | 00 00 00 00 00 00 00 00
RSP=0x00000094403ff080 points into unknown readable memory: 0x0000000000000000 | 00 00 00 00 00 00 00 00
RBP=0x000002177b72a8a8 points into unknown readable memory: 0x0000430fd44e03fe | fe 03 4e d4 0f 43 00 00
RSI=0x000002177b72a880 points into unknown readable memory: 0x00005cf16a288cad | ad 8c 28 6a f1 5c 00 00
RDI=0x0000430fd44e03fe is an unknown value
R8 =0x0000000000010002 is an unknown value
R9 =0x0000430fd44e03fe is an unknown value
R10=0x0000000000008000 is an unknown value
R11=0x00000094403ff010 points into unknown readable memory: 0x000002177b72a880 | 80 a8 72 7b 17 02 00 00
R12=0x00007ffaf99a4234 glass.dll
R13=0x00000217576750e0 points into unknown readable memory: 0x8000000900000001 | 01 00 00 00 09 00 00 80
R14=0x00000094403ff178 points into unknown readable memory: 0x00000094403ff160 | 60 f1 3f 40 94 00 00 00
R15=0x000002177b72a880 points into unknown readable memory: 0x00005cf16a288cad | ad 8c 28 6a f1 5c 00 00


Registers:
RAX=0x0000000000000000, RBX=0x000002177a6d03f0, RCX=0x000002177a6c55b0, RDX=0x00000094403ff080
RSP=0x00000094403ff080, RBP=0x000002177b72a8a8, RSI=0x000002177b72a880, RDI=0x0000430fd44e03fe
R8 =0x0000000000010002, R9 =0x0000430fd44e03fe, R10=0x0000000000008000, R11=0x00000094403ff010
R12=0x00007ffaf99a4234, R13=0x00000217576750e0, R14=0x00000094403ff178, R15=0x000002177b72a880
RIP=0x00007ffaf99a6997, EFLAGS=0x0000000000010206

Top of Stack: (sp=0x00000094403ff080)
0x00000094403ff080:   0000000000000000 000002177b72a880
0x00000094403ff090:   000002177b72a880 00007ffaf99b71a0
0x00000094403ff0a0:   000002177b72a888 00007ffb14379d26
0x00000094403ff0b0:   0000430fd44e03fe 0000021700000000
0x00000094403ff0c0:   0000000000000000 00007ffb14379f66
0x00000094403ff0d0:   fffffffffffffffe 0000000000000000
0x00000094403ff0e0:   0000000000000001 00007ffaf9980000
0x00000094403ff0f0:   00000094403ff168 00007ffb14379c4b
0x00000094403ff100:   0000000000000000 00000094403ff178
0x00000094403ff110:   00000094403ff440 00007ffb1444bc20
0x00000094403ff120:   0000000000000001 00007ffb14379c04
0x00000094403ff130:   0000000000000000 0000000000000001
0x00000094403ff140:   0000000000000000 00000094403ff168
0x00000094403ff150:   ffffffff00000001 00007ffaf99a40c1
0x00000094403ff160:   00007ffaf99ba128 00007ffa00000002
0x00000094403ff170:   0000000000000002 00000094403ff160 

Instructions: (pc=0x00007ffaf99a6997)
0x00007ffaf99a6897:   8b 4d 58 e8 d1 ce ff ff 48 8b 4d 60 e8 c8 ce ff
0x00007ffaf99a68a7:   ff 48 8b 95 80 00 00 00 48 8b 8d 18 01 00 00 e8
0x00007ffaf99a68b7:   96 c3 ff ff 33 d2 33 c9 e8 12 e1 ff ff 90 48 89
0x00007ffaf99a68c7:   54 24 10 55 48 83 ec 20 48 8b ea 48 b8 00 00 00
0x00007ffaf99a68d7:   00 00 00 00 00 48 83 c4 20 5d c3 cc 40 55 48 8b
0x00007ffaf99a68e7:   ea 48 8b 01 33 c9 81 38 05 00 00 c0 0f 94 c1 8b
0x00007ffaf99a68f7:   c1 5d c3 cc 40 55 48 83 ec 20 48 8b ea 8a 4d 40
0x00007ffaf99a6907:   48 83 c4 20 5d e9 c7 d2 ff ff cc 40 55 48 83 ec
0x00007ffaf99a6917:   20 48 8b ea 8a 4d 20 e8 b5 d2 ff ff 90 48 83 c4
0x00007ffaf99a6927:   20 5d c3 cc 40 55 48 83 ec 20 48 8b ea 48 83 c4
0x00007ffaf99a6937:   20 5d e9 16 d1 ff ff cc 40 55 48 83 ec 30 48 8b
0x00007ffaf99a6947:   ea 48 8b 01 8b 10 48 89 4c 24 28 89 54 24 20 4c
0x00007ffaf99a6957:   8d 0d b7 d5 ff ff 4c 8b 45 70 8b 55 68 48 8b 4d
0x00007ffaf99a6967:   60 e8 57 d0 ff ff 90 48 83 c4 30 5d c3 cc cc cc
0x00007ffaf99a6977:   cc cc cc cc cc cc cc cc cc 40 53 48 83 ec 20 48
0x00007ffaf99a6987:   8b 1d 93 31 01 00 48 85 db 74 16 e8 29 8b ff ff
0x00007ffaf99a6997:   4c 8b 00 48 8b d3 48 8b c8 41 ff 90 b0 00 00 00
0x00007ffaf99a69a7:   90 48 83 c4 20 5b c3 cc cc 40 53 48 83 ec 20 48
0x00007ffaf99a69b7:   8b 1d 0b 33 01 00 48 85 db 74 57 b8 ff ff ff ff
0x00007ffaf99a69c7:   f0 0f c1 43 10 83 f8 01 75 3d 48 85 db 74 38 48
0x00007ffaf99a69d7:   8b 0b 48 85 c9 74 0d ff 15 c4 08 00 00 48 c7 03
0x00007ffaf99a69e7:   00 00 00 00 48 8b 4b 08 48 85 c9 74 0d e8 77 cd
0x00007ffaf99a69f7:   ff ff 48 c7 43 08 00 00 00 00 ba 18 00 00 00 48
0x00007ffaf99a6a07:   8b cb e8 62 cd ff ff 48 c7 05 af 32 01 00 00 00
0x00007ffaf99a6a17:   00 00 48 83 c4 20 5b c3 cc 40 53 48 83 ec 20 48
0x00007ffaf99a6a27:   8b 1d 7b 32 01 00 48 85 db 74 57 b8 ff ff ff ff
0x00007ffaf99a6a37:   f0 0f c1 43 10 83 f8 01 75 3d 48 85 db 74 38 48
0x00007ffaf99a6a47:   8b 0b 48 85 c9 74 0d ff 15 54 08 00 00 48 c7 03
0x00007ffaf99a6a57:   00 00 00 00 48 8b 4b 08 48 85 c9 74 0d e8 07 cd
0x00007ffaf99a6a67:   ff ff 48 c7 43 08 00 00 00 00 ba 18 00 00 00 48
0x00007ffaf99a6a77:   8b cb e8 f2 cc ff ff 48 c7 05 1f 32 01 00 00 00
0x00007ffaf99a6a87:   00 00 48 83 c4 20 5b c3 cc 40 53 48 83 ec 20 48 


Stack slot to memory mapping:
stack at sp + 0 slots: 0x0 is NULL
stack at sp + 1 slots: 0x000002177b72a880 points into unknown readable memory: 0x00005cf16a288cad | ad 8c 28 6a f1 5c 00 00
stack at sp + 2 slots: 0x000002177b72a880 points into unknown readable memory: 0x00005cf16a288cad | ad 8c 28 6a f1 5c 00 00
stack at sp + 3 slots: 0x00007ffaf99b71a0 glass.dll
stack at sp + 4 slots: 0x000002177b72a888 points into unknown readable memory: 0x0000430fd44e03fe | fe 03 4e d4 0f 43 00 00
stack at sp + 5 slots: 0x00007ffb14379d26 ucrtbase.dll
stack at sp + 6 slots: 0x0000430fd44e03fe is an unknown value
stack at sp + 7 slots: 0x0000021700000000 points into unknown readable memory: 0x0000000000000000 | 00 00 00 00 00 00 00 00

VM_Operation (0x00000094416fa570): Exit, mode: safepoint, requested by thread 0x000002177b75a060


---------------  P R O C E S S  ---------------

Threads class SMR info:
_java_thread_list=0x000002177ef138d0, length=20, elements={
0x0000021757615710, 0x000002177a6ca510, 0x000002177a6cd2f0, 0x000002177a6d6790,
0x000002177a6d72a0, 0x000002177a6d9cc0, 0x000002177a6dabe0, 0x000002177a6ded20,
0x000002177a6e9740, 0x000002177a6ec0a0, 0x00000217576de3a0, 0x000002177b408530,
0x000002177b408a50, 0x000002177b6e6750, 0x000002177b76dac0, 0x000002177b75a060,
0x000002177bb1b4f0, 0x000002177bb1ba40, 0x000002177bb1ca30, 0x000002177bb1afa0
}

Java Threads: ( => current thread )
  0x0000021757615710 JavaThread "main" [_thread_blocked, id=25956, stack(0x000000943fd00000,0x000000943fe00000)]
  0x000002177a6ca510 JavaThread "Reference Handler" daemon [_thread_blocked, id=17448, stack(0x0000009440400000,0x0000009440500000)]
  0x000002177a6cd2f0 JavaThread "Finalizer" daemon [_thread_blocked, id=13872, stack(0x0000009440500000,0x0000009440600000)]
  0x000002177a6d6790 JavaThread "Signal Dispatcher" daemon [_thread_blocked, id=23456, stack(0x0000009440600000,0x0000009440700000)]
  0x000002177a6d72a0 JavaThread "Attach Listener" daemon [_thread_blocked, id=19520, stack(0x0000009440700000,0x0000009440800000)]
  0x000002177a6d9cc0 JavaThread "Service Thread" daemon [_thread_blocked, id=24448, stack(0x0000009440800000,0x0000009440900000)]
  0x000002177a6dabe0 JavaThread "Monitor Deflation Thread" daemon [_thread_blocked, id=25688, stack(0x0000009440900000,0x0000009440a00000)]
  0x000002177a6ded20 JavaThread "C2 CompilerThread0" daemon [_thread_blocked, id=24640, stack(0x0000009440a00000,0x0000009440b00000)]
  0x000002177a6e9740 JavaThread "C1 CompilerThread0" daemon [_thread_blocked, id=24232, stack(0x0000009440b00000,0x0000009440c00000)]
  0x000002177a6ec0a0 JavaThread "Sweeper thread" daemon [_thread_blocked, id=8208, stack(0x0000009440c00000,0x0000009440d00000)]
  0x00000217576de3a0 JavaThread "Common-Cleaner" daemon [_thread_blocked, id=26620, stack(0x0000009440d00000,0x0000009440e00000)]
  0x000002177b408530 JavaThread "Monitor Ctrl-Break" daemon [_thread_in_native, id=16424, stack(0x0000009441000000,0x0000009441100000)]
  0x000002177b408a50 JavaThread "Notification Thread" daemon [_thread_blocked, id=21656, stack(0x0000009441100000,0x0000009441200000)]
  0x000002177b6e6750 JavaThread "QuantumRenderer-0" daemon [_thread_blocked, id=25000, stack(0x0000009441300000,0x0000009441400000)]
  0x000002177b76dac0 JavaThread "InvokeLaterDispatcher" daemon [_thread_blocked, id=24572, stack(0x0000009441500000,0x0000009441600000)]
  0x000002177b75a060 JavaThread "JavaFX Application Thread" [_thread_blocked, id=15084, stack(0x0000009441600000,0x0000009441700000)]
  0x000002177bb1b4f0 JavaThread "Thread-1" daemon [_thread_in_native, id=13456, stack(0x0000009440e00000,0x0000009440f00000)]
  0x000002177bb1ba40 JavaThread "JavaFX-Launcher" [_thread_blocked, id=18980, stack(0x0000009440f00000,0x0000009441000000)]
  0x000002177bb1ca30 JavaThread "Prism Font Disposer" daemon [_thread_blocked, id=21232, stack(0x0000009442100000,0x0000009442200000)]
  0x000002177bb1afa0 JavaThread "Cleaner-0" daemon [_thread_blocked, id=16348, stack(0x0000009442300000,0x0000009442400000)]

Other Threads:
=>0x000002177a6c55b0 VMThread "VM Thread" [stack: 0x0000009440300000,0x0000009440400000] [id=4552]
  0x00000217555ce820 GCTaskThread "GC Thread#0" [stack: 0x000000943fe00000,0x000000943ff00000] [id=24004]
  0x000002177bbeae10 GCTaskThread "GC Thread#1" [stack: 0x0000009441800000,0x0000009441900000] [id=17808]
  0x000002177bbeb740 GCTaskThread "GC Thread#2" [stack: 0x0000009441900000,0x0000009441a00000] [id=6784]
  0x000002177bbec9a0 GCTaskThread "GC Thread#3" [stack: 0x0000009441a00000,0x0000009441b00000] [id=25752]
  0x000002177bbea7f0 GCTaskThread "GC Thread#4" [stack: 0x0000009441b00000,0x0000009441c00000] [id=6496]
  0x000002177bbea4e0 GCTaskThread "GC Thread#5" [stack: 0x0000009441c00000,0x0000009441d00000] [id=25756]
  0x0000021757671cf0 ConcurrentGCThread "G1 Main Marker" terminated
  0x0000021757673680 ConcurrentGCThread "G1 Conc#0" [stack: 0x0000009440000000,0x0000009440100000] [id=25200]
  0x000002177a5824d0 ConcurrentGCThread "G1 Refine#0" terminated
  0x000002177a582e60 ConcurrentGCThread "G1 Service" terminated

Threads with active compile tasks:

VM state: at safepoint (shutting down)

VM Mutex/Monitor currently owned by a thread:  ([mutex/lock_event])
[0x00000217576110f0] Threads_lock - owner thread: 0x000002177a6c55b0
[0x0000021757610760] Heap_lock - owner thread: 0x000002177b75a060

Heap address: 0x0000000701000000, size: 4080 MB, Compressed Oops mode: Zero based, Oop shift amount: 3
CDS archive(s) mapped at: [0x0000000800000000-0x0000000800bb0000-0x0000000800bb0000), size 12255232, SharedBaseAddress: 0x0000000800000000, ArchiveRelocationMode: 0.
Compressed class space mapped at: 0x0000000800c00000-0x0000000840c00000, reserved size: 1073741824
Narrow klass base: 0x0000000800000000, Narrow klass shift: 3, Narrow klass range: 0x100000000

GC Precious Log:
 CPUs: 12 total, 12 available
 Memory: 16319M
 Large Page Support: Disabled
 NUMA Support: Disabled
 Compressed Oops: Enabled (Zero based)
 Heap Region Size: 2M
 Heap Min Capacity: 8M
 Heap Initial Capacity: 256M
 Heap Max Capacity: 4080M
 Pre-touch: Disabled
 Parallel Workers: 10
 Concurrent Workers: 3
 Concurrent Refinement Workers: 10
 Periodic GC: Disabled

Heap:
 garbage-first heap   total 262144K, used 31587K [0x0000000701000000, 0x0000000800000000)
  region size 2048K, 17 young (34816K), 2 survivors (4096K)
 Metaspace       used 13108K, committed 13312K, reserved 1064960K
  class space    used 1688K, committed 1792K, reserved 1048576K

Heap Regions: E=young(eden), S=young(survivor), O=old, HS=humongous(starts), HC=humongous(continues), CS=collection set, F=free, OA=open archive, CA=closed archive, TAMS=top-at-mark-start (previous, next)
|   0|0x0000000701000000, 0x0000000701200000, 0x0000000701200000|100%|HS|  |TAMS 0x0000000701000000, 0x0000000701000000| Complete 
|   1|0x0000000701200000, 0x0000000701200000, 0x0000000701400000|  0%| F|  |TAMS 0x0000000701200000, 0x0000000701200000| Untracked 
|   2|0x0000000701400000, 0x0000000701400000, 0x0000000701600000|  0%| F|  |TAMS 0x0000000701400000, 0x0000000701400000| Untracked 
|   3|0x0000000701600000, 0x0000000701600000, 0x0000000701800000|  0%| F|  |TAMS 0x0000000701600000, 0x0000000701600000| Untracked 
|   4|0x0000000701800000, 0x0000000701800000, 0x0000000701a00000|  0%| F|  |TAMS 0x0000000701800000, 0x0000000701800000| Untracked 
|   5|0x0000000701a00000, 0x0000000701a00000, 0x0000000701c00000|  0%| F|  |TAMS 0x0000000701a00000, 0x0000000701a00000| Untracked 
|   6|0x0000000701c00000, 0x0000000701c00000, 0x0000000701e00000|  0%| F|  |TAMS 0x0000000701c00000, 0x0000000701c00000| Untracked 
|   7|0x0000000701e00000, 0x0000000701e00000, 0x0000000702000000|  0%| F|  |TAMS 0x0000000701e00000, 0x0000000701e00000| Untracked 
|   8|0x0000000702000000, 0x0000000702000000, 0x0000000702200000|  0%| F|  |TAMS 0x0000000702000000, 0x0000000702000000| Untracked 
|   9|0x0000000702200000, 0x0000000702200000, 0x0000000702400000|  0%| F|  |TAMS 0x0000000702200000, 0x0000000702200000| Untracked 
|  10|0x0000000702400000, 0x0000000702400000, 0x0000000702600000|  0%| F|  |TAMS 0x0000000702400000, 0x0000000702400000| Untracked 
|  11|0x0000000702600000, 0x0000000702600000, 0x0000000702800000|  0%| F|  |TAMS 0x0000000702600000, 0x0000000702600000| Untracked 
|  12|0x0000000702800000, 0x0000000702800000, 0x0000000702a00000|  0%| F|  |TAMS 0x0000000702800000, 0x0000000702800000| Untracked 
|  13|0x0000000702a00000, 0x0000000702a00000, 0x0000000702c00000|  0%| F|  |TAMS 0x0000000702a00000, 0x0000000702a00000| Untracked 
|  14|0x0000000702c00000, 0x0000000702c00000, 0x0000000702e00000|  0%| F|  |TAMS 0x0000000702c00000, 0x0000000702c00000| Untracked 
|  15|0x0000000702e00000, 0x0000000702e00000, 0x0000000703000000|  0%| F|  |TAMS 0x0000000702e00000, 0x0000000702e00000| Untracked 
|  16|0x0000000703000000, 0x0000000703000000, 0x0000000703200000|  0%| F|  |TAMS 0x0000000703000000, 0x0000000703000000| Untracked 
|  17|0x0000000703200000, 0x0000000703200000, 0x0000000703400000|  0%| F|  |TAMS 0x0000000703200000, 0x0000000703200000| Untracked 
|  18|0x0000000703400000, 0x0000000703400000, 0x0000000703600000|  0%| F|  |TAMS 0x0000000703400000, 0x0000000703400000| Untracked 
|  19|0x0000000703600000, 0x0000000703600000, 0x0000000703800000|  0%| F|  |TAMS 0x0000000703600000, 0x0000000703600000| Untracked 
|  20|0x0000000703800000, 0x0000000703800000, 0x0000000703a00000|  0%| F|  |TAMS 0x0000000703800000, 0x0000000703800000| Untracked 
|  21|0x0000000703a00000, 0x0000000703a00000, 0x0000000703c00000|  0%| F|  |TAMS 0x0000000703a00000, 0x0000000703a00000| Untracked 
|  22|0x0000000703c00000, 0x0000000703c00000, 0x0000000703e00000|  0%| F|  |TAMS 0x0000000703c00000, 0x0000000703c00000| Untracked 
|  23|0x0000000703e00000, 0x0000000703e00000, 0x0000000704000000|  0%| F|  |TAMS 0x0000000703e00000, 0x0000000703e00000| Untracked 
|  24|0x0000000704000000, 0x0000000704000000, 0x0000000704200000|  0%| F|  |TAMS 0x0000000704000000, 0x0000000704000000| Untracked 
|  25|0x0000000704200000, 0x0000000704200000, 0x0000000704400000|  0%| F|  |TAMS 0x0000000704200000, 0x0000000704200000| Untracked 
|  26|0x0000000704400000, 0x0000000704400000, 0x0000000704600000|  0%| F|  |TAMS 0x0000000704400000, 0x0000000704400000| Untracked 
|  27|0x0000000704600000, 0x0000000704600000, 0x0000000704800000|  0%| F|  |TAMS 0x0000000704600000, 0x0000000704600000| Untracked 
|  28|0x0000000704800000, 0x0000000704800000, 0x0000000704a00000|  0%| F|  |TAMS 0x0000000704800000, 0x0000000704800000| Untracked 
|  29|0x0000000704a00000, 0x0000000704a00000, 0x0000000704c00000|  0%| F|  |TAMS 0x0000000704a00000, 0x0000000704a00000| Untracked 
|  30|0x0000000704c00000, 0x0000000704c00000, 0x0000000704e00000|  0%| F|  |TAMS 0x0000000704c00000, 0x0000000704c00000| Untracked 
|  31|0x0000000704e00000, 0x0000000704e00000, 0x0000000705000000|  0%| F|  |TAMS 0x0000000704e00000, 0x0000000704e00000| Untracked 
|  32|0x0000000705000000, 0x0000000705000000, 0x0000000705200000|  0%| F|  |TAMS 0x0000000705000000, 0x0000000705000000| Untracked 
|  33|0x0000000705200000, 0x0000000705200000, 0x0000000705400000|  0%| F|  |TAMS 0x0000000705200000, 0x0000000705200000| Untracked 
|  34|0x0000000705400000, 0x0000000705400000, 0x0000000705600000|  0%| F|  |TAMS 0x0000000705400000, 0x0000000705400000| Untracked 
|  35|0x0000000705600000, 0x0000000705600000, 0x0000000705800000|  0%| F|  |TAMS 0x0000000705600000, 0x0000000705600000| Untracked 
|  36|0x0000000705800000, 0x0000000705800000, 0x0000000705a00000|  0%| F|  |TAMS 0x0000000705800000, 0x0000000705800000| Untracked 
|  37|0x0000000705a00000, 0x0000000705a00000, 0x0000000705c00000|  0%| F|  |TAMS 0x0000000705a00000, 0x0000000705a00000| Untracked 
|  38|0x0000000705c00000, 0x0000000705c00000, 0x0000000705e00000|  0%| F|  |TAMS 0x0000000705c00000, 0x0000000705c00000| Untracked 
|  39|0x0000000705e00000, 0x0000000705e00000, 0x0000000706000000|  0%| F|  |TAMS 0x0000000705e00000, 0x0000000705e00000| Untracked 
|  40|0x0000000706000000, 0x0000000706000000, 0x0000000706200000|  0%| F|  |TAMS 0x0000000706000000, 0x0000000706000000| Untracked 
|  41|0x0000000706200000, 0x0000000706200000, 0x0000000706400000|  0%| F|  |TAMS 0x0000000706200000, 0x0000000706200000| Untracked 
|  42|0x0000000706400000, 0x0000000706400000, 0x0000000706600000|  0%| F|  |TAMS 0x0000000706400000, 0x0000000706400000| Untracked 
|  43|0x0000000706600000, 0x0000000706600000, 0x0000000706800000|  0%| F|  |TAMS 0x0000000706600000, 0x0000000706600000| Untracked 
|  44|0x0000000706800000, 0x0000000706800000, 0x0000000706a00000|  0%| F|  |TAMS 0x0000000706800000, 0x0000000706800000| Untracked 
|  45|0x0000000706a00000, 0x0000000706a00000, 0x0000000706c00000|  0%| F|  |TAMS 0x0000000706a00000, 0x0000000706a00000| Untracked 
|  46|0x0000000706c00000, 0x0000000706c00000, 0x0000000706e00000|  0%| F|  |TAMS 0x0000000706c00000, 0x0000000706c00000| Untracked 
|  47|0x0000000706e00000, 0x0000000706e00000, 0x0000000707000000|  0%| F|  |TAMS 0x0000000706e00000, 0x0000000706e00000| Untracked 
|  48|0x0000000707000000, 0x0000000707000000, 0x0000000707200000|  0%| F|  |TAMS 0x0000000707000000, 0x0000000707000000| Untracked 
|  49|0x0000000707200000, 0x0000000707200000, 0x0000000707400000|  0%| F|  |TAMS 0x0000000707200000, 0x0000000707200000| Untracked 
|  50|0x0000000707400000, 0x0000000707400000, 0x0000000707600000|  0%| F|  |TAMS 0x0000000707400000, 0x0000000707400000| Untracked 
|  51|0x0000000707600000, 0x0000000707600000, 0x0000000707800000|  0%| F|  |TAMS 0x0000000707600000, 0x0000000707600000| Untracked 
|  52|0x0000000707800000, 0x0000000707800000, 0x0000000707a00000|  0%| F|  |TAMS 0x0000000707800000, 0x0000000707800000| Untracked 
|  53|0x0000000707a00000, 0x0000000707a00000, 0x0000000707c00000|  0%| F|  |TAMS 0x0000000707a00000, 0x0000000707a00000| Untracked 
|  54|0x0000000707c00000, 0x0000000707c00000, 0x0000000707e00000|  0%| F|  |TAMS 0x0000000707c00000, 0x0000000707c00000| Untracked 
|  55|0x0000000707e00000, 0x0000000707e00000, 0x0000000708000000|  0%| F|  |TAMS 0x0000000707e00000, 0x0000000707e00000| Untracked 
|  56|0x0000000708000000, 0x0000000708000000, 0x0000000708200000|  0%| F|  |TAMS 0x0000000708000000, 0x0000000708000000| Untracked 
|  57|0x0000000708200000, 0x0000000708200000, 0x0000000708400000|  0%| F|  |TAMS 0x0000000708200000, 0x0000000708200000| Untracked 
|  58|0x0000000708400000, 0x0000000708400000, 0x0000000708600000|  0%| F|  |TAMS 0x0000000708400000, 0x0000000708400000| Untracked 
|  59|0x0000000708600000, 0x0000000708600000, 0x0000000708800000|  0%| F|  |TAMS 0x0000000708600000, 0x0000000708600000| Untracked 
|  60|0x0000000708800000, 0x0000000708800000, 0x0000000708a00000|  0%| F|  |TAMS 0x0000000708800000, 0x0000000708800000| Untracked 
|  61|0x0000000708a00000, 0x0000000708a00000, 0x0000000708c00000|  0%| F|  |TAMS 0x0000000708a00000, 0x0000000708a00000| Untracked 
|  62|0x0000000708c00000, 0x0000000708c00000, 0x0000000708e00000|  0%| F|  |TAMS 0x0000000708c00000, 0x0000000708c00000| Untracked 
|  63|0x0000000708e00000, 0x0000000708e00000, 0x0000000709000000|  0%| F|  |TAMS 0x0000000708e00000, 0x0000000708e00000| Untracked 
|  64|0x0000000709000000, 0x0000000709000000, 0x0000000709200000|  0%| F|  |TAMS 0x0000000709000000, 0x0000000709000000| Untracked 
|  65|0x0000000709200000, 0x0000000709200000, 0x0000000709400000|  0%| F|  |TAMS 0x0000000709200000, 0x0000000709200000| Untracked 
|  66|0x0000000709400000, 0x0000000709400000, 0x0000000709600000|  0%| F|  |TAMS 0x0000000709400000, 0x0000000709400000| Untracked 
|  67|0x0000000709600000, 0x0000000709600000, 0x0000000709800000|  0%| F|  |TAMS 0x0000000709600000, 0x0000000709600000| Untracked 
|  68|0x0000000709800000, 0x0000000709800000, 0x0000000709a00000|  0%| F|  |TAMS 0x0000000709800000, 0x0000000709800000| Untracked 
|  69|0x0000000709a00000, 0x0000000709a00000, 0x0000000709c00000|  0%| F|  |TAMS 0x0000000709a00000, 0x0000000709a00000| Untracked 
|  70|0x0000000709c00000, 0x0000000709c00000, 0x0000000709e00000|  0%| F|  |TAMS 0x0000000709c00000, 0x0000000709c00000| Untracked 
|  71|0x0000000709e00000, 0x0000000709e00000, 0x000000070a000000|  0%| F|  |TAMS 0x0000000709e00000, 0x0000000709e00000| Untracked 
|  72|0x000000070a000000, 0x000000070a000000, 0x000000070a200000|  0%| F|  |TAMS 0x000000070a000000, 0x000000070a000000| Untracked 
|  73|0x000000070a200000, 0x000000070a200000, 0x000000070a400000|  0%| F|  |TAMS 0x000000070a200000, 0x000000070a200000| Untracked 
|  74|0x000000070a400000, 0x000000070a400000, 0x000000070a600000|  0%| F|  |TAMS 0x000000070a400000, 0x000000070a400000| Untracked 
|  75|0x000000070a600000, 0x000000070a600000, 0x000000070a800000|  0%| F|  |TAMS 0x000000070a600000, 0x000000070a600000| Untracked 
|  76|0x000000070a800000, 0x000000070a800000, 0x000000070aa00000|  0%| F|  |TAMS 0x000000070a800000, 0x000000070a800000| Untracked 
|  77|0x000000070aa00000, 0x000000070aa00000, 0x000000070ac00000|  0%| F|  |TAMS 0x000000070aa00000, 0x000000070aa00000| Untracked 
|  78|0x000000070ac00000, 0x000000070ac00000, 0x000000070ae00000|  0%| F|  |TAMS 0x000000070ac00000, 0x000000070ac00000| Untracked 
|  79|0x000000070ae00000, 0x000000070ae00000, 0x000000070b000000|  0%| F|  |TAMS 0x000000070ae00000, 0x000000070ae00000| Untracked 
|  80|0x000000070b000000, 0x000000070b000000, 0x000000070b200000|  0%| F|  |TAMS 0x000000070b000000, 0x000000070b000000| Untracked 
|  81|0x000000070b200000, 0x000000070b200000, 0x000000070b400000|  0%| F|  |TAMS 0x000000070b200000, 0x000000070b200000| Untracked 
|  82|0x000000070b400000, 0x000000070b400000, 0x000000070b600000|  0%| F|  |TAMS 0x000000070b400000, 0x000000070b400000| Untracked 
|  83|0x000000070b600000, 0x000000070b600000, 0x000000070b800000|  0%| F|  |TAMS 0x000000070b600000, 0x000000070b600000| Untracked 
|  84|0x000000070b800000, 0x000000070b800000, 0x000000070ba00000|  0%| F|  |TAMS 0x000000070b800000, 0x000000070b800000| Untracked 
|  85|0x000000070ba00000, 0x000000070ba00000, 0x000000070bc00000|  0%| F|  |TAMS 0x000000070ba00000, 0x000000070ba00000| Untracked 
|  86|0x000000070bc00000, 0x000000070bc00000, 0x000000070be00000|  0%| F|  |TAMS 0x000000070bc00000, 0x000000070bc00000| Untracked 
|  87|0x000000070be00000, 0x000000070be00000, 0x000000070c000000|  0%| F|  |TAMS 0x000000070be00000, 0x000000070be00000| Untracked 
|  88|0x000000070c000000, 0x000000070c000000, 0x000000070c200000|  0%| F|  |TAMS 0x000000070c000000, 0x000000070c000000| Untracked 
|  89|0x000000070c200000, 0x000000070c200000, 0x000000070c400000|  0%| F|  |TAMS 0x000000070c200000, 0x000000070c200000| Untracked 
|  90|0x000000070c400000, 0x000000070c400000, 0x000000070c600000|  0%| F|  |TAMS 0x000000070c400000, 0x000000070c400000| Untracked 
|  91|0x000000070c600000, 0x000000070c600000, 0x000000070c800000|  0%| F|  |TAMS 0x000000070c600000, 0x000000070c600000| Untracked 
|  92|0x000000070c800000, 0x000000070c800000, 0x000000070ca00000|  0%| F|  |TAMS 0x000000070c800000, 0x000000070c800000| Untracked 
|  93|0x000000070ca00000, 0x000000070ca00000, 0x000000070cc00000|  0%| F|  |TAMS 0x000000070ca00000, 0x000000070ca00000| Untracked 
|  94|0x000000070cc00000, 0x000000070cc00000, 0x000000070ce00000|  0%| F|  |TAMS 0x000000070cc00000, 0x000000070cc00000| Untracked 
|  95|0x000000070ce00000, 0x000000070ce00000, 0x000000070d000000|  0%| F|  |TAMS 0x000000070ce00000, 0x000000070ce00000| Untracked 
|  96|0x000000070d000000, 0x000000070d000000, 0x000000070d200000|  0%| F|  |TAMS 0x000000070d000000, 0x000000070d000000| Untracked 
|  97|0x000000070d200000, 0x000000070d200000, 0x000000070d400000|  0%| F|  |TAMS 0x000000070d200000, 0x000000070d200000| Untracked 
|  98|0x000000070d400000, 0x000000070d400000, 0x000000070d600000|  0%| F|  |TAMS 0x000000070d400000, 0x000000070d400000| Untracked 
|  99|0x000000070d600000, 0x000000070d600000, 0x000000070d800000|  0%| F|  |TAMS 0x000000070d600000, 0x000000070d600000| Untracked 
| 100|0x000000070d800000, 0x000000070d800000, 0x000000070da00000|  0%| F|  |TAMS 0x000000070d800000, 0x000000070d800000| Untracked 
| 101|0x000000070da00000, 0x000000070da00000, 0x000000070dc00000|  0%| F|  |TAMS 0x000000070da00000, 0x000000070da00000| Untracked 
| 102|0x000000070dc00000, 0x000000070dc00000, 0x000000070de00000|  0%| F|  |TAMS 0x000000070dc00000, 0x000000070dc00000| Untracked 
| 103|0x000000070de00000, 0x000000070de00000, 0x000000070e000000|  0%| F|  |TAMS 0x000000070de00000, 0x000000070de00000| Untracked 
| 104|0x000000070e000000, 0x000000070e000000, 0x000000070e200000|  0%| F|  |TAMS 0x000000070e000000, 0x000000070e000000| Untracked 
| 105|0x000000070e200000, 0x000000070e200000, 0x000000070e400000|  0%| F|  |TAMS 0x000000070e200000, 0x000000070e200000| Untracked 
| 106|0x000000070e400000, 0x000000070e400000, 0x000000070e600000|  0%| F|  |TAMS 0x000000070e400000, 0x000000070e400000| Untracked 
| 107|0x000000070e600000, 0x000000070e600000, 0x000000070e800000|  0%| F|  |TAMS 0x000000070e600000, 0x000000070e600000| Untracked 
| 108|0x000000070e800000, 0x000000070e800000, 0x000000070ea00000|  0%| F|  |TAMS 0x000000070e800000, 0x000000070e800000| Untracked 
| 109|0x000000070ea00000, 0x000000070ea00000, 0x000000070ec00000|  0%| F|  |TAMS 0x000000070ea00000, 0x000000070ea00000| Untracked 
| 110|0x000000070ec00000, 0x000000070ec00000, 0x000000070ee00000|  0%| F|  |TAMS 0x000000070ec00000, 0x000000070ec00000| Untracked 
| 111|0x000000070ee00000, 0x000000070ef0f450, 0x000000070f000000| 52%| E|  |TAMS 0x000000070ee00000, 0x000000070ee00000| Complete 
| 112|0x000000070f000000, 0x000000070f200000, 0x000000070f200000|100%| E|CS|TAMS 0x000000070f000000, 0x000000070f000000| Complete 
| 113|0x000000070f200000, 0x000000070f400000, 0x000000070f400000|100%| E|CS|TAMS 0x000000070f200000, 0x000000070f200000| Complete 
| 114|0x000000070f400000, 0x000000070f600000, 0x000000070f600000|100%| E|CS|TAMS 0x000000070f400000, 0x000000070f400000| Complete 
| 115|0x000000070f600000, 0x000000070f6d8ea0, 0x000000070f800000| 42%| S|CS|TAMS 0x000000070f600000, 0x000000070f600000| Complete 
| 116|0x000000070f800000, 0x000000070fa00000, 0x000000070fa00000|100%| S|CS|TAMS 0x000000070f800000, 0x000000070f800000| Complete 
| 117|0x000000070fa00000, 0x000000070fc00000, 0x000000070fc00000|100%| E|CS|TAMS 0x000000070fa00000, 0x000000070fa00000| Complete 
| 118|0x000000070fc00000, 0x000000070fe00000, 0x000000070fe00000|100%| E|CS|TAMS 0x000000070fc00000, 0x000000070fc00000| Complete 
| 119|0x000000070fe00000, 0x0000000710000000, 0x0000000710000000|100%| E|CS|TAMS 0x000000070fe00000, 0x000000070fe00000| Complete 
| 120|0x0000000710000000, 0x0000000710200000, 0x0000000710200000|100%| E|CS|TAMS 0x0000000710000000, 0x0000000710000000| Complete 
| 121|0x0000000710200000, 0x0000000710400000, 0x0000000710400000|100%| E|CS|TAMS 0x0000000710200000, 0x0000000710200000| Complete 
| 122|0x0000000710400000, 0x0000000710600000, 0x0000000710600000|100%| E|CS|TAMS 0x0000000710400000, 0x0000000710400000| Complete 
| 123|0x0000000710600000, 0x0000000710800000, 0x0000000710800000|100%| E|CS|TAMS 0x0000000710600000, 0x0000000710600000| Complete 
| 124|0x0000000710800000, 0x0000000710a00000, 0x0000000710a00000|100%| E|CS|TAMS 0x0000000710800000, 0x0000000710800000| Complete 
| 125|0x0000000710a00000, 0x0000000710c00000, 0x0000000710c00000|100%| E|  |TAMS 0x0000000710a00000, 0x0000000710a00000| Complete 
| 126|0x0000000710c00000, 0x0000000710e00000, 0x0000000710e00000|100%| E|CS|TAMS 0x0000000710c00000, 0x0000000710c00000| Complete 
| 127|0x0000000710e00000, 0x0000000711000000, 0x0000000711000000|100%| E|CS|TAMS 0x0000000710e00000, 0x0000000710e00000| Complete 

Card table byte_map: [0x000002176ead0000,0x000002176f2d0000] _byte_map_base: 0x000002176b2c8000

Marking Bits (Prev, Next): (CMBitMap*) 0x0000021757661420, (CMBitMap*) 0x0000021757661460
 Prev Bits: [0x000002176fad0000, 0x0000021773a90000)
 Next Bits: [0x0000021773a90000, 0x0000021777a50000)

Polling page: 0x0000021755460000

Metaspace:

Usage:
  Non-class:     11.15 MB used.
      Class:      1.65 MB used.
       Both:     12.80 MB used.

Virtual space:
  Non-class space:       16.00 MB reserved,      11.25 MB ( 70%) committed,  2 nodes.
      Class space:        1.00 GB reserved,       1.75 MB ( <1%) committed,  1 nodes.
              Both:        1.02 GB reserved,      13.00 MB (  1%) committed. 

Chunk freelists:
   Non-Class:  704.00 KB
       Class:  2.17 MB
        Both:  2.86 MB

MaxMetaspaceSize: 17179869184.00 GB
CompressedClassSpaceSize: 1.00 GB
 - commit_granule_bytes: 65536.
 - commit_granule_words: 8192.
 - virtual_space_node_default_size: 1048576.
 - enlarge_chunks_in_place: 1.
 - new_chunks_are_fully_committed: 0.
 - uncommit_free_chunks: 1.
 - use_allocation_guard: 0.
 - handle_deallocations: 1.


Internal statistics:

num_allocs_failed_limit: 0.
num_arena_births: 194.
num_arena_deaths: 0.
num_vsnodes_births: 3.
num_vsnodes_deaths: 0.
num_space_committed: 208.
num_space_uncommitted: 0.
num_chunks_returned_to_freelist: 0.
num_chunks_taken_from_freelist: 588.
num_chunk_merges: 0.
num_chunk_splits: 403.
num_chunks_enlarged: 312.
num_purges: 0.

CodeHeap 'non-profiled nmethods': size=120000Kb used=844Kb max_used=844Kb free=119155Kb
 bounds [0x0000021766840000, 0x0000021766ab0000, 0x000002176dd70000]
CodeHeap 'profiled nmethods': size=120000Kb used=3562Kb max_used=3562Kb free=116437Kb
 bounds [0x000002175f310000, 0x000002175f690000, 0x0000021766840000]
CodeHeap 'non-nmethods': size=5760Kb used=1433Kb max_used=1555Kb free=4326Kb
 bounds [0x000002175ed70000, 0x000002175efe0000, 0x000002175f310000]
 total_blobs=2844 nmethods=2050 adapters=706
 compilation: enabled
              stopped_count=0, restarted_count=0
 full_count=0

Compilation events (20 events):
Event: 6.400 Thread 0x000002177a6e9740 nmethod 2042 0x000002175f686210 code [0x000002175f6863c0, 0x000002175f686588]
Event: 6.400 Thread 0x000002177a6e9740 2043       3       com.sun.javafx.geom.transform.AffineBase::updateState2D (210 bytes)
Event: 6.401 Thread 0x000002177a6e9740 nmethod 2043 0x000002175f686610 code [0x000002175f686820, 0x000002175f687018]
Event: 6.401 Thread 0x000002177a6e9740 2044       3       com.sun.javafx.geom.transform.Affine3D::almostOne (22 bytes)
Event: 6.401 Thread 0x000002177a6e9740 nmethod 2044 0x000002175f687090 code [0x000002175f687260, 0x000002175f687438]
Event: 6.411 Thread 0x000002177a6ded20 nmethod 2034 0x0000021766908410 code [0x0000021766908840, 0x000002176690a0b0]
Event: 6.411 Thread 0x000002177a6ded20 2035       4       com.sun.javafx.css.StyleMap::getCascadingStyles (384 bytes)
Event: 6.511 Thread 0x000002177a6e9740 2045       3       com.sun.prism.d3d.D3DContext::updateTexture (151 bytes)
Event: 6.513 Thread 0x000002177a6e9740 nmethod 2045 0x000002175f687510 code [0x000002175f6877a0, 0x000002175f6885b8]
Event: 6.513 Thread 0x000002177a6e9740 2047       3       com.sun.prism.d3d.D3DTextureResource::isValid (28 bytes)
Event: 6.513 Thread 0x000002177a6e9740 nmethod 2047 0x000002175f688a10 code [0x000002175f688bc0, 0x000002175f688f18]
Event: 6.516 Thread 0x000002177a6ded20 nmethod 2035 0x000002176690b310 code [0x000002176690b720, 0x0000021766910bb8]
Event: 6.517 Thread 0x000002177a6ded20 2036       4       javafx.css.SizeUnits$1::pixels (8 bytes)
Event: 6.517 Thread 0x000002177a6ded20 nmethod 2036 0x0000021766912f10 code [0x00000217669130c0, 0x0000021766913158]
Event: 6.575 Thread 0x000002177a6e9740 2048       3       javafx.stage.Window$TKBoundsConfigurator::apply (175 bytes)
Event: 6.575 Thread 0x000002177a6e9740 nmethod 2048 0x000002175f689010 code [0x000002175f689220, 0x000002175f689928]
Event: 6.580 Thread 0x000002177a6e9740 2049       3       com.sun.javafx.logging.PlatformLogger::isLoggable (27 bytes)
Event: 6.580 Thread 0x000002177a6e9740 nmethod 2049 0x000002175f689b90 code [0x000002175f689d60, 0x000002175f68a088]
Event: 6.580 Thread 0x000002177a6e9740 2050       3       com.sun.javafx.logging.PlatformLogger::getSystemLoggerLevel (92 bytes)
Event: 6.580 Thread 0x000002177a6e9740 nmethod 2050 0x000002175f68a190 code [0x000002175f68a380, 0x000002175f68a798]

GC Heap History (2 events):
Event: 0.502 GC heap before
{Heap before GC invocations=0 (full 0):
 garbage-first heap   total 262144K, used 22528K [0x0000000701000000, 0x0000000800000000)
  region size 2048K, 11 young (22528K), 0 survivors (0K)
 Metaspace       used 5917K, committed 6144K, reserved 1056768K
  class space    used 669K, committed 768K, reserved 1048576K
}
Event: 0.505 GC heap after
{Heap after GC invocations=1 (full 0):
 garbage-first heap   total 262144K, used 2915K [0x0000000701000000, 0x0000000800000000)
  region size 2048K, 2 young (4096K), 2 survivors (4096K)
 Metaspace       used 5917K, committed 6144K, reserved 1056768K
  class space    used 669K, committed 768K, reserved 1048576K
}

Deoptimization events (20 events):
Event: 0.717 Thread 0x000002177b75a060 Uncommon trap: trap_request=0xffffffde fr.pc=0x00000217668560c8 relative=0x00000000000001a8
Event: 0.717 Thread 0x000002177b75a060 Uncommon trap: reason=class_check action=maybe_recompile pc=0x00000217668560c8 method=java.lang.String.equals(Ljava/lang/Object;)Z @ 8 c2
Event: 0.717 Thread 0x000002177b75a060 DEOPT PACKING pc=0x00000217668560c8 sp=0x00000094416fd320
Event: 0.717 Thread 0x000002177b75a060 DEOPT UNPACKING pc=0x000002175edbd72e sp=0x00000094416fd2c8 mode 2
Event: 0.717 Thread 0x000002177b75a060 Uncommon trap: trap_request=0xffffffde fr.pc=0x00000217668560c8 relative=0x00000000000001a8
Event: 0.717 Thread 0x000002177b75a060 Uncommon trap: reason=class_check action=maybe_recompile pc=0x00000217668560c8 method=java.lang.String.equals(Ljava/lang/Object;)Z @ 8 c2
Event: 0.717 Thread 0x000002177b75a060 DEOPT PACKING pc=0x00000217668560c8 sp=0x00000094416fd320
Event: 0.717 Thread 0x000002177b75a060 DEOPT UNPACKING pc=0x000002175edbd72e sp=0x00000094416fd2c8 mode 2
Event: 0.745 Thread 0x000002177b75a060 Uncommon trap: trap_request=0xffffffde fr.pc=0x00000217668560c8 relative=0x00000000000001a8
Event: 0.745 Thread 0x000002177b75a060 Uncommon trap: reason=class_check action=maybe_recompile pc=0x00000217668560c8 method=java.lang.String.equals(Ljava/lang/Object;)Z @ 8 c2
Event: 0.745 Thread 0x000002177b75a060 DEOPT PACKING pc=0x00000217668560c8 sp=0x00000094416fd120
Event: 0.745 Thread 0x000002177b75a060 DEOPT UNPACKING pc=0x000002175edbd72e sp=0x00000094416fd0c8 mode 2
Event: 0.760 Thread 0x000002177b75a060 Uncommon trap: trap_request=0xffffff45 fr.pc=0x0000021766899b54 relative=0x00000000000001b4
Event: 0.760 Thread 0x000002177b75a060 Uncommon trap: reason=unstable_if action=reinterpret pc=0x0000021766899b54 method=java.io.ByteArrayInputStream.read()I @ 8 c2
Event: 0.760 Thread 0x000002177b75a060 DEOPT PACKING pc=0x0000021766899b54 sp=0x00000094416fc080
Event: 0.760 Thread 0x000002177b75a060 DEOPT UNPACKING pc=0x000002175edbd72e sp=0x00000094416fc038 mode 2
Event: 1.027 Thread 0x000002177a6d72a0 Uncommon trap: trap_request=0xffffff45 fr.pc=0x00000217668a3d30 relative=0x0000000000000f90
Event: 1.027 Thread 0x000002177a6d72a0 Uncommon trap: reason=unstable_if action=reinterpret pc=0x00000217668a3d30 method=java.util.concurrent.ConcurrentHashMap.putVal(Ljava/lang/Object;Ljava/lang/Object;Z)Ljava/lang/Object; @ 148 c2
Event: 1.027 Thread 0x000002177a6d72a0 DEOPT PACKING pc=0x00000217668a3d30 sp=0x00000094407fde80
Event: 1.027 Thread 0x000002177a6d72a0 DEOPT UNPACKING pc=0x000002175edbd72e sp=0x00000094407fde00 mode 2

Classes unloaded (0 events):
No events

Classes redefined (0 events):
No events

Internal exceptions (20 events):
Event: 0.464 Thread 0x000002177bb1ba40 Exception <a 'java/lang/NoSuchMethodError'{0x000000070fd72868}: 'void java.lang.invoke.DirectMethodHandle$Holder.invokeStatic(java.lang.Object, java.lang.Object, java.lang.Object, java.lang.Object)'> (0x000000070fd72868) 
thrown [t:\workspace\open\src\hotspot\share\interpreter\linkResolver.cpp, line 790]
Event: 0.489 Thread 0x000002177b75a060 Exception <a 'sun/nio/fs/WindowsException'{0x000000070fb728a8}> (0x000000070fb728a8) 
thrown [t:\workspace\open\src\hotspot\share\prims\jni.cpp, line 579]
Event: 0.520 Thread 0x000002177b75a060 Exception <a 'java/lang/NoSuchMethodError'{0x0000000710d0e868}: 'java.lang.Object java.lang.invoke.DirectMethodHandle$Holder.invokeStaticInit(java.lang.Object, java.lang.Object, java.lang.Object, java.lang.Object)'> (0x0000000710d0e868) 
thrown [t:\workspace\open\src\hotspot\share\interpreter\linkResolver.cpp, line 790]
Event: 0.521 Thread 0x000002177b75a060 Exception <a 'java/lang/NullPointerException'{0x0000000710d1a930}> (0x0000000710d1a930) 
thrown [t:\workspace\open\src\hotspot\share\interpreter\linkResolver.cpp, line 1385]
Event: 0.525 Thread 0x000002177b75a060 Exception <a 'java/lang/NoSuchMethodError'{0x0000000710d59ff0}: 'void java.lang.invoke.DirectMethodHandle$Holder.invokeSpecial(java.lang.Object, java.lang.Object, java.lang.Object, java.lang.Object, java.lang.Object)'> (0x0000000710d59ff0) 
thrown [t:\workspace\open\src\hotspot\share\interpreter\linkResolver.cpp, line 790]
Event: 0.603 Thread 0x000002177b75a060 Exception <a 'java/lang/NoSuchMethodError'{0x00000007104c3d28}: 'void java.lang.invoke.DirectMethodHandle$Holder.invokeStaticInit(java.lang.Object, java.lang.Object)'> (0x00000007104c3d28) 
thrown [t:\workspace\open\src\hotspot\share\interpreter\linkResolver.cpp, line 790]
Event: 0.621 Thread 0x000002177b75a060 Exception <a 'sun/nio/fs/WindowsException'{0x00000007103306e8}> (0x00000007103306e8) 
thrown [t:\workspace\open\src\hotspot\share\prims\jni.cpp, line 579]
Event: 0.640 Thread 0x000002177b75a060 Implicit null exception at 0x000002176689ad34 to 0x000002176689b230
Event: 0.714 Thread 0x000002177b75a060 Implicit null exception at 0x000002176689a30f to 0x000002176689a75c
Event: 0.738 Thread 0x000002177b75a060 Exception <a 'java/lang/NoSuchMethodError'{0x000000070fcffc60}: 'java.lang.Object java.lang.invoke.DirectMethodHandle$Holder.invokeInterface(java.lang.Object, java.lang.Object, java.lang.Object)'> (0x000000070fcffc60) 
thrown [t:\workspace\open\src\hotspot\share\interpreter\linkResolver.cpp, line 790]
Event: 0.739 Thread 0x000002177b75a060 Exception <a 'java/lang/IncompatibleClassChangeError'{0x000000070fd037e0}: Found class java.lang.Object, but interface was expected> (0x000000070fd037e0) 
thrown [t:\workspace\open\src\hotspot\share\interpreter\linkResolver.cpp, line 857]
Event: 0.771 Thread 0x000002177b75a060 Exception <a 'java/lang/NoSuchMethodError'{0x000000070fa88678}: 'java.lang.Object java.lang.invoke.DirectMethodHandle$Holder.newInvokeSpecial(java.lang.Object, java.lang.Object, int)'> (0x000000070fa88678) 
thrown [t:\workspace\open\src\hotspot\share\interpreter\linkResolver.cpp, line 790]
Event: 0.787 Thread 0x000002177b6e6750 Exception <a 'java/lang/NoSuchMethodError'{0x000000070fb91f90}: 'int java.lang.invoke.DirectMethodHandle$Holder.invokeStaticInit(java.lang.Object, java.lang.Object)'> (0x000000070fb91f90) 
thrown [t:\workspace\open\src\hotspot\share\interpreter\linkResolver.cpp, line 790]
Event: 2.464 Thread 0x000002177b75a060 Exception <a 'java/lang/NoSuchMethodError'{0x000000070f0c7ed8}: 'long java.lang.invoke.DirectMethodHandle$Holder.invokeStatic(java.lang.Object, java.lang.Object, java.lang.Object)'> (0x000000070f0c7ed8) 
thrown [t:\workspace\open\src\hotspot\share\interpreter\linkResolver.cpp, line 790]
Event: 2.464 Thread 0x000002177b75a060 Exception <a 'java/lang/NoSuchMethodError'{0x000000070f0cbad0}: 'long java.lang.invoke.DirectMethodHandle$Holder.invokeStaticInit(java.lang.Object, java.lang.Object, java.lang.Object)'> (0x000000070f0cbad0) 
thrown [t:\workspace\open\src\hotspot\share\interpreter\linkResolver.cpp, line 790]
Event: 2.467 Thread 0x000002177b75a060 Exception <a 'java/lang/NoSuchMethodError'{0x000000070f0e39f0}: 'java.lang.Object java.lang.invoke.DirectMethodHandle$Holder.newInvokeSpecial(java.lang.Object, java.lang.Object, long)'> (0x000000070f0e39f0) 
thrown [t:\workspace\open\src\hotspot\share\interpreter\linkResolver.cpp, line 790]
Event: 2.467 Thread 0x000002177b75a060 Exception <a 'java/lang/NoSuchMethodError'{0x000000070f0e7760}: 'java.lang.Object java.lang.invoke.Invokers$Holder.linkToTargetMethod(java.lang.Object, long, java.lang.Object)'> (0x000000070f0e7760) 
thrown [t:\workspace\open\src\hotspot\share\interpreter\linkResolver.cpp, line 790]
Event: 3.381 Thread 0x000002177b75a060 Exception <a 'java/lang/NoSuchMethodError'{0x000000070f165f10}: 'java.lang.Object java.lang.invoke.DirectMethodHandle$Holder.newInvokeSpecial(java.lang.Object, java.lang.Object, int, int, int, int, int, java.lang.Object)'> (0x000000070f165f10) 
thrown [t:\workspace\open\src\hotspot\share\interpreter\linkResolver.cpp, line 790]
Event: 3.383 Thread 0x000002177b75a060 Exception <a 'java/lang/NoSuchMethodError'{0x000000070f1798d0}: 'java.lang.Object java.lang.invoke.DirectMethodHandle$Holder.newInvokeSpecial(java.lang.Object, java.lang.Object, java.lang.Object, int, int, int, int, int)'> (0x000000070f1798d0) 
thrown [t:\workspace\open\src\hotspot\share\interpreter\linkResolver.cpp, line 790]
Event: 3.384 Thread 0x000002177b75a060 Exception <a 'java/lang/NoSuchMethodError'{0x000000070f181440}: 'java.lang.Object java.lang.invoke.Invokers$Holder.linkToTargetMethod(java.lang.Object, java.lang.Object, int, int, int, int, int, java.lang.Object)'> (0x000000070f181440) 
thrown [t:\workspace\open\src\hotspot\share\interpreter\linkResolver.cpp, line 790]

Events (20 events):
Event: 1.029 loading class sun/util/resources/cldr/TimeZoneNames done
Event: 1.030 loading class sun/util/resources/cldr/TimeZoneNames_en
Event: 1.030 loading class sun/util/resources/cldr/TimeZoneNames_en done
Event: 1.030 loading class sun/util/resources/cldr/TimeZoneNames_en_US
Event: 1.030 loading class sun/util/resources/cldr/TimeZoneNames_en_US done
Event: 1.566 Executing  VM operation: Cleanup
Event: 1.567 Executing  VM operation: Cleanup done
Event: 2.431 loading class java/io/UnsupportedEncodingException
Event: 2.432 loading class java/io/UnsupportedEncodingException done
Event: 3.567 Executing  VM operation: Cleanup
Event: 3.567 Executing  VM operation: Cleanup done
Event: 4.567 Executing  VM operation: Cleanup
Event: 4.568 Executing  VM operation: Cleanup done
Event: 6.568 Executing  VM operation: Cleanup
Event: 6.569 Executing  VM operation: Cleanup done
Event: 6.586 Thread 0x000002177bb1a500 Thread added: 0x000002177bb1a500
Event: 6.586 Thread 0x000002177bb1d4d0 Thread added: 0x000002177bb1d4d0
Event: 6.586 Thread 0x000002177bb1d4d0 Thread exited: 0x000002177bb1d4d0
Event: 6.587 Thread 0x000002177bb1a500 Thread exited: 0x000002177bb1a500
Event: 6.587 Executing  VM operation: Exit


Dynamic libraries:
0x00007ff72ac20000 - 0x00007ff72ac2e000 	C:\Users\Ryan Hatamosa\.jdks\openjdk-16\bin\java.exe
0x00007ffb170c0000 - 0x00007ffb172b0000 	C:\WINDOWS\SYSTEM32\ntdll.dll
0x00007ffb15600000 - 0x00007ffb156b2000 	C:\WINDOWS\System32\KERNEL32.DLL
0x00007ffb14460000 - 0x00007ffb14705000 	C:\WINDOWS\System32\KERNELBASE.dll
0x00007ffb14360000 - 0x00007ffb1445a000 	C:\WINDOWS\System32\ucrtbase.dll
0x00007ffb0b930000 - 0x00007ffb0b948000 	C:\Users\Ryan Hatamosa\.jdks\openjdk-16\bin\jli.dll
0x00007ffb0b950000 - 0x00007ffb0b969000 	C:\Users\Ryan Hatamosa\.jdks\openjdk-16\bin\VCRUNTIME140.dll
0x00007ffb16130000 - 0x00007ffb162c4000 	C:\WINDOWS\System32\USER32.dll
0x00007ffb14030000 - 0x00007ffb14051000 	C:\WINDOWS\System32\win32u.dll
0x00007ffafac60000 - 0x00007ffafaee4000 	C:\WINDOWS\WinSxS\amd64_microsoft.windows.common-controls_6595b64144ccf1df_6.0.18362.1440_none_9e7dbfb9e45e8e67\COMCTL32.dll
0x00007ffb15ce0000 - 0x00007ffb15d06000 	C:\WINDOWS\System32\GDI32.dll
0x00007ffb15d10000 - 0x00007ffb15dae000 	C:\WINDOWS\System32\msvcrt.dll
0x00007ffb14060000 - 0x00007ffb141f8000 	C:\WINDOWS\System32\gdi32full.dll
0x00007ffb14200000 - 0x00007ffb1429e000 	C:\WINDOWS\System32\msvcp_win.dll
0x00007ffb15df0000 - 0x00007ffb16126000 	C:\WINDOWS\System32\combase.dll
0x00007ffb16f60000 - 0x00007ffb1707f000 	C:\WINDOWS\System32\RPCRT4.dll
0x00007ffb142d0000 - 0x00007ffb14351000 	C:\WINDOWS\System32\bcryptPrimitives.dll
0x00007ffb15dc0000 - 0x00007ffb15dee000 	C:\WINDOWS\System32\IMM32.DLL
0x00007ffb10860000 - 0x00007ffb1086c000 	C:\Users\Ryan Hatamosa\.jdks\openjdk-16\bin\vcruntime140_1.dll
0x00007ffb09e40000 - 0x00007ffb09ed1000 	C:\Users\Ryan Hatamosa\.jdks\openjdk-16\bin\msvcp140.dll
0x00007ffacaca0000 - 0x00007ffacb84b000 	C:\Users\Ryan Hatamosa\.jdks\openjdk-16\bin\server\jvm.dll
0x00007ffb157f0000 - 0x00007ffb15893000 	C:\WINDOWS\System32\ADVAPI32.dll
0x00007ffb15750000 - 0x00007ffb157e7000 	C:\WINDOWS\System32\sechost.dll
0x00007ffb15ab0000 - 0x00007ffb15ab8000 	C:\WINDOWS\System32\PSAPI.DLL
0x00007ffb0d870000 - 0x00007ffb0d879000 	C:\WINDOWS\SYSTEM32\WSOCK32.dll
0x00007ffb10c80000 - 0x00007ffb10ca4000 	C:\WINDOWS\SYSTEM32\WINMM.dll
0x00007ffb0e820000 - 0x00007ffb0e82a000 	C:\WINDOWS\SYSTEM32\VERSION.dll
0x00007ffb15ac0000 - 0x00007ffb15b2f000 	C:\WINDOWS\System32\WS2_32.dll
0x00007ffb10c50000 - 0x00007ffb10c7d000 	C:\WINDOWS\SYSTEM32\winmmbase.dll
0x00007ffb15120000 - 0x00007ffb1516a000 	C:\WINDOWS\System32\cfgmgr32.dll
0x00007ffb13ff0000 - 0x00007ffb14001000 	C:\WINDOWS\System32\kernel.appcore.dll
0x00007ffb10830000 - 0x00007ffb1083a000 	C:\Users\Ryan Hatamosa\.jdks\openjdk-16\bin\jimage.dll
0x00007ffb07060000 - 0x00007ffb07254000 	C:\WINDOWS\SYSTEM32\DBGHELP.DLL
0x00007ffb064c0000 - 0x00007ffb064ea000 	C:\WINDOWS\SYSTEM32\dbgcore.DLL
0x00007ffb0b8e0000 - 0x00007ffb0b8ee000 	C:\Users\Ryan Hatamosa\.jdks\openjdk-16\bin\instrument.dll
0x00007ffb0b900000 - 0x00007ffb0b925000 	C:\Users\Ryan Hatamosa\.jdks\openjdk-16\bin\java.dll
0x00007ffb16810000 - 0x00007ffb16ef8000 	C:\WINDOWS\System32\SHELL32.dll
0x00007ffb15470000 - 0x00007ffb15517000 	C:\WINDOWS\System32\shcore.dll
0x00007ffb14710000 - 0x00007ffb14e8b000 	C:\WINDOWS\System32\windows.storage.dll
0x00007ffb14010000 - 0x00007ffb1402e000 	C:\WINDOWS\System32\profapi.dll
0x00007ffb13f80000 - 0x00007ffb13fca000 	C:\WINDOWS\System32\powrprof.dll
0x00007ffb13f70000 - 0x00007ffb13f80000 	C:\WINDOWS\System32\UMPDC.dll
0x00007ffb15410000 - 0x00007ffb15462000 	C:\WINDOWS\System32\shlwapi.dll
0x00007ffb14fa0000 - 0x00007ffb14fb7000 	C:\WINDOWS\System32\cryptsp.dll
0x00007ffb0a7c0000 - 0x00007ffb0a7d9000 	C:\Users\Ryan Hatamosa\.jdks\openjdk-16\bin\net.dll
0x00007ffb0d540000 - 0x00007ffb0d63a000 	C:\WINDOWS\SYSTEM32\WINHTTP.dll
0x00007ffb13760000 - 0x00007ffb137c7000 	C:\WINDOWS\system32\mswsock.dll
0x00007ffb0a7a0000 - 0x00007ffb0a7b3000 	C:\Users\Ryan Hatamosa\.jdks\openjdk-16\bin\nio.dll
0x00007ffb066a0000 - 0x00007ffb066b8000 	C:\Users\Ryan Hatamosa\.jdks\openjdk-16\bin\zip.dll
0x00007ffb05ca0000 - 0x00007ffb05cba000 	C:\Users\Ryan Hatamosa\AppData\Local\JetBrains\Toolbox\apps\IDEA-U\ch-0\211.6693.111\bin\breakgen64.dll
0x00000217554c0000 - 0x00000217554c3000 	C:\Users\Ryan Hatamosa\.openjfx\cache\16\api-ms-win-core-console-l1-1-0.dll
0x00000217575a0000 - 0x00000217575a3000 	C:\Users\Ryan Hatamosa\.openjfx\cache\16\api-ms-win-core-console-l1-2-0.dll
0x00000217575b0000 - 0x00000217575b3000 	C:\Users\Ryan Hatamosa\.openjfx\cache\16\api-ms-win-core-datetime-l1-1-0.dll
0x00000217575c0000 - 0x00000217575c3000 	C:\Users\Ryan Hatamosa\.openjfx\cache\16\api-ms-win-core-debug-l1-1-0.dll
0x00000217575d0000 - 0x00000217575d3000 	C:\Users\Ryan Hatamosa\.openjfx\cache\16\api-ms-win-core-errorhandling-l1-1-0.dll
0x000002177bc00000 - 0x000002177bc04000 	C:\Users\Ryan Hatamosa\.openjfx\cache\16\api-ms-win-core-file-l1-1-0.dll
0x000002177bc10000 - 0x000002177bc13000 	C:\Users\Ryan Hatamosa\.openjfx\cache\16\api-ms-win-core-file-l1-2-0.dll
0x000002177bc20000 - 0x000002177bc23000 	C:\Users\Ryan Hatamosa\.openjfx\cache\16\api-ms-win-core-file-l2-1-0.dll
0x000002177bc30000 - 0x000002177bc33000 	C:\Users\Ryan Hatamosa\.openjfx\cache\16\api-ms-win-core-handle-l1-1-0.dll
0x000002177bc40000 - 0x000002177bc43000 	C:\Users\Ryan Hatamosa\.openjfx\cache\16\api-ms-win-core-heap-l1-1-0.dll
0x000002177bc50000 - 0x000002177bc53000 	C:\Users\Ryan Hatamosa\.openjfx\cache\16\api-ms-win-core-interlocked-l1-1-0.dll
0x000002177bc60000 - 0x000002177bc63000 	C:\Users\Ryan Hatamosa\.openjfx\cache\16\api-ms-win-core-libraryloader-l1-1-0.dll
0x000002177bc70000 - 0x000002177bc73000 	C:\Users\Ryan Hatamosa\.openjfx\cache\16\api-ms-win-core-localization-l1-2-0.dll
0x000002177bc80000 - 0x000002177bc83000 	C:\Users\Ryan Hatamosa\.openjfx\cache\16\api-ms-win-core-memory-l1-1-0.dll
0x000002177bc90000 - 0x000002177bc93000 	C:\Users\Ryan Hatamosa\.openjfx\cache\16\api-ms-win-core-namedpipe-l1-1-0.dll
0x000002177bca0000 - 0x000002177bca3000 	C:\Users\Ryan Hatamosa\.openjfx\cache\16\api-ms-win-core-processenvironment-l1-1-0.dll
0x000002177bcb0000 - 0x000002177bcb3000 	C:\Users\Ryan Hatamosa\.openjfx\cache\16\api-ms-win-core-processthreads-l1-1-0.dll
0x000002177bcc0000 - 0x000002177bcc3000 	C:\Users\Ryan Hatamosa\.openjfx\cache\16\api-ms-win-core-processthreads-l1-1-1.dll
0x000002177bcd0000 - 0x000002177bcd3000 	C:\Users\Ryan Hatamosa\.openjfx\cache\16\api-ms-win-core-profile-l1-1-0.dll
0x000002177bce0000 - 0x000002177bce3000 	C:\Users\Ryan Hatamosa\.openjfx\cache\16\api-ms-win-core-rtlsupport-l1-1-0.dll
0x000002177bcf0000 - 0x000002177bcf3000 	C:\Users\Ryan Hatamosa\.openjfx\cache\16\api-ms-win-core-string-l1-1-0.dll
0x000002177bd00000 - 0x000002177bd03000 	C:\Users\Ryan Hatamosa\.openjfx\cache\16\api-ms-win-core-synch-l1-1-0.dll
0x000002177bd10000 - 0x000002177bd13000 	C:\Users\Ryan Hatamosa\.openjfx\cache\16\api-ms-win-core-synch-l1-2-0.dll
0x000002177bd20000 - 0x000002177bd23000 	C:\Users\Ryan Hatamosa\.openjfx\cache\16\api-ms-win-core-sysinfo-l1-1-0.dll
0x000002177bd30000 - 0x000002177bd33000 	C:\Users\Ryan Hatamosa\.openjfx\cache\16\api-ms-win-core-timezone-l1-1-0.dll
0x000002177bd40000 - 0x000002177bd43000 	C:\Users\Ryan Hatamosa\.openjfx\cache\16\api-ms-win-core-util-l1-1-0.dll
0x000002177bd50000 - 0x000002177bd53000 	C:\Users\Ryan Hatamosa\.openjfx\cache\16\api-ms-win-crt-conio-l1-1-0.dll
0x000002177bd60000 - 0x000002177bd64000 	C:\Users\Ryan Hatamosa\.openjfx\cache\16\api-ms-win-crt-convert-l1-1-0.dll
0x000002177bd70000 - 0x000002177bd73000 	C:\Users\Ryan Hatamosa\.openjfx\cache\16\api-ms-win-crt-environment-l1-1-0.dll
0x000002177bd80000 - 0x000002177bd83000 	C:\Users\Ryan Hatamosa\.openjfx\cache\16\api-ms-win-crt-filesystem-l1-1-0.dll
0x000002177bd90000 - 0x000002177bd93000 	C:\Users\Ryan Hatamosa\.openjfx\cache\16\api-ms-win-crt-heap-l1-1-0.dll
0x000002177bda0000 - 0x000002177bda3000 	C:\Users\Ryan Hatamosa\.openjfx\cache\16\api-ms-win-crt-locale-l1-1-0.dll
0x000002177bdb0000 - 0x000002177bdb5000 	C:\Users\Ryan Hatamosa\.openjfx\cache\16\api-ms-win-crt-math-l1-1-0.dll
0x000002177bdc0000 - 0x000002177bdc5000 	C:\Users\Ryan Hatamosa\.openjfx\cache\16\api-ms-win-crt-multibyte-l1-1-0.dll
0x000002177bdd0000 - 0x000002177bde0000 	C:\Users\Ryan Hatamosa\.openjfx\cache\16\api-ms-win-crt-private-l1-1-0.dll
0x000002177bde0000 - 0x000002177bde3000 	C:\Users\Ryan Hatamosa\.openjfx\cache\16\api-ms-win-crt-process-l1-1-0.dll
0x000002177bdf0000 - 0x000002177bdf4000 	C:\Users\Ryan Hatamosa\.openjfx\cache\16\api-ms-win-crt-runtime-l1-1-0.dll
0x000002177be00000 - 0x000002177be04000 	C:\Users\Ryan Hatamosa\.openjfx\cache\16\api-ms-win-crt-stdio-l1-1-0.dll
0x000002177be10000 - 0x000002177be14000 	C:\Users\Ryan Hatamosa\.openjfx\cache\16\api-ms-win-crt-string-l1-1-0.dll
0x000002177be20000 - 0x000002177be23000 	C:\Users\Ryan Hatamosa\.openjfx\cache\16\api-ms-win-crt-time-l1-1-0.dll
0x000002177be30000 - 0x000002177be33000 	C:\Users\Ryan Hatamosa\.openjfx\cache\16\api-ms-win-crt-utility-l1-1-0.dll
0x00007ffaf5df0000 - 0x00007ffaf5eec000 	C:\Users\Ryan Hatamosa\.openjfx\cache\16\ucrtbase.dll
0x00007ffafed90000 - 0x00007ffafeda9000 	C:\Users\Ryan Hatamosa\.openjfx\cache\16\vcruntime140.dll
0x00007ffb0a790000 - 0x00007ffb0a79c000 	C:\Users\Ryan Hatamosa\.openjfx\cache\16\vcruntime140_1.dll
0x00007ffaf84c0000 - 0x00007ffaf8551000 	C:\Users\Ryan Hatamosa\.openjfx\cache\16\msvcp140.dll
0x00007ffafc940000 - 0x00007ffafc967000 	C:\Users\Ryan Hatamosa\.openjfx\cache\16\prism_d3d.dll
0x00007ffb05210000 - 0x00007ffb053d7000 	C:\WINDOWS\system32\d3d9.dll
0x00007ffb127b0000 - 0x00007ffb127dd000 	C:\WINDOWS\SYSTEM32\dwmapi.dll
0x00007ffb12be0000 - 0x00007ffb12c00000 	C:\WINDOWS\SYSTEM32\dxcore.dll
0x00007ffb12280000 - 0x00007ffb12319000 	C:\WINDOWS\system32\uxtheme.dll
0x00007ffb13fd0000 - 0x00007ffb13fe2000 	C:\WINDOWS\System32\msasn1.dll
0x00007ffb0e7f0000 - 0x00007ffb0e81f000 	C:\WINDOWS\SYSTEM32\cryptnet.dll
0x00007ffb14fc0000 - 0x00007ffb15111000 	C:\WINDOWS\System32\CRYPT32.dll
0x00007ffb138e0000 - 0x00007ffb138ec000 	C:\WINDOWS\SYSTEM32\cryptbase.dll
0x00007ffb14f40000 - 0x00007ffb14f9c000 	C:\WINDOWS\System32\WINTRUST.DLL
0x00007ffb156c0000 - 0x00007ffb156dd000 	C:\WINDOWS\System32\imagehlp.dll
0x00007ffb132f0000 - 0x00007ffb13323000 	C:\WINDOWS\system32\rsaenh.dll
0x00007ffb142a0000 - 0x00007ffb142c6000 	C:\WINDOWS\System32\bcrypt.dll
0x00007ffaf9980000 - 0x00007ffaf99c2000 	C:\Users\Ryan Hatamosa\.openjfx\cache\16\glass.dll
0x00007ffb16740000 - 0x00007ffb16810000 	C:\WINDOWS\System32\COMDLG32.dll
0x00007ffb158a0000 - 0x00007ffb159f7000 	C:\WINDOWS\System32\ole32.dll
0x00007ffb15530000 - 0x00007ffb155f5000 	C:\WINDOWS\System32\OLEAUT32.dll
0x00007ffb15170000 - 0x00007ffb152a5000 	C:\WINDOWS\System32\MSCTF.dll
0x00007ffaf3610000 - 0x00007ffaf38c9000 	C:\WINDOWS\system32\nvspcap64.dll
0x00007ffb12f70000 - 0x00007ffb12fa1000 	C:\WINDOWS\SYSTEM32\ntmarta.dll
0x00007ffb12b20000 - 0x00007ffb12b42000 	C:\WINDOWS\SYSTEM32\gpapi.dll
0x00007ffafeb30000 - 0x00007ffafeb44000 	C:\Users\Ryan Hatamosa\.openjfx\cache\16\javafx_font.dll
0x00007ffaf1920000 - 0x00007ffaf1c1e000 	C:\WINDOWS\SYSTEM32\dwrite.dll
0x00007ffb15a00000 - 0x00007ffb15aa2000 	C:\WINDOWS\System32\clbcatq.dll
0x00007ffb0f480000 - 0x00007ffb0f62f000 	C:\WINDOWS\SYSTEM32\WindowsCodecs.dll
0x00007ffb06210000 - 0x00007ffb0624b000 	C:\WINDOWS\system32\dataexchange.dll
0x00007ffb11340000 - 0x00007ffb1159b000 	C:\WINDOWS\system32\d3d11.dll
0x00007ffb11a30000 - 0x00007ffb11c0d000 	C:\WINDOWS\system32\dcomp.dll
0x00007ffb12c00000 - 0x00007ffb12ceb000 	C:\WINDOWS\system32\dxgi.dll
0x00007ffb12340000 - 0x00007ffb1259a000 	C:\WINDOWS\system32\twinapi.appcore.dll
0x00007ffb12780000 - 0x00007ffb127a9000 	C:\WINDOWS\system32\RMCLIENT.dll
0x00007ffafee20000 - 0x00007ffafee53000 	C:\Program Files\Common Files\Microsoft Shared\Ink\rtscom.dll
0x00007ffafe610000 - 0x00007ffafe6ad000 	C:\WINDOWS\System32\TextInputFramework.dll

dbghelp: loaded successfully - version: 4.0.5 - missing functions: none
symbol engine: initialized successfully - sym options: 0x614 - pdb path: .;C:\Users\Ryan Hatamosa\.jdks\openjdk-16\bin;C:\WINDOWS\SYSTEM32;C:\WINDOWS\WinSxS\amd64_microsoft.windows.common-controls_6595b64144ccf1df_6.0.18362.1440_none_9e7dbfb9e45e8e67;C:\Users\Ryan Hatamosa\.jdks\openjdk-16\bin\server;C:\Users\Ryan Hatamosa\AppData\Local\JetBrains\Toolbox\apps\IDEA-U\ch-0\211.6693.111\bin;C:\Users\Ryan Hatamosa\.openjfx\cache\16;C:\WINDOWS\System32\DriverStore\FileRepository\nv_dispi.inf_amd64_a51067c0ac557884;C:\Program Files\Common Files\Microsoft Shared\Ink

VM Arguments:
jvm_args: -javaagent:C:\Users\Ryan Hatamosa\AppData\Local\JetBrains\Toolbox\apps\IDEA-U\ch-0\211.6693.111\lib\idea_rt.jar=54939:C:\Users\Ryan Hatamosa\AppData\Local\JetBrains\Toolbox\apps\IDEA-U\ch-0\211.6693.111\bin -Dfile.encoding=UTF-8 --module-path=C:\Users\Ryan Hatamosa\IdeaProjects\TeamCrunch\out\production\TeamCrunch;C:\Users\Ryan Hatamosa\.m2\repository\org\openjfx\javafx-fxml\16\javafx-fxml-16.jar;C:\Users\Ryan Hatamosa\.m2\repository\org\openjfx\javafx-fxml\16\javafx-fxml-16-win.jar;C:\Users\Ryan Hatamosa\.m2\repository\org\openjfx\javafx-controls\16\javafx-controls-16.jar;C:\Users\Ryan Hatamosa\.m2\repository\org\openjfx\javafx-controls\16\javafx-controls-16-win.jar;C:\Users\Ryan Hatamosa\.m2\repository\org\openjfx\javafx-graphics\16\javafx-graphics-16.jar;C:\Users\Ryan Hatamosa\.m2\repository\org\openjfx\javafx-graphics\16\javafx-graphics-16-win.jar;C:\Users\Ryan Hatamosa\.m2\repository\org\openjfx\javafx-base\16\javafx-base-16.jar;C:\Users\Ryan Hatamosa\.m2\repository\org\openjfx\javafx-base\16\javafx-base-16-win.jar -Djdk.module.main=TeamCrunch 
java_command: TeamCrunch/sample.Main
java_class_path (initial): <not set>
Launcher Type: SUN_STANDARD

[Global flags]
     intx CICompilerCount                          = 4                                         {product} {ergonomic}
     uint ConcGCThreads                            = 3                                         {product} {ergonomic}
     uint G1ConcRefinementThreads                  = 10                                        {product} {ergonomic}
   size_t G1HeapRegionSize                         = 2097152                                   {product} {ergonomic}
    uintx GCDrainStackTargetSize                   = 64                                        {product} {ergonomic}
   size_t InitialHeapSize                          = 268435456                                 {product} {ergonomic}
   size_t MarkStackSize                            = 4194304                                   {product} {ergonomic}
   size_t MaxHeapSize                              = 4278190080                                {product} {ergonomic}
   size_t MaxNewSize                               = 2566914048                                {product} {ergonomic}
   size_t MinHeapDeltaBytes                        = 2097152                                   {product} {ergonomic}
   size_t MinHeapSize                              = 8388608                                   {product} {ergonomic}
    uintx NonNMethodCodeHeapSize                   = 5839372                                {pd product} {ergonomic}
    uintx NonProfiledCodeHeapSize                  = 122909434                              {pd product} {ergonomic}
    uintx ProfiledCodeHeapSize                     = 122909434                              {pd product} {ergonomic}
    uintx ReservedCodeCacheSize                    = 251658240                              {pd product} {ergonomic}
     bool SegmentedCodeCache                       = true                                      {product} {ergonomic}
   size_t SoftMaxHeapSize                          = 4278190080                             {manageable} {ergonomic}
     bool UseCompressedClassPointers               = true                           {product lp64_product} {ergonomic}
     bool UseCompressedOops                        = true                           {product lp64_product} {ergonomic}
     bool UseG1GC                                  = true                                      {product} {ergonomic}
     bool UseLargePagesIndividualAllocation        = false                                  {pd product} {ergonomic}

Logging:
Log output configuration:
 #0: stdout all=off uptime,level,tags
 #1: stderr all=off uptime,level,tags

Environment Variables:
JAVA_HOME=C:\Program Files\Java\jdk-11.0.2
PATH=C:\Program Files\Amazon Corretto\jdk11.0.4_10\bin;C:\Windows\system32;C:\Windows;C:\Windows\System32\Wbem;C:\Windows\System32\WindowsPowerShell\v1.0\;C:\Program Files (x86)\NVIDIA Corporation\PhysX\Common;C:\WINDOWS\system32;C:\WINDOWS;C:\WINDOWS\System32\Wbem;C:\WINDOWS\System32\WindowsPowerShell\v1.0\;C:\WINDOWS\System32\OpenSSH\;C:\Program Files\Git\cmd;C:\Program Files\NVIDIA Corporation\NVIDIA NvDLISR;C:\WINDOWS\system32;C:\WINDOWS;C:\WINDOWS\System32\Wbem;C:\WINDOWS\System32\WindowsPowerShell\v1.0\;C:\WINDOWS\System32\OpenSSH\;C:\Program Files\Java\jdk-11.0.2\bin;C:\apache-maven-3.6.3\bin;C:\Users\Ryan Hatamosa\AppData\Local\Programs\Python\Python39\Scripts\;C:\Users\Ryan Hatamosa\AppData\Local\Programs\Python\Python39\;C:\Users\Ryan Hatamosa\AppData\Local\Microsoft\WindowsApps;C:\Users\Ryan Hatamosa\AppData\Local\atom\bin;C:\Users\Ryan Hatamosa\AppData\Local\Programs\Microsoft VS Code\bin;C:\Users\Ryan Hatamosa\AppData\Local\Microsoft\WindowsApps;C:\Users\Ryan Hatamosa\AppData\Local\GitHubDesktop\bin;C:\Users\Ryan Hatamosa\Desktop\DeveloperTools\gradle-6.7.1\bin;
USERNAME=Ryan Hatamosa
OS=Windows_NT
PROCESSOR_IDENTIFIER=Intel64 Family 6 Model 158 Stepping 10, GenuineIntel



---------------  S Y S T E M  ---------------

OS:
 Windows 10 , 64 bit Build 18362 (10.0.18362.1350)
OS uptime: 4 days 14:00 hours
Hyper-V role detected

CPU: total 12 (initial active 12) (6 cores per cpu, 2 threads per core) family 6 model 158 stepping 10 microcode 0x96, cx8, cmov, fxsr, ht, mmx, 3dnowpref, sse, sse2, sse3, ssse3, sse4.1, sse4.2, popcnt, lzcnt, tsc, tscinvbit, avx, avx2, aes, erms, clmul, bmi1, bmi2, rtm, adx, fma, vzeroupper, clflush, clflushopt, hv

Memory: 4k page, system-wide physical 16319M (7136M free)
TotalPageFile size 21951M (AvailPageFile size 6627M)
current process WorkingSet (physical memory assigned to process): 115M, peak: 145M
current process commit charge ("private bytes"): 424M, peak: 455M

vm_info: OpenJDK 64-Bit Server VM (16+36-2231) for windows-amd64 JRE (16+36-2231), built on Feb  8 2021 11:39:36 by "mach5one" with MS VC++ 16.7 (VS2019)

END.
