#
# A fatal error has been detected by the Java Runtime Environment:
#
#  EXCEPTION_ACCESS_VIOLATION (0xc0000005) at pc=0x00007ffafa076997, pid=11412, tid=22008
#
# JRE version: OpenJDK Runtime Environment (16.0+36) (build 16+36-2231)
# Java VM: OpenJDK 64-Bit Server VM (16+36-2231, mixed mode, sharing, tiered, compressed oops, g1 gc, windows-amd64)
# Problematic frame:
# C  [glass.dll+0x26997]
#
# No core dump will be written. Minidumps are not enabled by default on client versions of Windows
#
# If you would like to submit a bug report, please visit:
#   https://bugreport.java.com/bugreport/crash.jsp
#

---------------  S U M M A R Y ------------

Command Line: -javaagent:C:\Users\Ryan Hatamosa\AppData\Local\JetBrains\Toolbox\apps\IDEA-U\ch-0\211.6693.111\lib\idea_rt.jar=54911:C:\Users\Ryan Hatamosa\AppData\Local\JetBrains\Toolbox\apps\IDEA-U\ch-0\211.6693.111\bin -Dfile.encoding=UTF-8 --module-path=C:\Users\Ryan Hatamosa\IdeaProjects\TeamCrunch\out\production\TeamCrunch;C:\Users\Ryan Hatamosa\.m2\repository\org\openjfx\javafx-fxml\16\javafx-fxml-16.jar;C:\Users\Ryan Hatamosa\.m2\repository\org\openjfx\javafx-fxml\16\javafx-fxml-16-win.jar;C:\Users\Ryan Hatamosa\.m2\repository\org\openjfx\javafx-controls\16\javafx-controls-16.jar;C:\Users\Ryan Hatamosa\.m2\repository\org\openjfx\javafx-controls\16\javafx-controls-16-win.jar;C:\Users\Ryan Hatamosa\.m2\repository\org\openjfx\javafx-graphics\16\javafx-graphics-16.jar;C:\Users\Ryan Hatamosa\.m2\repository\org\openjfx\javafx-graphics\16\javafx-graphics-16-win.jar;C:\Users\Ryan Hatamosa\.m2\repository\org\openjfx\javafx-base\16\javafx-base-16.jar;C:\Users\Ryan Hatamosa\.m2\repository\org\openjfx\javafx-base\16\javafx-base-16-win.jar -Djdk.module.main=TeamCrunch TeamCrunch/sample.Main

Host: Intel(R) Core(TM) i7-8700K CPU @ 3.70GHz, 12 cores, 15G,  Windows 10 , 64 bit Build 18362 (10.0.18362.1350)
Time: Sat Apr 10 10:57:38 2021 Eastern Daylight Time elapsed time: 6.160134 seconds (0d 0h 0m 6s)

---------------  T H R E A D  ---------------

Current thread (0x000002b46dc22a20):  VMThread "VM Thread" [stack: 0x000000e207300000,0x000000e207400000] [id=22008]

Stack: [0x000000e207300000,0x000000e207400000],  sp=0x000000e2073fed20,  free space=1019k
Native frames: (J=compiled Java code, j=interpreted, Vv=VM code, C=native code)
C  [glass.dll+0x26997]


siginfo: EXCEPTION_ACCESS_VIOLATION (0xc0000005), reading address 0x0000000000000000


Register to memory mapping:

RIP=0x00007ffafa076997 glass.dll
RAX=0x0 is NULL
RBX=0x000002b46dc2c798 is a global jni handle
RCX=0x000002b46dc22a20 points into unknown readable memory: 0x00007ffacb60f698 | 98 f6 60 cb fa 7f 00 00
RDX=0x000000e2073fed20 points into unknown readable memory: 0x0000000000000000 | 00 00 00 00 00 00 00 00
RSP=0x000000e2073fed20 points into unknown readable memory: 0x0000000000000000 | 00 00 00 00 00 00 00 00
RBP=0x000002b46eff83c8 points into unknown readable memory: 0x00000b1287c1623f | 3f 62 c1 87 12 0b 00 00
RSI=0x000002b46eff83a0 points into unknown readable memory: 0x000034effac2fc99 | 99 fc c2 fa ef 34 00 00
RDI=0x00000b1287c1623f is an unknown value
R8 =0x0000000000010002 is an unknown value
R9 =0x00000b1287c1623f is an unknown value
R10=0x0000000000008000 is an unknown value
R11=0x000000e2073fecb0 points into unknown readable memory: 0x000002b46eff83a0 | a0 83 ff 6e b4 02 00 00
R12=0x00007ffafa074234 glass.dll
R13=0x000002b448c37220 points into unknown readable memory: 0x8000000900000001 | 01 00 00 00 09 00 00 80
R14=0x000000e2073fee18 points into unknown readable memory: 0x000000e2073fee00 | 00 ee 3f 07 e2 00 00 00
R15=0x000002b46eff83a0 points into unknown readable memory: 0x000034effac2fc99 | 99 fc c2 fa ef 34 00 00


Registers:
RAX=0x0000000000000000, RBX=0x000002b46dc2c798, RCX=0x000002b46dc22a20, RDX=0x000000e2073fed20
RSP=0x000000e2073fed20, RBP=0x000002b46eff83c8, RSI=0x000002b46eff83a0, RDI=0x00000b1287c1623f
R8 =0x0000000000010002, R9 =0x00000b1287c1623f, R10=0x0000000000008000, R11=0x000000e2073fecb0
R12=0x00007ffafa074234, R13=0x000002b448c37220, R14=0x000000e2073fee18, R15=0x000002b46eff83a0
RIP=0x00007ffafa076997, EFLAGS=0x0000000000010206

Top of Stack: (sp=0x000000e2073fed20)
0x000000e2073fed20:   0000000000000000 000002b46eff83a0
0x000000e2073fed30:   000002b46eff83a0 00007ffafa0871a0
0x000000e2073fed40:   000002b46eff83a8 00007ffb14379d26
0x000000e2073fed50:   00000b1287c1623f 000002b400000000
0x000000e2073fed60:   0000000000000000 00007ffb14379f66
0x000000e2073fed70:   fffffffffffffffe 0000000000000000
0x000000e2073fed80:   0000000000000001 00007ffafa050000
0x000000e2073fed90:   000000e2073fee08 00007ffb14379c4b
0x000000e2073feda0:   0000000000000000 000000e2073fee18
0x000000e2073fedb0:   000000e2073ff0e0 00007ffb1444bc20
0x000000e2073fedc0:   0000000000000001 00007ffb14379c04
0x000000e2073fedd0:   0000000000000000 0000000000000001
0x000000e2073fede0:   0000000000000000 000000e2073fee08
0x000000e2073fedf0:   ffffffff00000001 00007ffafa0740c1
0x000000e2073fee00:   00007ffafa08a128 00007ffa00000002
0x000000e2073fee10:   0000000000000002 000000e2073fee00 

Instructions: (pc=0x00007ffafa076997)
0x00007ffafa076897:   8b 4d 58 e8 d1 ce ff ff 48 8b 4d 60 e8 c8 ce ff
0x00007ffafa0768a7:   ff 48 8b 95 80 00 00 00 48 8b 8d 18 01 00 00 e8
0x00007ffafa0768b7:   96 c3 ff ff 33 d2 33 c9 e8 12 e1 ff ff 90 48 89
0x00007ffafa0768c7:   54 24 10 55 48 83 ec 20 48 8b ea 48 b8 00 00 00
0x00007ffafa0768d7:   00 00 00 00 00 48 83 c4 20 5d c3 cc 40 55 48 8b
0x00007ffafa0768e7:   ea 48 8b 01 33 c9 81 38 05 00 00 c0 0f 94 c1 8b
0x00007ffafa0768f7:   c1 5d c3 cc 40 55 48 83 ec 20 48 8b ea 8a 4d 40
0x00007ffafa076907:   48 83 c4 20 5d e9 c7 d2 ff ff cc 40 55 48 83 ec
0x00007ffafa076917:   20 48 8b ea 8a 4d 20 e8 b5 d2 ff ff 90 48 83 c4
0x00007ffafa076927:   20 5d c3 cc 40 55 48 83 ec 20 48 8b ea 48 83 c4
0x00007ffafa076937:   20 5d e9 16 d1 ff ff cc 40 55 48 83 ec 30 48 8b
0x00007ffafa076947:   ea 48 8b 01 8b 10 48 89 4c 24 28 89 54 24 20 4c
0x00007ffafa076957:   8d 0d b7 d5 ff ff 4c 8b 45 70 8b 55 68 48 8b 4d
0x00007ffafa076967:   60 e8 57 d0 ff ff 90 48 83 c4 30 5d c3 cc cc cc
0x00007ffafa076977:   cc cc cc cc cc cc cc cc cc 40 53 48 83 ec 20 48
0x00007ffafa076987:   8b 1d 93 31 01 00 48 85 db 74 16 e8 29 8b ff ff
0x00007ffafa076997:   4c 8b 00 48 8b d3 48 8b c8 41 ff 90 b0 00 00 00
0x00007ffafa0769a7:   90 48 83 c4 20 5b c3 cc cc 40 53 48 83 ec 20 48
0x00007ffafa0769b7:   8b 1d 0b 33 01 00 48 85 db 74 57 b8 ff ff ff ff
0x00007ffafa0769c7:   f0 0f c1 43 10 83 f8 01 75 3d 48 85 db 74 38 48
0x00007ffafa0769d7:   8b 0b 48 85 c9 74 0d ff 15 c4 08 00 00 48 c7 03
0x00007ffafa0769e7:   00 00 00 00 48 8b 4b 08 48 85 c9 74 0d e8 77 cd
0x00007ffafa0769f7:   ff ff 48 c7 43 08 00 00 00 00 ba 18 00 00 00 48
0x00007ffafa076a07:   8b cb e8 62 cd ff ff 48 c7 05 af 32 01 00 00 00
0x00007ffafa076a17:   00 00 48 83 c4 20 5b c3 cc 40 53 48 83 ec 20 48
0x00007ffafa076a27:   8b 1d 7b 32 01 00 48 85 db 74 57 b8 ff ff ff ff
0x00007ffafa076a37:   f0 0f c1 43 10 83 f8 01 75 3d 48 85 db 74 38 48
0x00007ffafa076a47:   8b 0b 48 85 c9 74 0d ff 15 54 08 00 00 48 c7 03
0x00007ffafa076a57:   00 00 00 00 48 8b 4b 08 48 85 c9 74 0d e8 07 cd
0x00007ffafa076a67:   ff ff 48 c7 43 08 00 00 00 00 ba 18 00 00 00 48
0x00007ffafa076a77:   8b cb e8 f2 cc ff ff 48 c7 05 1f 32 01 00 00 00
0x00007ffafa076a87:   00 00 48 83 c4 20 5b c3 cc 40 53 48 83 ec 20 48 


Stack slot to memory mapping:
stack at sp + 0 slots: 0x0 is NULL
stack at sp + 1 slots: 0x000002b46eff83a0 points into unknown readable memory: 0x000034effac2fc99 | 99 fc c2 fa ef 34 00 00
stack at sp + 2 slots: 0x000002b46eff83a0 points into unknown readable memory: 0x000034effac2fc99 | 99 fc c2 fa ef 34 00 00
stack at sp + 3 slots: 0x00007ffafa0871a0 glass.dll
stack at sp + 4 slots: 0x000002b46eff83a8 points into unknown readable memory: 0x00000b1287c1623f | 3f 62 c1 87 12 0b 00 00
stack at sp + 5 slots: 0x00007ffb14379d26 ucrtbase.dll
stack at sp + 6 slots: 0x00000b1287c1623f is an unknown value
stack at sp + 7 slots: 0x000002b400000000 is an unknown value

VM_Operation (0x000000e2086fa860): Exit, mode: safepoint, requested by thread 0x000002b46f03c960


---------------  P R O C E S S  ---------------

Threads class SMR info:
_java_thread_list=0x000002b4763e97c0, length=20, elements={
0x000002b448bce390, 0x000002b46dc25570, 0x000002b46dc28350, 0x000002b46dc35f70,
0x000002b46dc36690, 0x000002b46dc38fb0, 0x000002b46dc398c0, 0x000002b46dc4bfa0,
0x000002b46dc4e9b0, 0x000002b46e828860, 0x000002b46e8ea660, 0x000002b46eadbab0,
0x000002b46eadbfd0, 0x000002b46edaef80, 0x000002b46f02b300, 0x000002b46f03c960,
0x000002b46f2f9a90, 0x000002b46f2f9fe0, 0x000002b46f2faa80, 0x000002b46f2fa530
}

Java Threads: ( => current thread )
  0x000002b448bce390 JavaThread "main" [_thread_blocked, id=24396, stack(0x000000e206d00000,0x000000e206e00000)]
  0x000002b46dc25570 JavaThread "Reference Handler" daemon [_thread_blocked, id=16684, stack(0x000000e207400000,0x000000e207500000)]
  0x000002b46dc28350 JavaThread "Finalizer" daemon [_thread_blocked, id=18084, stack(0x000000e207500000,0x000000e207600000)]
  0x000002b46dc35f70 JavaThread "Signal Dispatcher" daemon [_thread_blocked, id=25096, stack(0x000000e207600000,0x000000e207700000)]
  0x000002b46dc36690 JavaThread "Attach Listener" daemon [_thread_blocked, id=17832, stack(0x000000e207700000,0x000000e207800000)]
  0x000002b46dc38fb0 JavaThread "Service Thread" daemon [_thread_blocked, id=19292, stack(0x000000e207800000,0x000000e207900000)]
  0x000002b46dc398c0 JavaThread "Monitor Deflation Thread" daemon [_thread_blocked, id=26268, stack(0x000000e207900000,0x000000e207a00000)]
  0x000002b46dc4bfa0 JavaThread "C2 CompilerThread0" daemon [_thread_blocked, id=14256, stack(0x000000e207a00000,0x000000e207b00000)]
  0x000002b46dc4e9b0 JavaThread "C1 CompilerThread0" daemon [_thread_blocked, id=2744, stack(0x000000e207b00000,0x000000e207c00000)]
  0x000002b46e828860 JavaThread "Sweeper thread" daemon [_thread_blocked, id=4136, stack(0x000000e207c00000,0x000000e207d00000)]
  0x000002b46e8ea660 JavaThread "Common-Cleaner" daemon [_thread_blocked, id=25604, stack(0x000000e207d00000,0x000000e207e00000)]
  0x000002b46eadbab0 JavaThread "Monitor Ctrl-Break" daemon [_thread_in_native, id=4652, stack(0x000000e208000000,0x000000e208100000)]
  0x000002b46eadbfd0 JavaThread "Notification Thread" daemon [_thread_blocked, id=21704, stack(0x000000e208100000,0x000000e208200000)]
  0x000002b46edaef80 JavaThread "QuantumRenderer-0" daemon [_thread_blocked, id=14492, stack(0x000000e208300000,0x000000e208400000)]
  0x000002b46f02b300 JavaThread "InvokeLaterDispatcher" daemon [_thread_blocked, id=24736, stack(0x000000e208500000,0x000000e208600000)]
  0x000002b46f03c960 JavaThread "JavaFX Application Thread" [_thread_blocked, id=17728, stack(0x000000e208600000,0x000000e208700000)]
  0x000002b46f2f9a90 JavaThread "JavaFX-Launcher" [_thread_blocked, id=22944, stack(0x000000e207f00000,0x000000e208000000)]
  0x000002b46f2f9fe0 JavaThread "Thread-2" daemon [_thread_in_native, id=25536, stack(0x000000e207e00000,0x000000e207f00000)]
  0x000002b46f2faa80 JavaThread "Prism Font Disposer" daemon [_thread_blocked, id=17044, stack(0x000000e209110000,0x000000e209210000)]
  0x000002b46f2fa530 JavaThread "Cleaner-0" daemon [_thread_blocked, id=20212, stack(0x000000e209310000,0x000000e209410000)]

Other Threads:
=>0x000002b46dc22a20 VMThread "VM Thread" [stack: 0x000000e207300000,0x000000e207400000] [id=22008]
  0x000002b448c1efb0 GCTaskThread "GC Thread#0" [stack: 0x000000e206e00000,0x000000e206f00000] [id=11604]
  0x000002b46ef449c0 GCTaskThread "GC Thread#1" [stack: 0x000000e208810000,0x000000e208910000] [id=14300]
  0x000002b46ef44fe0 GCTaskThread "GC Thread#2" [stack: 0x000000e208910000,0x000000e208a10000] [id=7184]
  0x000002b475b36030 GCTaskThread "GC Thread#3" [stack: 0x000000e208a10000,0x000000e208b10000] [id=21604]
  0x000002b475b37ed0 GCTaskThread "GC Thread#4" [stack: 0x000000e208b10000,0x000000e208c10000] [id=18316]
  0x000002b475b36960 GCTaskThread "GC Thread#5" [stack: 0x000000e208c10000,0x000000e208d10000] [id=22280]
  0x000002b448c31210 ConcurrentGCThread "G1 Main Marker" terminated
  0x000002b448c31b90 ConcurrentGCThread "G1 Conc#0" [stack: 0x000000e207000000,0x000000e207100000] [id=13604]
  0x000002b46dae20d0 ConcurrentGCThread "G1 Refine#0" terminated
  0x000002b46dae3810 ConcurrentGCThread "G1 Service" terminated

Threads with active compile tasks:
C2 CompilerThread0  
[error occurred during error reporting (printing all threads), id 0xc0000005, EXCEPTION_ACCESS_VIOLATION (0xc0000005) at pc=0x00007ffacb42b543]

VM state: at safepoint (shutting down)

VM Mutex/Monitor currently owned by a thread:  ([mutex/lock_event])
[0x000002b448bca000] Threads_lock - owner thread: 0x000002b46dc22a20
[0x000002b448bcaea0] Heap_lock - owner thread: 0x000002b46f03c960

Heap address: 0x0000000701000000, size: 4080 MB, Compressed Oops mode: Zero based, Oop shift amount: 3
CDS archive(s) mapped at: [0x0000000800000000-0x0000000800bb0000-0x0000000800bb0000), size 12255232, SharedBaseAddress: 0x0000000800000000, ArchiveRelocationMode: 0.
Compressed class space mapped at: 0x0000000800c00000-0x0000000840c00000, reserved size: 1073741824
Narrow klass base: 0x0000000800000000, Narrow klass shift: 3, Narrow klass range: 0x100000000

GC Precious Log:
 CPUs: 12 total, 12 available
 Memory: 16319M
 Large Page Support: Disabled
 NUMA Support: Disabled
 Compressed Oops: Enabled (Zero based)
 Heap Region Size: 2M
 Heap Min Capacity: 8M
 Heap Initial Capacity: 256M
 Heap Max Capacity: 4080M
 Pre-touch: Disabled
 Parallel Workers: 10
 Concurrent Workers: 3
 Concurrent Refinement Workers: 10
 Periodic GC: Disabled

Heap:
 garbage-first heap   total 262144K, used 33705K [0x0000000701000000, 0x0000000800000000)
  region size 2048K, 18 young (36864K), 2 survivors (4096K)
 Metaspace       used 13091K, committed 13312K, reserved 1064960K
  class space    used 1689K, committed 1792K, reserved 1048576K

Heap Regions: E=young(eden), S=young(survivor), O=old, HS=humongous(starts), HC=humongous(continues), CS=collection set, F=free, OA=open archive, CA=closed archive, TAMS=top-at-mark-start (previous, next)
|   0|0x0000000701000000, 0x0000000701200000, 0x0000000701200000|100%|HS|  |TAMS 0x0000000701000000, 0x0000000701000000| Complete 
|   1|0x0000000701200000, 0x0000000701200000, 0x0000000701400000|  0%| F|  |TAMS 0x0000000701200000, 0x0000000701200000| Untracked 
|   2|0x0000000701400000, 0x0000000701400000, 0x0000000701600000|  0%| F|  |TAMS 0x0000000701400000, 0x0000000701400000| Untracked 
|   3|0x0000000701600000, 0x0000000701600000, 0x0000000701800000|  0%| F|  |TAMS 0x0000000701600000, 0x0000000701600000| Untracked 
|   4|0x0000000701800000, 0x0000000701800000, 0x0000000701a00000|  0%| F|  |TAMS 0x0000000701800000, 0x0000000701800000| Untracked 
|   5|0x0000000701a00000, 0x0000000701a00000, 0x0000000701c00000|  0%| F|  |TAMS 0x0000000701a00000, 0x0000000701a00000| Untracked 
|   6|0x0000000701c00000, 0x0000000701c00000, 0x0000000701e00000|  0%| F|  |TAMS 0x0000000701c00000, 0x0000000701c00000| Untracked 
|   7|0x0000000701e00000, 0x0000000701e00000, 0x0000000702000000|  0%| F|  |TAMS 0x0000000701e00000, 0x0000000701e00000| Untracked 
|   8|0x0000000702000000, 0x0000000702000000, 0x0000000702200000|  0%| F|  |TAMS 0x0000000702000000, 0x0000000702000000| Untracked 
|   9|0x0000000702200000, 0x0000000702200000, 0x0000000702400000|  0%| F|  |TAMS 0x0000000702200000, 0x0000000702200000| Untracked 
|  10|0x0000000702400000, 0x0000000702400000, 0x0000000702600000|  0%| F|  |TAMS 0x0000000702400000, 0x0000000702400000| Untracked 
|  11|0x0000000702600000, 0x0000000702600000, 0x0000000702800000|  0%| F|  |TAMS 0x0000000702600000, 0x0000000702600000| Untracked 
|  12|0x0000000702800000, 0x0000000702800000, 0x0000000702a00000|  0%| F|  |TAMS 0x0000000702800000, 0x0000000702800000| Untracked 
|  13|0x0000000702a00000, 0x0000000702a00000, 0x0000000702c00000|  0%| F|  |TAMS 0x0000000702a00000, 0x0000000702a00000| Untracked 
|  14|0x0000000702c00000, 0x0000000702c00000, 0x0000000702e00000|  0%| F|  |TAMS 0x0000000702c00000, 0x0000000702c00000| Untracked 
|  15|0x0000000702e00000, 0x0000000702e00000, 0x0000000703000000|  0%| F|  |TAMS 0x0000000702e00000, 0x0000000702e00000| Untracked 
|  16|0x0000000703000000, 0x0000000703000000, 0x0000000703200000|  0%| F|  |TAMS 0x0000000703000000, 0x0000000703000000| Untracked 
|  17|0x0000000703200000, 0x0000000703200000, 0x0000000703400000|  0%| F|  |TAMS 0x0000000703200000, 0x0000000703200000| Untracked 
|  18|0x0000000703400000, 0x0000000703400000, 0x0000000703600000|  0%| F|  |TAMS 0x0000000703400000, 0x0000000703400000| Untracked 
|  19|0x0000000703600000, 0x0000000703600000, 0x0000000703800000|  0%| F|  |TAMS 0x0000000703600000, 0x0000000703600000| Untracked 
|  20|0x0000000703800000, 0x0000000703800000, 0x0000000703a00000|  0%| F|  |TAMS 0x0000000703800000, 0x0000000703800000| Untracked 
|  21|0x0000000703a00000, 0x0000000703a00000, 0x0000000703c00000|  0%| F|  |TAMS 0x0000000703a00000, 0x0000000703a00000| Untracked 
|  22|0x0000000703c00000, 0x0000000703c00000, 0x0000000703e00000|  0%| F|  |TAMS 0x0000000703c00000, 0x0000000703c00000| Untracked 
|  23|0x0000000703e00000, 0x0000000703e00000, 0x0000000704000000|  0%| F|  |TAMS 0x0000000703e00000, 0x0000000703e00000| Untracked 
|  24|0x0000000704000000, 0x0000000704000000, 0x0000000704200000|  0%| F|  |TAMS 0x0000000704000000, 0x0000000704000000| Untracked 
|  25|0x0000000704200000, 0x0000000704200000, 0x0000000704400000|  0%| F|  |TAMS 0x0000000704200000, 0x0000000704200000| Untracked 
|  26|0x0000000704400000, 0x0000000704400000, 0x0000000704600000|  0%| F|  |TAMS 0x0000000704400000, 0x0000000704400000| Untracked 
|  27|0x0000000704600000, 0x0000000704600000, 0x0000000704800000|  0%| F|  |TAMS 0x0000000704600000, 0x0000000704600000| Untracked 
|  28|0x0000000704800000, 0x0000000704800000, 0x0000000704a00000|  0%| F|  |TAMS 0x0000000704800000, 0x0000000704800000| Untracked 
|  29|0x0000000704a00000, 0x0000000704a00000, 0x0000000704c00000|  0%| F|  |TAMS 0x0000000704a00000, 0x0000000704a00000| Untracked 
|  30|0x0000000704c00000, 0x0000000704c00000, 0x0000000704e00000|  0%| F|  |TAMS 0x0000000704c00000, 0x0000000704c00000| Untracked 
|  31|0x0000000704e00000, 0x0000000704e00000, 0x0000000705000000|  0%| F|  |TAMS 0x0000000704e00000, 0x0000000704e00000| Untracked 
|  32|0x0000000705000000, 0x0000000705000000, 0x0000000705200000|  0%| F|  |TAMS 0x0000000705000000, 0x0000000705000000| Untracked 
|  33|0x0000000705200000, 0x0000000705200000, 0x0000000705400000|  0%| F|  |TAMS 0x0000000705200000, 0x0000000705200000| Untracked 
|  34|0x0000000705400000, 0x0000000705400000, 0x0000000705600000|  0%| F|  |TAMS 0x0000000705400000, 0x0000000705400000| Untracked 
|  35|0x0000000705600000, 0x0000000705600000, 0x0000000705800000|  0%| F|  |TAMS 0x0000000705600000, 0x0000000705600000| Untracked 
|  36|0x0000000705800000, 0x0000000705800000, 0x0000000705a00000|  0%| F|  |TAMS 0x0000000705800000, 0x0000000705800000| Untracked 
|  37|0x0000000705a00000, 0x0000000705a00000, 0x0000000705c00000|  0%| F|  |TAMS 0x0000000705a00000, 0x0000000705a00000| Untracked 
|  38|0x0000000705c00000, 0x0000000705c00000, 0x0000000705e00000|  0%| F|  |TAMS 0x0000000705c00000, 0x0000000705c00000| Untracked 
|  39|0x0000000705e00000, 0x0000000705e00000, 0x0000000706000000|  0%| F|  |TAMS 0x0000000705e00000, 0x0000000705e00000| Untracked 
|  40|0x0000000706000000, 0x0000000706000000, 0x0000000706200000|  0%| F|  |TAMS 0x0000000706000000, 0x0000000706000000| Untracked 
|  41|0x0000000706200000, 0x0000000706200000, 0x0000000706400000|  0%| F|  |TAMS 0x0000000706200000, 0x0000000706200000| Untracked 
|  42|0x0000000706400000, 0x0000000706400000, 0x0000000706600000|  0%| F|  |TAMS 0x0000000706400000, 0x0000000706400000| Untracked 
|  43|0x0000000706600000, 0x0000000706600000, 0x0000000706800000|  0%| F|  |TAMS 0x0000000706600000, 0x0000000706600000| Untracked 
|  44|0x0000000706800000, 0x0000000706800000, 0x0000000706a00000|  0%| F|  |TAMS 0x0000000706800000, 0x0000000706800000| Untracked 
|  45|0x0000000706a00000, 0x0000000706a00000, 0x0000000706c00000|  0%| F|  |TAMS 0x0000000706a00000, 0x0000000706a00000| Untracked 
|  46|0x0000000706c00000, 0x0000000706c00000, 0x0000000706e00000|  0%| F|  |TAMS 0x0000000706c00000, 0x0000000706c00000| Untracked 
|  47|0x0000000706e00000, 0x0000000706e00000, 0x0000000707000000|  0%| F|  |TAMS 0x0000000706e00000, 0x0000000706e00000| Untracked 
|  48|0x0000000707000000, 0x0000000707000000, 0x0000000707200000|  0%| F|  |TAMS 0x0000000707000000, 0x0000000707000000| Untracked 
|  49|0x0000000707200000, 0x0000000707200000, 0x0000000707400000|  0%| F|  |TAMS 0x0000000707200000, 0x0000000707200000| Untracked 
|  50|0x0000000707400000, 0x0000000707400000, 0x0000000707600000|  0%| F|  |TAMS 0x0000000707400000, 0x0000000707400000| Untracked 
|  51|0x0000000707600000, 0x0000000707600000, 0x0000000707800000|  0%| F|  |TAMS 0x0000000707600000, 0x0000000707600000| Untracked 
|  52|0x0000000707800000, 0x0000000707800000, 0x0000000707a00000|  0%| F|  |TAMS 0x0000000707800000, 0x0000000707800000| Untracked 
|  53|0x0000000707a00000, 0x0000000707a00000, 0x0000000707c00000|  0%| F|  |TAMS 0x0000000707a00000, 0x0000000707a00000| Untracked 
|  54|0x0000000707c00000, 0x0000000707c00000, 0x0000000707e00000|  0%| F|  |TAMS 0x0000000707c00000, 0x0000000707c00000| Untracked 
|  55|0x0000000707e00000, 0x0000000707e00000, 0x0000000708000000|  0%| F|  |TAMS 0x0000000707e00000, 0x0000000707e00000| Untracked 
|  56|0x0000000708000000, 0x0000000708000000, 0x0000000708200000|  0%| F|  |TAMS 0x0000000708000000, 0x0000000708000000| Untracked 
|  57|0x0000000708200000, 0x0000000708200000, 0x0000000708400000|  0%| F|  |TAMS 0x0000000708200000, 0x0000000708200000| Untracked 
|  58|0x0000000708400000, 0x0000000708400000, 0x0000000708600000|  0%| F|  |TAMS 0x0000000708400000, 0x0000000708400000| Untracked 
|  59|0x0000000708600000, 0x0000000708600000, 0x0000000708800000|  0%| F|  |TAMS 0x0000000708600000, 0x0000000708600000| Untracked 
|  60|0x0000000708800000, 0x0000000708800000, 0x0000000708a00000|  0%| F|  |TAMS 0x0000000708800000, 0x0000000708800000| Untracked 
|  61|0x0000000708a00000, 0x0000000708a00000, 0x0000000708c00000|  0%| F|  |TAMS 0x0000000708a00000, 0x0000000708a00000| Untracked 
|  62|0x0000000708c00000, 0x0000000708c00000, 0x0000000708e00000|  0%| F|  |TAMS 0x0000000708c00000, 0x0000000708c00000| Untracked 
|  63|0x0000000708e00000, 0x0000000708e00000, 0x0000000709000000|  0%| F|  |TAMS 0x0000000708e00000, 0x0000000708e00000| Untracked 
|  64|0x0000000709000000, 0x0000000709000000, 0x0000000709200000|  0%| F|  |TAMS 0x0000000709000000, 0x0000000709000000| Untracked 
|  65|0x0000000709200000, 0x0000000709200000, 0x0000000709400000|  0%| F|  |TAMS 0x0000000709200000, 0x0000000709200000| Untracked 
|  66|0x0000000709400000, 0x0000000709400000, 0x0000000709600000|  0%| F|  |TAMS 0x0000000709400000, 0x0000000709400000| Untracked 
|  67|0x0000000709600000, 0x0000000709600000, 0x0000000709800000|  0%| F|  |TAMS 0x0000000709600000, 0x0000000709600000| Untracked 
|  68|0x0000000709800000, 0x0000000709800000, 0x0000000709a00000|  0%| F|  |TAMS 0x0000000709800000, 0x0000000709800000| Untracked 
|  69|0x0000000709a00000, 0x0000000709a00000, 0x0000000709c00000|  0%| F|  |TAMS 0x0000000709a00000, 0x0000000709a00000| Untracked 
|  70|0x0000000709c00000, 0x0000000709c00000, 0x0000000709e00000|  0%| F|  |TAMS 0x0000000709c00000, 0x0000000709c00000| Untracked 
|  71|0x0000000709e00000, 0x0000000709e00000, 0x000000070a000000|  0%| F|  |TAMS 0x0000000709e00000, 0x0000000709e00000| Untracked 
|  72|0x000000070a000000, 0x000000070a000000, 0x000000070a200000|  0%| F|  |TAMS 0x000000070a000000, 0x000000070a000000| Untracked 
|  73|0x000000070a200000, 0x000000070a200000, 0x000000070a400000|  0%| F|  |TAMS 0x000000070a200000, 0x000000070a200000| Untracked 
|  74|0x000000070a400000, 0x000000070a400000, 0x000000070a600000|  0%| F|  |TAMS 0x000000070a400000, 0x000000070a400000| Untracked 
|  75|0x000000070a600000, 0x000000070a600000, 0x000000070a800000|  0%| F|  |TAMS 0x000000070a600000, 0x000000070a600000| Untracked 
|  76|0x000000070a800000, 0x000000070a800000, 0x000000070aa00000|  0%| F|  |TAMS 0x000000070a800000, 0x000000070a800000| Untracked 
|  77|0x000000070aa00000, 0x000000070aa00000, 0x000000070ac00000|  0%| F|  |TAMS 0x000000070aa00000, 0x000000070aa00000| Untracked 
|  78|0x000000070ac00000, 0x000000070ac00000, 0x000000070ae00000|  0%| F|  |TAMS 0x000000070ac00000, 0x000000070ac00000| Untracked 
|  79|0x000000070ae00000, 0x000000070ae00000, 0x000000070b000000|  0%| F|  |TAMS 0x000000070ae00000, 0x000000070ae00000| Untracked 
|  80|0x000000070b000000, 0x000000070b000000, 0x000000070b200000|  0%| F|  |TAMS 0x000000070b000000, 0x000000070b000000| Untracked 
|  81|0x000000070b200000, 0x000000070b200000, 0x000000070b400000|  0%| F|  |TAMS 0x000000070b200000, 0x000000070b200000| Untracked 
|  82|0x000000070b400000, 0x000000070b400000, 0x000000070b600000|  0%| F|  |TAMS 0x000000070b400000, 0x000000070b400000| Untracked 
|  83|0x000000070b600000, 0x000000070b600000, 0x000000070b800000|  0%| F|  |TAMS 0x000000070b600000, 0x000000070b600000| Untracked 
|  84|0x000000070b800000, 0x000000070b800000, 0x000000070ba00000|  0%| F|  |TAMS 0x000000070b800000, 0x000000070b800000| Untracked 
|  85|0x000000070ba00000, 0x000000070ba00000, 0x000000070bc00000|  0%| F|  |TAMS 0x000000070ba00000, 0x000000070ba00000| Untracked 
|  86|0x000000070bc00000, 0x000000070bc00000, 0x000000070be00000|  0%| F|  |TAMS 0x000000070bc00000, 0x000000070bc00000| Untracked 
|  87|0x000000070be00000, 0x000000070be00000, 0x000000070c000000|  0%| F|  |TAMS 0x000000070be00000, 0x000000070be00000| Untracked 
|  88|0x000000070c000000, 0x000000070c000000, 0x000000070c200000|  0%| F|  |TAMS 0x000000070c000000, 0x000000070c000000| Untracked 
|  89|0x000000070c200000, 0x000000070c200000, 0x000000070c400000|  0%| F|  |TAMS 0x000000070c200000, 0x000000070c200000| Untracked 
|  90|0x000000070c400000, 0x000000070c400000, 0x000000070c600000|  0%| F|  |TAMS 0x000000070c400000, 0x000000070c400000| Untracked 
|  91|0x000000070c600000, 0x000000070c600000, 0x000000070c800000|  0%| F|  |TAMS 0x000000070c600000, 0x000000070c600000| Untracked 
|  92|0x000000070c800000, 0x000000070c800000, 0x000000070ca00000|  0%| F|  |TAMS 0x000000070c800000, 0x000000070c800000| Untracked 
|  93|0x000000070ca00000, 0x000000070ca00000, 0x000000070cc00000|  0%| F|  |TAMS 0x000000070ca00000, 0x000000070ca00000| Untracked 
|  94|0x000000070cc00000, 0x000000070cc00000, 0x000000070ce00000|  0%| F|  |TAMS 0x000000070cc00000, 0x000000070cc00000| Untracked 
|  95|0x000000070ce00000, 0x000000070ce00000, 0x000000070d000000|  0%| F|  |TAMS 0x000000070ce00000, 0x000000070ce00000| Untracked 
|  96|0x000000070d000000, 0x000000070d000000, 0x000000070d200000|  0%| F|  |TAMS 0x000000070d000000, 0x000000070d000000| Untracked 
|  97|0x000000070d200000, 0x000000070d200000, 0x000000070d400000|  0%| F|  |TAMS 0x000000070d200000, 0x000000070d200000| Untracked 
|  98|0x000000070d400000, 0x000000070d400000, 0x000000070d600000|  0%| F|  |TAMS 0x000000070d400000, 0x000000070d400000| Untracked 
|  99|0x000000070d600000, 0x000000070d600000, 0x000000070d800000|  0%| F|  |TAMS 0x000000070d600000, 0x000000070d600000| Untracked 
| 100|0x000000070d800000, 0x000000070d800000, 0x000000070da00000|  0%| F|  |TAMS 0x000000070d800000, 0x000000070d800000| Untracked 
| 101|0x000000070da00000, 0x000000070da00000, 0x000000070dc00000|  0%| F|  |TAMS 0x000000070da00000, 0x000000070da00000| Untracked 
| 102|0x000000070dc00000, 0x000000070dc00000, 0x000000070de00000|  0%| F|  |TAMS 0x000000070dc00000, 0x000000070dc00000| Untracked 
| 103|0x000000070de00000, 0x000000070de00000, 0x000000070e000000|  0%| F|  |TAMS 0x000000070de00000, 0x000000070de00000| Untracked 
| 104|0x000000070e000000, 0x000000070e000000, 0x000000070e200000|  0%| F|  |TAMS 0x000000070e000000, 0x000000070e000000| Untracked 
| 105|0x000000070e200000, 0x000000070e200000, 0x000000070e400000|  0%| F|  |TAMS 0x000000070e200000, 0x000000070e200000| Untracked 
| 106|0x000000070e400000, 0x000000070e400000, 0x000000070e600000|  0%| F|  |TAMS 0x000000070e400000, 0x000000070e400000| Untracked 
| 107|0x000000070e600000, 0x000000070e600000, 0x000000070e800000|  0%| F|  |TAMS 0x000000070e600000, 0x000000070e600000| Untracked 
| 108|0x000000070e800000, 0x000000070e800000, 0x000000070ea00000|  0%| F|  |TAMS 0x000000070e800000, 0x000000070e800000| Untracked 
| 109|0x000000070ea00000, 0x000000070ea00000, 0x000000070ec00000|  0%| F|  |TAMS 0x000000070ea00000, 0x000000070ea00000| Untracked 
| 110|0x000000070ec00000, 0x000000070ec00800, 0x000000070ee00000|  0%| E|  |TAMS 0x000000070ec00000, 0x000000070ec00000| Complete 
| 111|0x000000070ee00000, 0x000000070f000000, 0x000000070f000000|100%| E|CS|TAMS 0x000000070ee00000, 0x000000070ee00000| Complete 
| 112|0x000000070f000000, 0x000000070f200000, 0x000000070f200000|100%| E|CS|TAMS 0x000000070f000000, 0x000000070f000000| Complete 
| 113|0x000000070f200000, 0x000000070f400000, 0x000000070f400000|100%| E|CS|TAMS 0x000000070f200000, 0x000000070f200000| Complete 
| 114|0x000000070f400000, 0x000000070f600000, 0x000000070f600000|100%| E|CS|TAMS 0x000000070f400000, 0x000000070f400000| Complete 
| 115|0x000000070f600000, 0x000000070f6ea7d0, 0x000000070f800000| 45%| S|CS|TAMS 0x000000070f600000, 0x000000070f600000| Complete 
| 116|0x000000070f800000, 0x000000070fa00000, 0x000000070fa00000|100%| S|CS|TAMS 0x000000070f800000, 0x000000070f800000| Complete 
| 117|0x000000070fa00000, 0x000000070fc00000, 0x000000070fc00000|100%| E|CS|TAMS 0x000000070fa00000, 0x000000070fa00000| Complete 
| 118|0x000000070fc00000, 0x000000070fe00000, 0x000000070fe00000|100%| E|CS|TAMS 0x000000070fc00000, 0x000000070fc00000| Complete 
| 119|0x000000070fe00000, 0x0000000710000000, 0x0000000710000000|100%| E|CS|TAMS 0x000000070fe00000, 0x000000070fe00000| Complete 
| 120|0x0000000710000000, 0x0000000710200000, 0x0000000710200000|100%| E|CS|TAMS 0x0000000710000000, 0x0000000710000000| Complete 
| 121|0x0000000710200000, 0x0000000710400000, 0x0000000710400000|100%| E|  |TAMS 0x0000000710200000, 0x0000000710200000| Complete 
| 122|0x0000000710400000, 0x0000000710600000, 0x0000000710600000|100%| E|CS|TAMS 0x0000000710400000, 0x0000000710400000| Complete 
| 123|0x0000000710600000, 0x0000000710800000, 0x0000000710800000|100%| E|CS|TAMS 0x0000000710600000, 0x0000000710600000| Complete 
| 124|0x0000000710800000, 0x0000000710a00000, 0x0000000710a00000|100%| E|CS|TAMS 0x0000000710800000, 0x0000000710800000| Complete 
| 125|0x0000000710a00000, 0x0000000710c00000, 0x0000000710c00000|100%| E|CS|TAMS 0x0000000710a00000, 0x0000000710a00000| Complete 
| 126|0x0000000710c00000, 0x0000000710e00000, 0x0000000710e00000|100%| E|CS|TAMS 0x0000000710c00000, 0x0000000710c00000| Complete 
| 127|0x0000000710e00000, 0x0000000711000000, 0x0000000711000000|100%| E|CS|TAMS 0x0000000710e00000, 0x0000000710e00000| Complete 

Card table byte_map: [0x000002b461f90000,0x000002b462790000] _byte_map_base: 0x000002b45e788000

Marking Bits (Prev, Next): (CMBitMap*) 0x000002b448c20940, (CMBitMap*) 0x000002b448c20980
 Prev Bits: [0x000002b462f90000, 0x000002b466f50000)
 Next Bits: [0x000002b466f50000, 0x000002b46af10000)

Polling page: 0x000002b451ae0000

Metaspace:

Usage:
  Non-class:     11.13 MB used.
      Class:      1.65 MB used.
       Both:     12.78 MB used.

Virtual space:
  Non-class space:       16.00 MB reserved,      11.25 MB ( 70%) committed,  2 nodes.
      Class space:        1.00 GB reserved,       1.75 MB ( <1%) committed,  1 nodes.
              Both:        1.02 GB reserved,      13.00 MB (  1%) committed. 

Chunk freelists:
   Non-Class:  704.00 KB
       Class:  2.16 MB
        Both:  2.85 MB

MaxMetaspaceSize: 17179869184.00 GB
CompressedClassSpaceSize: 1.00 GB
 - commit_granule_bytes: 65536.
 - commit_granule_words: 8192.
 - virtual_space_node_default_size: 1048576.
 - enlarge_chunks_in_place: 1.
 - new_chunks_are_fully_committed: 0.
 - uncommit_free_chunks: 1.
 - use_allocation_guard: 0.
 - handle_deallocations: 1.


Internal statistics:

num_allocs_failed_limit: 0.
num_arena_births: 194.
num_arena_deaths: 0.
num_vsnodes_births: 3.
num_vsnodes_deaths: 0.
num_space_committed: 208.
num_space_uncommitted: 0.
num_chunks_returned_to_freelist: 0.
num_chunks_taken_from_freelist: 596.
num_chunk_merges: 0.
num_chunk_splits: 402.
num_chunks_enlarged: 310.
num_purges: 0.

CodeHeap 'non-profiled nmethods': size=120000Kb used=864Kb max_used=864Kb free=119135Kb
 bounds [0x000002b4595d0000, 0x000002b459840000, 0x000002b460b00000]
CodeHeap 'profiled nmethods': size=120000Kb used=3491Kb max_used=3491Kb free=116508Kb
 bounds [0x000002b4520a0000, 0x000002b452410000, 0x000002b4595d0000]
CodeHeap 'non-nmethods': size=5760Kb used=1431Kb max_used=1548Kb free=4328Kb
 bounds [0x000002b451b00000, 0x000002b451d70000, 0x000002b4520a0000]
 total_blobs=2859 nmethods=2065 adapters=706
 compilation: enabled
              stopped_count=0, restarted_count=0
 full_count=0

Compilation events (20 events):
Event: 5.569 Thread 0x000002b46dc4e9b0 nmethod 2055 0x000002b452402390 code [0x000002b452402620, 0x000002b452403618]
Event: 5.649 Thread 0x000002b46dc4bfa0 2056       4       com.sun.javafx.css.StyleMap::getCascadingStyles (384 bytes)
Event: 5.649 Thread 0x000002b46dc4e9b0 2059       3       com.sun.javafx.logging.PlatformLogger::isLoggable (27 bytes)
Event: 5.649 Thread 0x000002b46dc4e9b0 nmethod 2059 0x000002b452403990 code [0x000002b452403b60, 0x000002b452403e88]
Event: 5.649 Thread 0x000002b46dc4e9b0 2061       3       com.sun.javafx.css.CascadingStyle::getRule (11 bytes)
Event: 5.649 Thread 0x000002b46dc4e9b0 nmethod 2061 0x000002b452403f90 code [0x000002b452404140, 0x000002b452404298]
Event: 5.649 Thread 0x000002b46dc4e9b0 2060       3       com.sun.javafx.logging.PlatformLogger::getSystemLoggerLevel (92 bytes)
Event: 5.649 Thread 0x000002b46dc4e9b0 nmethod 2060 0x000002b452404390 code [0x000002b452404580, 0x000002b452404998]
Event: 5.649 Thread 0x000002b46dc4e9b0 2062       3       com.sun.prism.d3d.D3DContext::updateTexture (151 bytes)
Event: 5.650 Thread 0x000002b46dc4e9b0 nmethod 2062 0x000002b452404a90 code [0x000002b452404d20, 0x000002b452405b38]
Event: 5.650 Thread 0x000002b46dc4e9b0 2064       3       com.sun.prism.d3d.D3DTextureResource::isValid (28 bytes)
Event: 5.651 Thread 0x000002b46dc4e9b0 nmethod 2064 0x000002b452405f90 code [0x000002b452406140, 0x000002b452406498]
Event: 5.652 Thread 0x000002b46dc4e9b0 2065       3       javafx.scene.Node::sceneToLocal0 (46 bytes)
Event: 5.652 Thread 0x000002b46dc4e9b0 nmethod 2065 0x000002b452406590 code [0x000002b452406880, 0x000002b452408078]
Event: 5.662 Thread 0x000002b46dc4e9b0 2066       3       javafx.scene.Node::sceneToLocal (17 bytes)
Event: 5.662 Thread 0x000002b46dc4e9b0 nmethod 2066 0x000002b452408690 code [0x000002b452408840, 0x000002b452408a68]
Event: 5.745 Thread 0x000002b46dc4e9b0 2067       3       com.sun.javafx.css.CascadingStyle::getParsedValue (11 bytes)
Event: 5.745 Thread 0x000002b46dc4e9b0 nmethod 2067 0x000002b452408b90 code [0x000002b452408d40, 0x000002b452408e98]
Event: 5.751 Thread 0x000002b46dc4bfa0 nmethod 2056 0x000002b4596a0810 code [0x000002b4596a0c20, 0x000002b4596a6098]
Event: 5.751 Thread 0x000002b46dc4bfa0 2057       4       javafx.scene.CssStyleHelper::resolveLookups (463 bytes)

GC Heap History (2 events):
Event: 0.498 GC heap before
{Heap before GC invocations=0 (full 0):
 garbage-first heap   total 262144K, used 22528K [0x0000000701000000, 0x0000000800000000)
  region size 2048K, 11 young (22528K), 0 survivors (0K)
 Metaspace       used 5833K, committed 6016K, reserved 1056768K
  class space    used 663K, committed 768K, reserved 1048576K
}
Event: 0.500 GC heap after
{Heap after GC invocations=1 (full 0):
 garbage-first heap   total 262144K, used 2985K [0x0000000701000000, 0x0000000800000000)
  region size 2048K, 2 young (4096K), 2 survivors (4096K)
 Metaspace       used 5833K, committed 6016K, reserved 1056768K
  class space    used 663K, committed 768K, reserved 1048576K
}

Deoptimization events (20 events):
Event: 0.711 Thread 0x000002b46f03c960 Uncommon trap: trap_request=0xffffffde fr.pc=0x000002b4595e67c8 relative=0x00000000000001a8
Event: 0.711 Thread 0x000002b46f03c960 Uncommon trap: reason=class_check action=maybe_recompile pc=0x000002b4595e67c8 method=java.lang.String.equals(Ljava/lang/Object;)Z @ 8 c2
Event: 0.711 Thread 0x000002b46f03c960 DEOPT PACKING pc=0x000002b4595e67c8 sp=0x000000e2086fd560
Event: 0.711 Thread 0x000002b46f03c960 DEOPT UNPACKING pc=0x000002b451b4d72e sp=0x000000e2086fd508 mode 2
Event: 0.711 Thread 0x000002b46f03c960 Uncommon trap: trap_request=0xffffffde fr.pc=0x000002b4595e67c8 relative=0x00000000000001a8
Event: 0.711 Thread 0x000002b46f03c960 Uncommon trap: reason=class_check action=maybe_recompile pc=0x000002b4595e67c8 method=java.lang.String.equals(Ljava/lang/Object;)Z @ 8 c2
Event: 0.711 Thread 0x000002b46f03c960 DEOPT PACKING pc=0x000002b4595e67c8 sp=0x000000e2086fd560
Event: 0.711 Thread 0x000002b46f03c960 DEOPT UNPACKING pc=0x000002b451b4d72e sp=0x000000e2086fd508 mode 2
Event: 0.737 Thread 0x000002b46f03c960 Uncommon trap: trap_request=0xffffffde fr.pc=0x000002b4595e67c8 relative=0x00000000000001a8
Event: 0.737 Thread 0x000002b46f03c960 Uncommon trap: reason=class_check action=maybe_recompile pc=0x000002b4595e67c8 method=java.lang.String.equals(Ljava/lang/Object;)Z @ 8 c2
Event: 0.737 Thread 0x000002b46f03c960 DEOPT PACKING pc=0x000002b4595e67c8 sp=0x000000e2086fd360
Event: 0.737 Thread 0x000002b46f03c960 DEOPT UNPACKING pc=0x000002b451b4d72e sp=0x000000e2086fd308 mode 2
Event: 0.752 Thread 0x000002b46f03c960 Uncommon trap: trap_request=0xffffff45 fr.pc=0x000002b459629bd4 relative=0x00000000000001b4
Event: 0.752 Thread 0x000002b46f03c960 Uncommon trap: reason=unstable_if action=reinterpret pc=0x000002b459629bd4 method=java.io.ByteArrayInputStream.read()I @ 8 c2
Event: 0.752 Thread 0x000002b46f03c960 DEOPT PACKING pc=0x000002b459629bd4 sp=0x000000e2086fc2c0
Event: 0.752 Thread 0x000002b46f03c960 DEOPT UNPACKING pc=0x000002b451b4d72e sp=0x000000e2086fc278 mode 2
Event: 1.028 Thread 0x000002b46dc36690 Uncommon trap: trap_request=0xffffff45 fr.pc=0x000002b459636230 relative=0x0000000000000f90
Event: 1.028 Thread 0x000002b46dc36690 Uncommon trap: reason=unstable_if action=reinterpret pc=0x000002b459636230 method=java.util.concurrent.ConcurrentHashMap.putVal(Ljava/lang/Object;Ljava/lang/Object;Z)Ljava/lang/Object; @ 148 c2
Event: 1.028 Thread 0x000002b46dc36690 DEOPT PACKING pc=0x000002b459636230 sp=0x000000e2077fe2e0
Event: 1.028 Thread 0x000002b46dc36690 DEOPT UNPACKING pc=0x000002b451b4d72e sp=0x000000e2077fe260 mode 2

Classes unloaded (0 events):
No events

Classes redefined (0 events):
No events

Internal exceptions (20 events):
Event: 0.487 Thread 0x000002b46f03c960 Exception <a 'sun/nio/fs/WindowsException'{0x000000070fb8db90}> (0x000000070fb8db90) 
thrown [t:\workspace\open\src\hotspot\share\prims\jni.cpp, line 579]
Event: 0.517 Thread 0x000002b46f03c960 Exception <a 'java/lang/NoSuchMethodError'{0x0000000710d290a8}: 'java.lang.Object java.lang.invoke.DirectMethodHandle$Holder.invokeStaticInit(java.lang.Object, java.lang.Object, java.lang.Object, java.lang.Object)'> (0x0000000710d290a8) 
thrown [t:\workspace\open\src\hotspot\share\interpreter\linkResolver.cpp, line 790]
Event: 0.517 Thread 0x000002b46f03c960 Exception <a 'java/lang/NullPointerException'{0x0000000710d35170}> (0x0000000710d35170) 
thrown [t:\workspace\open\src\hotspot\share\interpreter\linkResolver.cpp, line 1385]
Event: 0.520 Thread 0x000002b46f03c960 Exception <a 'java/lang/NoSuchMethodError'{0x0000000710d74028}: 'void java.lang.invoke.DirectMethodHandle$Holder.invokeSpecial(java.lang.Object, java.lang.Object, java.lang.Object, java.lang.Object, java.lang.Object)'> (0x0000000710d74028) 
thrown [t:\workspace\open\src\hotspot\share\interpreter\linkResolver.cpp, line 790]
Event: 0.598 Thread 0x000002b46f03c960 Exception <a 'java/lang/NoSuchMethodError'{0x00000007104d4f20}: 'void java.lang.invoke.DirectMethodHandle$Holder.invokeStaticInit(java.lang.Object, java.lang.Object)'> (0x00000007104d4f20) 
thrown [t:\workspace\open\src\hotspot\share\interpreter\linkResolver.cpp, line 790]
Event: 0.616 Thread 0x000002b46f03c960 Exception <a 'sun/nio/fs/WindowsException'{0x000000071033fdc8}> (0x000000071033fdc8) 
thrown [t:\workspace\open\src\hotspot\share\prims\jni.cpp, line 579]
Event: 0.636 Thread 0x000002b46f03c960 Implicit null exception at 0x000002b45962c110 to 0x000002b45962c588
Event: 0.708 Thread 0x000002b46f03c960 Implicit null exception at 0x000002b45962908f to 0x000002b4596294f0
Event: 0.709 Thread 0x000002b46f03c960 Implicit null exception at 0x000002b4595ebaac to 0x000002b4595ebcf0
Event: 0.731 Thread 0x000002b46f03c960 Exception <a 'java/lang/NoSuchMethodError'{0x000000070fd66700}: 'java.lang.Object java.lang.invoke.DirectMethodHandle$Holder.invokeInterface(java.lang.Object, java.lang.Object, java.lang.Object)'> (0x000000070fd66700) 
thrown [t:\workspace\open\src\hotspot\share\interpreter\linkResolver.cpp, line 790]
Event: 0.731 Thread 0x000002b46f03c960 Exception <a 'java/lang/IncompatibleClassChangeError'{0x000000070fd6a280}: Found class java.lang.Object, but interface was expected> (0x000000070fd6a280) 
thrown [t:\workspace\open\src\hotspot\share\interpreter\linkResolver.cpp, line 857]
Event: 0.764 Thread 0x000002b46f03c960 Exception <a 'java/lang/NoSuchMethodError'{0x000000070faef200}: 'java.lang.Object java.lang.invoke.DirectMethodHandle$Holder.newInvokeSpecial(java.lang.Object, java.lang.Object, int)'> (0x000000070faef200) 
thrown [t:\workspace\open\src\hotspot\share\interpreter\linkResolver.cpp, line 790]
Event: 0.780 Thread 0x000002b46edaef80 Exception <a 'java/lang/NoSuchMethodError'{0x000000070fbf7350}: 'int java.lang.invoke.DirectMethodHandle$Holder.invokeStaticInit(java.lang.Object, java.lang.Object)'> (0x000000070fbf7350) 
thrown [t:\workspace\open\src\hotspot\share\interpreter\linkResolver.cpp, line 790]
Event: 2.400 Thread 0x000002b46f03c960 Exception <a 'java/lang/NoSuchMethodError'{0x000000070f1eea08}: 'long java.lang.invoke.DirectMethodHandle$Holder.invokeStatic(java.lang.Object, java.lang.Object, java.lang.Object)'> (0x000000070f1eea08) 
thrown [t:\workspace\open\src\hotspot\share\interpreter\linkResolver.cpp, line 790]
Event: 2.401 Thread 0x000002b46f03c960 Exception <a 'java/lang/NoSuchMethodError'{0x000000070f1f23b8}: 'long java.lang.invoke.DirectMethodHandle$Holder.invokeStaticInit(java.lang.Object, java.lang.Object, java.lang.Object)'> (0x000000070f1f23b8) 
thrown [t:\workspace\open\src\hotspot\share\interpreter\linkResolver.cpp, line 790]
Event: 2.402 Thread 0x000002b46f03c960 Exception <a 'java/lang/NoSuchMethodError'{0x000000070ee0a7a0}: 'java.lang.Object java.lang.invoke.DirectMethodHandle$Holder.newInvokeSpecial(java.lang.Object, java.lang.Object, long)'> (0x000000070ee0a7a0) 
thrown [t:\workspace\open\src\hotspot\share\interpreter\linkResolver.cpp, line 790]
Event: 2.402 Thread 0x000002b46f03c960 Exception <a 'java/lang/NoSuchMethodError'{0x000000070ee0e510}: 'java.lang.Object java.lang.invoke.Invokers$Holder.linkToTargetMethod(java.lang.Object, long, java.lang.Object)'> (0x000000070ee0e510) 
thrown [t:\workspace\open\src\hotspot\share\interpreter\linkResolver.cpp, line 790]
Event: 4.587 Thread 0x000002b46f03c960 Exception <a 'java/lang/NoSuchMethodError'{0x000000070ef277a8}: 'java.lang.Object java.lang.invoke.DirectMethodHandle$Holder.newInvokeSpecial(java.lang.Object, java.lang.Object, int, int, int, int, int, java.lang.Object)'> (0x000000070ef277a8) 
thrown [t:\workspace\open\src\hotspot\share\interpreter\linkResolver.cpp, line 790]
Event: 4.588 Thread 0x000002b46f03c960 Exception <a 'java/lang/NoSuchMethodError'{0x000000070ef3b908}: 'java.lang.Object java.lang.invoke.DirectMethodHandle$Holder.newInvokeSpecial(java.lang.Object, java.lang.Object, java.lang.Object, int, int, int, int, int)'> (0x000000070ef3b908) 
thrown [t:\workspace\open\src\hotspot\share\interpreter\linkResolver.cpp, line 790]
Event: 4.588 Thread 0x000002b46f03c960 Exception <a 'java/lang/NoSuchMethodError'{0x000000070ef43d08}: 'java.lang.Object java.lang.invoke.Invokers$Holder.linkToTargetMethod(java.lang.Object, java.lang.Object, int, int, int, int, int, java.lang.Object)'> (0x000000070ef43d08) 
thrown [t:\workspace\open\src\hotspot\share\interpreter\linkResolver.cpp, line 790]

Events (20 events):
Event: 1.267 loading class java/util/EnumMap$EnumMapIterator
Event: 1.267 loading class java/util/EnumMap$EnumMapIterator done
Event: 1.267 loading class java/util/EnumMap$ValueIterator done
Event: 1.516 Executing  VM operation: ICBufferFull
Event: 1.516 Executing  VM operation: ICBufferFull done
Event: 2.394 loading class java/io/UnsupportedEncodingException
Event: 2.394 loading class java/io/UnsupportedEncodingException done
Event: 2.517 Executing  VM operation: Cleanup
Event: 2.517 Executing  VM operation: Cleanup done
Event: 3.517 Executing  VM operation: Cleanup
Event: 3.517 Executing  VM operation: Cleanup done
Event: 4.518 Executing  VM operation: Cleanup
Event: 4.518 Executing  VM operation: Cleanup done
Event: 5.519 Executing  VM operation: Cleanup
Event: 5.519 Executing  VM operation: Cleanup done
Event: 5.807 Thread 0x000002b4766e7bf0 Thread added: 0x000002b4766e7bf0
Event: 5.807 Thread 0x000002b4766e76a0 Thread added: 0x000002b4766e76a0
Event: 5.807 Thread 0x000002b4766e76a0 Thread exited: 0x000002b4766e76a0
Event: 5.808 Thread 0x000002b4766e7bf0 Thread exited: 0x000002b4766e7bf0
Event: 5.808 Executing  VM operation: Exit


Dynamic libraries:
0x00007ff72ac20000 - 0x00007ff72ac2e000 	C:\Users\Ryan Hatamosa\.jdks\openjdk-16\bin\java.exe
0x00007ffb170c0000 - 0x00007ffb172b0000 	C:\WINDOWS\SYSTEM32\ntdll.dll
0x00007ffb15600000 - 0x00007ffb156b2000 	C:\WINDOWS\System32\KERNEL32.DLL
0x00007ffb14460000 - 0x00007ffb14705000 	C:\WINDOWS\System32\KERNELBASE.dll
0x00007ffb14360000 - 0x00007ffb1445a000 	C:\WINDOWS\System32\ucrtbase.dll
0x00007ffb0b950000 - 0x00007ffb0b968000 	C:\Users\Ryan Hatamosa\.jdks\openjdk-16\bin\jli.dll
0x00007ffb0b930000 - 0x00007ffb0b949000 	C:\Users\Ryan Hatamosa\.jdks\openjdk-16\bin\VCRUNTIME140.dll
0x00007ffb16130000 - 0x00007ffb162c4000 	C:\WINDOWS\System32\USER32.dll
0x00007ffb14030000 - 0x00007ffb14051000 	C:\WINDOWS\System32\win32u.dll
0x00007ffb15ce0000 - 0x00007ffb15d06000 	C:\WINDOWS\System32\GDI32.dll
0x00007ffafac60000 - 0x00007ffafaee4000 	C:\WINDOWS\WinSxS\amd64_microsoft.windows.common-controls_6595b64144ccf1df_6.0.18362.1440_none_9e7dbfb9e45e8e67\COMCTL32.dll
0x00007ffb14060000 - 0x00007ffb141f8000 	C:\WINDOWS\System32\gdi32full.dll
0x00007ffb15d10000 - 0x00007ffb15dae000 	C:\WINDOWS\System32\msvcrt.dll
0x00007ffb14200000 - 0x00007ffb1429e000 	C:\WINDOWS\System32\msvcp_win.dll
0x00007ffb15df0000 - 0x00007ffb16126000 	C:\WINDOWS\System32\combase.dll
0x00007ffb16f60000 - 0x00007ffb1707f000 	C:\WINDOWS\System32\RPCRT4.dll
0x00007ffb142d0000 - 0x00007ffb14351000 	C:\WINDOWS\System32\bcryptPrimitives.dll
0x00007ffb15dc0000 - 0x00007ffb15dee000 	C:\WINDOWS\System32\IMM32.DLL
0x00007ffb10860000 - 0x00007ffb1086c000 	C:\Users\Ryan Hatamosa\.jdks\openjdk-16\bin\vcruntime140_1.dll
0x00007ffb09e40000 - 0x00007ffb09ed1000 	C:\Users\Ryan Hatamosa\.jdks\openjdk-16\bin\msvcp140.dll
0x00007ffacaca0000 - 0x00007ffacb84b000 	C:\Users\Ryan Hatamosa\.jdks\openjdk-16\bin\server\jvm.dll
0x00007ffb157f0000 - 0x00007ffb15893000 	C:\WINDOWS\System32\ADVAPI32.dll
0x00007ffb15750000 - 0x00007ffb157e7000 	C:\WINDOWS\System32\sechost.dll
0x00007ffb15ab0000 - 0x00007ffb15ab8000 	C:\WINDOWS\System32\PSAPI.DLL
0x00007ffb0d870000 - 0x00007ffb0d879000 	C:\WINDOWS\SYSTEM32\WSOCK32.dll
0x00007ffb0e820000 - 0x00007ffb0e82a000 	C:\WINDOWS\SYSTEM32\VERSION.dll
0x00007ffb10c80000 - 0x00007ffb10ca4000 	C:\WINDOWS\SYSTEM32\WINMM.dll
0x00007ffb15ac0000 - 0x00007ffb15b2f000 	C:\WINDOWS\System32\WS2_32.dll
0x00007ffb10c50000 - 0x00007ffb10c7d000 	C:\WINDOWS\SYSTEM32\winmmbase.dll
0x00007ffb15120000 - 0x00007ffb1516a000 	C:\WINDOWS\System32\cfgmgr32.dll
0x00007ffb13ff0000 - 0x00007ffb14001000 	C:\WINDOWS\System32\kernel.appcore.dll
0x00007ffb10830000 - 0x00007ffb1083a000 	C:\Users\Ryan Hatamosa\.jdks\openjdk-16\bin\jimage.dll
0x00007ffb07060000 - 0x00007ffb07254000 	C:\WINDOWS\SYSTEM32\DBGHELP.DLL
0x00007ffb064c0000 - 0x00007ffb064ea000 	C:\WINDOWS\SYSTEM32\dbgcore.DLL
0x00007ffb0b8f0000 - 0x00007ffb0b8fe000 	C:\Users\Ryan Hatamosa\.jdks\openjdk-16\bin\instrument.dll
0x00007ffb0b900000 - 0x00007ffb0b925000 	C:\Users\Ryan Hatamosa\.jdks\openjdk-16\bin\java.dll
0x00007ffb16810000 - 0x00007ffb16ef8000 	C:\WINDOWS\System32\SHELL32.dll
0x00007ffb15470000 - 0x00007ffb15517000 	C:\WINDOWS\System32\shcore.dll
0x00007ffb14710000 - 0x00007ffb14e8b000 	C:\WINDOWS\System32\windows.storage.dll
0x00007ffb14010000 - 0x00007ffb1402e000 	C:\WINDOWS\System32\profapi.dll
0x00007ffb13f80000 - 0x00007ffb13fca000 	C:\WINDOWS\System32\powrprof.dll
0x00007ffb13f70000 - 0x00007ffb13f80000 	C:\WINDOWS\System32\UMPDC.dll
0x00007ffb15410000 - 0x00007ffb15462000 	C:\WINDOWS\System32\shlwapi.dll
0x00007ffb14fa0000 - 0x00007ffb14fb7000 	C:\WINDOWS\System32\cryptsp.dll
0x00007ffb0a7c0000 - 0x00007ffb0a7d9000 	C:\Users\Ryan Hatamosa\.jdks\openjdk-16\bin\net.dll
0x00007ffb0d540000 - 0x00007ffb0d63a000 	C:\WINDOWS\SYSTEM32\WINHTTP.dll
0x00007ffb13760000 - 0x00007ffb137c7000 	C:\WINDOWS\system32\mswsock.dll
0x00007ffb0a7a0000 - 0x00007ffb0a7b3000 	C:\Users\Ryan Hatamosa\.jdks\openjdk-16\bin\nio.dll
0x00007ffb066a0000 - 0x00007ffb066b8000 	C:\Users\Ryan Hatamosa\.jdks\openjdk-16\bin\zip.dll
0x00007ffb05ca0000 - 0x00007ffb05cba000 	C:\Users\Ryan Hatamosa\AppData\Local\JetBrains\Toolbox\apps\IDEA-U\ch-0\211.6693.111\bin\breakgen64.dll
0x000002b46dd80000 - 0x000002b46dd83000 	C:\Users\Ryan Hatamosa\.openjfx\cache\16\api-ms-win-core-console-l1-1-0.dll
0x000002b46dd90000 - 0x000002b46dd93000 	C:\Users\Ryan Hatamosa\.openjfx\cache\16\api-ms-win-core-console-l1-2-0.dll
0x000002b46dda0000 - 0x000002b46dda3000 	C:\Users\Ryan Hatamosa\.openjfx\cache\16\api-ms-win-core-datetime-l1-1-0.dll
0x000002b46ddb0000 - 0x000002b46ddb3000 	C:\Users\Ryan Hatamosa\.openjfx\cache\16\api-ms-win-core-debug-l1-1-0.dll
0x000002b46ddc0000 - 0x000002b46ddc3000 	C:\Users\Ryan Hatamosa\.openjfx\cache\16\api-ms-win-core-errorhandling-l1-1-0.dll
0x000002b46ddd0000 - 0x000002b46ddd4000 	C:\Users\Ryan Hatamosa\.openjfx\cache\16\api-ms-win-core-file-l1-1-0.dll
0x000002b46dde0000 - 0x000002b46dde3000 	C:\Users\Ryan Hatamosa\.openjfx\cache\16\api-ms-win-core-file-l1-2-0.dll
0x000002b46ddf0000 - 0x000002b46ddf3000 	C:\Users\Ryan Hatamosa\.openjfx\cache\16\api-ms-win-core-file-l2-1-0.dll
0x000002b46de00000 - 0x000002b46de03000 	C:\Users\Ryan Hatamosa\.openjfx\cache\16\api-ms-win-core-handle-l1-1-0.dll
0x000002b46de10000 - 0x000002b46de13000 	C:\Users\Ryan Hatamosa\.openjfx\cache\16\api-ms-win-core-heap-l1-1-0.dll
0x000002b46de20000 - 0x000002b46de23000 	C:\Users\Ryan Hatamosa\.openjfx\cache\16\api-ms-win-core-interlocked-l1-1-0.dll
0x000002b46de30000 - 0x000002b46de33000 	C:\Users\Ryan Hatamosa\.openjfx\cache\16\api-ms-win-core-libraryloader-l1-1-0.dll
0x000002b46de40000 - 0x000002b46de43000 	C:\Users\Ryan Hatamosa\.openjfx\cache\16\api-ms-win-core-localization-l1-2-0.dll
0x000002b46de50000 - 0x000002b46de53000 	C:\Users\Ryan Hatamosa\.openjfx\cache\16\api-ms-win-core-memory-l1-1-0.dll
0x000002b46de60000 - 0x000002b46de63000 	C:\Users\Ryan Hatamosa\.openjfx\cache\16\api-ms-win-core-namedpipe-l1-1-0.dll
0x000002b46de70000 - 0x000002b46de73000 	C:\Users\Ryan Hatamosa\.openjfx\cache\16\api-ms-win-core-processenvironment-l1-1-0.dll
0x000002b46de80000 - 0x000002b46de83000 	C:\Users\Ryan Hatamosa\.openjfx\cache\16\api-ms-win-core-processthreads-l1-1-0.dll
0x000002b46de90000 - 0x000002b46de93000 	C:\Users\Ryan Hatamosa\.openjfx\cache\16\api-ms-win-core-processthreads-l1-1-1.dll
0x000002b46dea0000 - 0x000002b46dea3000 	C:\Users\Ryan Hatamosa\.openjfx\cache\16\api-ms-win-core-profile-l1-1-0.dll
0x000002b46deb0000 - 0x000002b46deb3000 	C:\Users\Ryan Hatamosa\.openjfx\cache\16\api-ms-win-core-rtlsupport-l1-1-0.dll
0x000002b46dec0000 - 0x000002b46dec3000 	C:\Users\Ryan Hatamosa\.openjfx\cache\16\api-ms-win-core-string-l1-1-0.dll
0x000002b46ded0000 - 0x000002b46ded3000 	C:\Users\Ryan Hatamosa\.openjfx\cache\16\api-ms-win-core-synch-l1-1-0.dll
0x000002b46dee0000 - 0x000002b46dee3000 	C:\Users\Ryan Hatamosa\.openjfx\cache\16\api-ms-win-core-synch-l1-2-0.dll
0x000002b46def0000 - 0x000002b46def3000 	C:\Users\Ryan Hatamosa\.openjfx\cache\16\api-ms-win-core-sysinfo-l1-1-0.dll
0x000002b46df00000 - 0x000002b46df03000 	C:\Users\Ryan Hatamosa\.openjfx\cache\16\api-ms-win-core-timezone-l1-1-0.dll
0x000002b46df10000 - 0x000002b46df13000 	C:\Users\Ryan Hatamosa\.openjfx\cache\16\api-ms-win-core-util-l1-1-0.dll
0x000002b46df20000 - 0x000002b46df23000 	C:\Users\Ryan Hatamosa\.openjfx\cache\16\api-ms-win-crt-conio-l1-1-0.dll
0x000002b46df30000 - 0x000002b46df34000 	C:\Users\Ryan Hatamosa\.openjfx\cache\16\api-ms-win-crt-convert-l1-1-0.dll
0x000002b46df40000 - 0x000002b46df43000 	C:\Users\Ryan Hatamosa\.openjfx\cache\16\api-ms-win-crt-environment-l1-1-0.dll
0x000002b46df50000 - 0x000002b46df53000 	C:\Users\Ryan Hatamosa\.openjfx\cache\16\api-ms-win-crt-filesystem-l1-1-0.dll
0x000002b46df60000 - 0x000002b46df63000 	C:\Users\Ryan Hatamosa\.openjfx\cache\16\api-ms-win-crt-heap-l1-1-0.dll
0x000002b46df70000 - 0x000002b46df73000 	C:\Users\Ryan Hatamosa\.openjfx\cache\16\api-ms-win-crt-locale-l1-1-0.dll
0x000002b46df80000 - 0x000002b46df85000 	C:\Users\Ryan Hatamosa\.openjfx\cache\16\api-ms-win-crt-math-l1-1-0.dll
0x000002b46df90000 - 0x000002b46df95000 	C:\Users\Ryan Hatamosa\.openjfx\cache\16\api-ms-win-crt-multibyte-l1-1-0.dll
0x000002b46dfa0000 - 0x000002b46dfb0000 	C:\Users\Ryan Hatamosa\.openjfx\cache\16\api-ms-win-crt-private-l1-1-0.dll
0x000002b46dfb0000 - 0x000002b46dfb3000 	C:\Users\Ryan Hatamosa\.openjfx\cache\16\api-ms-win-crt-process-l1-1-0.dll
0x000002b46dfc0000 - 0x000002b46dfc4000 	C:\Users\Ryan Hatamosa\.openjfx\cache\16\api-ms-win-crt-runtime-l1-1-0.dll
0x000002b46dfd0000 - 0x000002b46dfd4000 	C:\Users\Ryan Hatamosa\.openjfx\cache\16\api-ms-win-crt-stdio-l1-1-0.dll
0x000002b46dfe0000 - 0x000002b46dfe4000 	C:\Users\Ryan Hatamosa\.openjfx\cache\16\api-ms-win-crt-string-l1-1-0.dll
0x000002b46dff0000 - 0x000002b46dff3000 	C:\Users\Ryan Hatamosa\.openjfx\cache\16\api-ms-win-crt-time-l1-1-0.dll
0x000002b46f400000 - 0x000002b46f403000 	C:\Users\Ryan Hatamosa\.openjfx\cache\16\api-ms-win-crt-utility-l1-1-0.dll
0x00007ffaf2850000 - 0x00007ffaf294c000 	C:\Users\Ryan Hatamosa\.openjfx\cache\16\ucrtbase.dll
0x00007ffafed90000 - 0x00007ffafeda9000 	C:\Users\Ryan Hatamosa\.openjfx\cache\16\vcruntime140.dll
0x00007ffb0ae80000 - 0x00007ffb0ae8c000 	C:\Users\Ryan Hatamosa\.openjfx\cache\16\vcruntime140_1.dll
0x00007ffaf84c0000 - 0x00007ffaf8551000 	C:\Users\Ryan Hatamosa\.openjfx\cache\16\msvcp140.dll
0x00007ffafba40000 - 0x00007ffafba67000 	C:\Users\Ryan Hatamosa\.openjfx\cache\16\prism_d3d.dll
0x00007ffb05210000 - 0x00007ffb053d7000 	C:\WINDOWS\system32\d3d9.dll
0x00007ffb127b0000 - 0x00007ffb127dd000 	C:\WINDOWS\SYSTEM32\dwmapi.dll
0x00007ffb12be0000 - 0x00007ffb12c00000 	C:\WINDOWS\SYSTEM32\dxcore.dll
0x00007ffb12280000 - 0x00007ffb12319000 	C:\WINDOWS\system32\uxtheme.dll
0x00007ffb13fd0000 - 0x00007ffb13fe2000 	C:\WINDOWS\System32\msasn1.dll
0x00007ffb0e7f0000 - 0x00007ffb0e81f000 	C:\WINDOWS\SYSTEM32\cryptnet.dll
0x00007ffb14fc0000 - 0x00007ffb15111000 	C:\WINDOWS\System32\CRYPT32.dll
0x00007ffb138e0000 - 0x00007ffb138ec000 	C:\WINDOWS\SYSTEM32\cryptbase.dll
0x00007ffb14f40000 - 0x00007ffb14f9c000 	C:\WINDOWS\System32\WINTRUST.DLL
0x00007ffb156c0000 - 0x00007ffb156dd000 	C:\WINDOWS\System32\imagehlp.dll
0x00007ffb132f0000 - 0x00007ffb13323000 	C:\WINDOWS\system32\rsaenh.dll
0x00007ffb142a0000 - 0x00007ffb142c6000 	C:\WINDOWS\System32\bcrypt.dll
0x00007ffafa050000 - 0x00007ffafa092000 	C:\Users\Ryan Hatamosa\.openjfx\cache\16\glass.dll
0x00007ffb16740000 - 0x00007ffb16810000 	C:\WINDOWS\System32\COMDLG32.dll
0x00007ffb158a0000 - 0x00007ffb159f7000 	C:\WINDOWS\System32\ole32.dll
0x00007ffb15530000 - 0x00007ffb155f5000 	C:\WINDOWS\System32\OLEAUT32.dll
0x00007ffb15170000 - 0x00007ffb152a5000 	C:\WINDOWS\System32\MSCTF.dll
0x00007ffaf3610000 - 0x00007ffaf38c9000 	C:\WINDOWS\system32\nvspcap64.dll
0x00007ffb12f70000 - 0x00007ffb12fa1000 	C:\WINDOWS\SYSTEM32\ntmarta.dll
0x00007ffb12b20000 - 0x00007ffb12b42000 	C:\WINDOWS\SYSTEM32\gpapi.dll
0x00007ffafeb30000 - 0x00007ffafeb44000 	C:\Users\Ryan Hatamosa\.openjfx\cache\16\javafx_font.dll
0x00007ffaf1920000 - 0x00007ffaf1c1e000 	C:\WINDOWS\SYSTEM32\dwrite.dll
0x00007ffb15a00000 - 0x00007ffb15aa2000 	C:\WINDOWS\System32\clbcatq.dll
0x00007ffb0f480000 - 0x00007ffb0f62f000 	C:\WINDOWS\SYSTEM32\WindowsCodecs.dll
0x00007ffb06210000 - 0x00007ffb0624b000 	C:\WINDOWS\system32\dataexchange.dll
0x00007ffb11340000 - 0x00007ffb1159b000 	C:\WINDOWS\system32\d3d11.dll
0x00007ffb11a30000 - 0x00007ffb11c0d000 	C:\WINDOWS\system32\dcomp.dll
0x00007ffb12c00000 - 0x00007ffb12ceb000 	C:\WINDOWS\system32\dxgi.dll
0x00007ffb12340000 - 0x00007ffb1259a000 	C:\WINDOWS\system32\twinapi.appcore.dll
0x00007ffb12780000 - 0x00007ffb127a9000 	C:\WINDOWS\system32\RMCLIENT.dll
0x00007ffafee20000 - 0x00007ffafee53000 	C:\Program Files\Common Files\Microsoft Shared\Ink\rtscom.dll
0x00007ffafe610000 - 0x00007ffafe6ad000 	C:\WINDOWS\System32\TextInputFramework.dll

dbghelp: loaded successfully - version: 4.0.5 - missing functions: none
symbol engine: initialized successfully - sym options: 0x614 - pdb path: .;C:\Users\Ryan Hatamosa\.jdks\openjdk-16\bin;C:\WINDOWS\SYSTEM32;C:\WINDOWS\WinSxS\amd64_microsoft.windows.common-controls_6595b64144ccf1df_6.0.18362.1440_none_9e7dbfb9e45e8e67;C:\Users\Ryan Hatamosa\.jdks\openjdk-16\bin\server;C:\Users\Ryan Hatamosa\AppData\Local\JetBrains\Toolbox\apps\IDEA-U\ch-0\211.6693.111\bin;C:\Users\Ryan Hatamosa\.openjfx\cache\16;C:\WINDOWS\System32\DriverStore\FileRepository\nv_dispi.inf_amd64_a51067c0ac557884;C:\Program Files\Common Files\Microsoft Shared\Ink

VM Arguments:
jvm_args: -javaagent:C:\Users\Ryan Hatamosa\AppData\Local\JetBrains\Toolbox\apps\IDEA-U\ch-0\211.6693.111\lib\idea_rt.jar=54911:C:\Users\Ryan Hatamosa\AppData\Local\JetBrains\Toolbox\apps\IDEA-U\ch-0\211.6693.111\bin -Dfile.encoding=UTF-8 --module-path=C:\Users\Ryan Hatamosa\IdeaProjects\TeamCrunch\out\production\TeamCrunch;C:\Users\Ryan Hatamosa\.m2\repository\org\openjfx\javafx-fxml\16\javafx-fxml-16.jar;C:\Users\Ryan Hatamosa\.m2\repository\org\openjfx\javafx-fxml\16\javafx-fxml-16-win.jar;C:\Users\Ryan Hatamosa\.m2\repository\org\openjfx\javafx-controls\16\javafx-controls-16.jar;C:\Users\Ryan Hatamosa\.m2\repository\org\openjfx\javafx-controls\16\javafx-controls-16-win.jar;C:\Users\Ryan Hatamosa\.m2\repository\org\openjfx\javafx-graphics\16\javafx-graphics-16.jar;C:\Users\Ryan Hatamosa\.m2\repository\org\openjfx\javafx-graphics\16\javafx-graphics-16-win.jar;C:\Users\Ryan Hatamosa\.m2\repository\org\openjfx\javafx-base\16\javafx-base-16.jar;C:\Users\Ryan Hatamosa\.m2\repository\org\openjfx\javafx-base\16\javafx-base-16-win.jar -Djdk.module.main=TeamCrunch 
java_command: TeamCrunch/sample.Main
java_class_path (initial): <not set>
Launcher Type: SUN_STANDARD

[Global flags]
     intx CICompilerCount                          = 4                                         {product} {ergonomic}
     uint ConcGCThreads                            = 3                                         {product} {ergonomic}
     uint G1ConcRefinementThreads                  = 10                                        {product} {ergonomic}
   size_t G1HeapRegionSize                         = 2097152                                   {product} {ergonomic}
    uintx GCDrainStackTargetSize                   = 64                                        {product} {ergonomic}
   size_t InitialHeapSize                          = 268435456                                 {product} {ergonomic}
   size_t MarkStackSize                            = 4194304                                   {product} {ergonomic}
   size_t MaxHeapSize                              = 4278190080                                {product} {ergonomic}
   size_t MaxNewSize                               = 2566914048                                {product} {ergonomic}
   size_t MinHeapDeltaBytes                        = 2097152                                   {product} {ergonomic}
   size_t MinHeapSize                              = 8388608                                   {product} {ergonomic}
    uintx NonNMethodCodeHeapSize                   = 5839372                                {pd product} {ergonomic}
    uintx NonProfiledCodeHeapSize                  = 122909434                              {pd product} {ergonomic}
    uintx ProfiledCodeHeapSize                     = 122909434                              {pd product} {ergonomic}
    uintx ReservedCodeCacheSize                    = 251658240                              {pd product} {ergonomic}
     bool SegmentedCodeCache                       = true                                      {product} {ergonomic}
   size_t SoftMaxHeapSize                          = 4278190080                             {manageable} {ergonomic}
     bool UseCompressedClassPointers               = true                           {product lp64_product} {ergonomic}
     bool UseCompressedOops                        = true                           {product lp64_product} {ergonomic}
     bool UseG1GC                                  = true                                      {product} {ergonomic}
     bool UseLargePagesIndividualAllocation        = false                                  {pd product} {ergonomic}

Logging:
Log output configuration:
 #0: stdout all=off uptime,level,tags
 #1: stderr all=off uptime,level,tags

Environment Variables:
JAVA_HOME=C:\Program Files\Java\jdk-11.0.2
PATH=C:\Program Files\Amazon Corretto\jdk11.0.4_10\bin;C:\Windows\system32;C:\Windows;C:\Windows\System32\Wbem;C:\Windows\System32\WindowsPowerShell\v1.0\;C:\Program Files (x86)\NVIDIA Corporation\PhysX\Common;C:\WINDOWS\system32;C:\WINDOWS;C:\WINDOWS\System32\Wbem;C:\WINDOWS\System32\WindowsPowerShell\v1.0\;C:\WINDOWS\System32\OpenSSH\;C:\Program Files\Git\cmd;C:\Program Files\NVIDIA Corporation\NVIDIA NvDLISR;C:\WINDOWS\system32;C:\WINDOWS;C:\WINDOWS\System32\Wbem;C:\WINDOWS\System32\WindowsPowerShell\v1.0\;C:\WINDOWS\System32\OpenSSH\;C:\Program Files\Java\jdk-11.0.2\bin;C:\apache-maven-3.6.3\bin;C:\Users\Ryan Hatamosa\AppData\Local\Programs\Python\Python39\Scripts\;C:\Users\Ryan Hatamosa\AppData\Local\Programs\Python\Python39\;C:\Users\Ryan Hatamosa\AppData\Local\Microsoft\WindowsApps;C:\Users\Ryan Hatamosa\AppData\Local\atom\bin;C:\Users\Ryan Hatamosa\AppData\Local\Programs\Microsoft VS Code\bin;C:\Users\Ryan Hatamosa\AppData\Local\Microsoft\WindowsApps;C:\Users\Ryan Hatamosa\AppData\Local\GitHubDesktop\bin;C:\Users\Ryan Hatamosa\Desktop\DeveloperTools\gradle-6.7.1\bin;
USERNAME=Ryan Hatamosa
OS=Windows_NT
PROCESSOR_IDENTIFIER=Intel64 Family 6 Model 158 Stepping 10, GenuineIntel



---------------  S Y S T E M  ---------------

OS:
 Windows 10 , 64 bit Build 18362 (10.0.18362.1350)
OS uptime: 4 days 13:57 hours
Hyper-V role detected

CPU: total 12 (initial active 12) (6 cores per cpu, 2 threads per core) family 6 model 158 stepping 10 microcode 0x96, cx8, cmov, fxsr, ht, mmx, 3dnowpref, sse, sse2, sse3, ssse3, sse4.1, sse4.2, popcnt, lzcnt, tsc, tscinvbit, avx, avx2, aes, erms, clmul, bmi1, bmi2, rtm, adx, fma, vzeroupper, clflush, clflushopt, hv

Memory: 4k page, system-wide physical 16319M (7186M free)
TotalPageFile size 21951M (AvailPageFile size 6636M)
current process WorkingSet (physical memory assigned to process): 120M, peak: 146M
current process commit charge ("private bytes"): 429M, peak: 454M

vm_info: OpenJDK 64-Bit Server VM (16+36-2231) for windows-amd64 JRE (16+36-2231), built on Feb  8 2021 11:39:36 by "mach5one" with MS VC++ 16.7 (VS2019)

END.
