#
# A fatal error has been detected by the Java Runtime Environment:
#
#  EXCEPTION_ACCESS_VIOLATION (0xc0000005) at pc=0x00007ffafaf46997, pid=24772, tid=18324
#
# JRE version: OpenJDK Runtime Environment (16.0+36) (build 16+36-2231)
# Java VM: OpenJDK 64-Bit Server VM (16+36-2231, mixed mode, sharing, tiered, compressed oops, g1 gc, windows-amd64)
# Problematic frame:
# C  [glass.dll+0x26997]
#
# No core dump will be written. Minidumps are not enabled by default on client versions of Windows
#
# If you would like to submit a bug report, please visit:
#   https://bugreport.java.com/bugreport/crash.jsp
#

---------------  S U M M A R Y ------------

Command Line: -javaagent:C:\Users\Ryan Hatamosa\AppData\Local\JetBrains\Toolbox\apps\IDEA-U\ch-0\211.6693.111\lib\idea_rt.jar=54883:C:\Users\Ryan Hatamosa\AppData\Local\JetBrains\Toolbox\apps\IDEA-U\ch-0\211.6693.111\bin -Dfile.encoding=UTF-8 --module-path=C:\Users\Ryan Hatamosa\IdeaProjects\TeamCrunch\out\production\TeamCrunch;C:\Users\Ryan Hatamosa\.m2\repository\org\openjfx\javafx-fxml\16\javafx-fxml-16.jar;C:\Users\Ryan Hatamosa\.m2\repository\org\openjfx\javafx-fxml\16\javafx-fxml-16-win.jar;C:\Users\Ryan Hatamosa\.m2\repository\org\openjfx\javafx-controls\16\javafx-controls-16.jar;C:\Users\Ryan Hatamosa\.m2\repository\org\openjfx\javafx-controls\16\javafx-controls-16-win.jar;C:\Users\Ryan Hatamosa\.m2\repository\org\openjfx\javafx-graphics\16\javafx-graphics-16.jar;C:\Users\Ryan Hatamosa\.m2\repository\org\openjfx\javafx-graphics\16\javafx-graphics-16-win.jar;C:\Users\Ryan Hatamosa\.m2\repository\org\openjfx\javafx-base\16\javafx-base-16.jar;C:\Users\Ryan Hatamosa\.m2\repository\org\openjfx\javafx-base\16\javafx-base-16-win.jar -Djdk.module.main=TeamCrunch TeamCrunch/sample.Main

Host: Intel(R) Core(TM) i7-8700K CPU @ 3.70GHz, 12 cores, 15G,  Windows 10 , 64 bit Build 18362 (10.0.18362.1350)
Time: Sat Apr 10 10:54:42 2021 Eastern Daylight Time elapsed time: 6.892880 seconds (0d 0h 0m 6s)

---------------  T H R E A D  ---------------

Current thread (0x000002224ec46720):  VMThread "VM Thread" [stack: 0x000000c0f9900000,0x000000c0f9a00000] [id=18324]

Stack: [0x000000c0f9900000,0x000000c0f9a00000],  sp=0x000000c0f99ff2f0,  free space=1020k
Native frames: (J=compiled Java code, j=interpreted, Vv=VM code, C=native code)
C  [glass.dll+0x26997]


siginfo: EXCEPTION_ACCESS_VIOLATION (0xc0000005), reading address 0x0000000000000000


Register to memory mapping:

RIP=0x00007ffafaf46997 glass.dll
RAX=0x0 is NULL
RBX=0x000002224ec4c9f0 is a global jni handle
RCX=0x000002224ec46720 points into unknown readable memory: 0x00007ffacb60f698 | 98 f6 60 cb fa 7f 00 00
RDX=0x000000c0f99ff2f0 points into unknown readable memory: 0x0000000000000000 | 00 00 00 00 00 00 00 00
RSP=0x000000c0f99ff2f0 points into unknown readable memory: 0x0000000000000000 | 00 00 00 00 00 00 00 00
RBP=0x000002224ff19568 points into unknown readable memory: 0x0000b4fe46a4fdf5 | f5 fd a4 46 fe b4 00 00
RSI=0x000002224ff19540 points into unknown readable memory: 0xa980b4f1b9fba372 | 72 a3 fb b9 f1 b4 80 a9
RDI=0x0000b4fe46a4fdf5 is an unknown value
R8 =0x0000000000010002 is an unknown value
R9 =0x0000b4fe46a4fdf5 is an unknown value
R10=0x0000000000008000 is an unknown value
R11=0x000000c0f99ff280 points into unknown readable memory: 0x000002224ff19540 | 40 95 f1 4f 22 02 00 00
R12=0x00007ffafaf44234 glass.dll
R13=0x000002222bc161d0 points into unknown readable memory: 0x8000000900000001 | 01 00 00 00 09 00 00 80
R14=0x000000c0f99ff3e8 points into unknown readable memory: 0x000000c0f99ff3d0 | d0 f3 9f f9 c0 00 00 00
R15=0x000002224ff19540 points into unknown readable memory: 0xa980b4f1b9fba372 | 72 a3 fb b9 f1 b4 80 a9


Registers:
RAX=0x0000000000000000, RBX=0x000002224ec4c9f0, RCX=0x000002224ec46720, RDX=0x000000c0f99ff2f0
RSP=0x000000c0f99ff2f0, RBP=0x000002224ff19568, RSI=0x000002224ff19540, RDI=0x0000b4fe46a4fdf5
R8 =0x0000000000010002, R9 =0x0000b4fe46a4fdf5, R10=0x0000000000008000, R11=0x000000c0f99ff280
R12=0x00007ffafaf44234, R13=0x000002222bc161d0, R14=0x000000c0f99ff3e8, R15=0x000002224ff19540
RIP=0x00007ffafaf46997, EFLAGS=0x0000000000010206

Top of Stack: (sp=0x000000c0f99ff2f0)
0x000000c0f99ff2f0:   0000000000000000 000002224ff19540
0x000000c0f99ff300:   000002224ff19540 00007ffafaf571a0
0x000000c0f99ff310:   000002224ff19548 00007ffb14379d26
0x000000c0f99ff320:   0000b4fe46a4fdf5 0000022200000000
0x000000c0f99ff330:   0000000000000000 00007ffb14379f66
0x000000c0f99ff340:   fffffffffffffffe 0000000000000000
0x000000c0f99ff350:   0000000000000001 00007ffafaf20000
0x000000c0f99ff360:   000000c0f99ff3d8 00007ffb14379c4b
0x000000c0f99ff370:   0000000000000000 000000c0f99ff3e8
0x000000c0f99ff380:   000000c0f99ff6b0 00007ffb1444bc20
0x000000c0f99ff390:   0000000000000001 00007ffb14379c04
0x000000c0f99ff3a0:   0000000000000000 0000000000000001
0x000000c0f99ff3b0:   0000000000000000 000000c0f99ff3d8
0x000000c0f99ff3c0:   ffffffff00000001 00007ffafaf440c1
0x000000c0f99ff3d0:   00007ffafaf5a128 00007ffa00000002
0x000000c0f99ff3e0:   0000000000000002 000000c0f99ff3d0 

Instructions: (pc=0x00007ffafaf46997)
0x00007ffafaf46897:   8b 4d 58 e8 d1 ce ff ff 48 8b 4d 60 e8 c8 ce ff
0x00007ffafaf468a7:   ff 48 8b 95 80 00 00 00 48 8b 8d 18 01 00 00 e8
0x00007ffafaf468b7:   96 c3 ff ff 33 d2 33 c9 e8 12 e1 ff ff 90 48 89
0x00007ffafaf468c7:   54 24 10 55 48 83 ec 20 48 8b ea 48 b8 00 00 00
0x00007ffafaf468d7:   00 00 00 00 00 48 83 c4 20 5d c3 cc 40 55 48 8b
0x00007ffafaf468e7:   ea 48 8b 01 33 c9 81 38 05 00 00 c0 0f 94 c1 8b
0x00007ffafaf468f7:   c1 5d c3 cc 40 55 48 83 ec 20 48 8b ea 8a 4d 40
0x00007ffafaf46907:   48 83 c4 20 5d e9 c7 d2 ff ff cc 40 55 48 83 ec
0x00007ffafaf46917:   20 48 8b ea 8a 4d 20 e8 b5 d2 ff ff 90 48 83 c4
0x00007ffafaf46927:   20 5d c3 cc 40 55 48 83 ec 20 48 8b ea 48 83 c4
0x00007ffafaf46937:   20 5d e9 16 d1 ff ff cc 40 55 48 83 ec 30 48 8b
0x00007ffafaf46947:   ea 48 8b 01 8b 10 48 89 4c 24 28 89 54 24 20 4c
0x00007ffafaf46957:   8d 0d b7 d5 ff ff 4c 8b 45 70 8b 55 68 48 8b 4d
0x00007ffafaf46967:   60 e8 57 d0 ff ff 90 48 83 c4 30 5d c3 cc cc cc
0x00007ffafaf46977:   cc cc cc cc cc cc cc cc cc 40 53 48 83 ec 20 48
0x00007ffafaf46987:   8b 1d 93 31 01 00 48 85 db 74 16 e8 29 8b ff ff
0x00007ffafaf46997:   4c 8b 00 48 8b d3 48 8b c8 41 ff 90 b0 00 00 00
0x00007ffafaf469a7:   90 48 83 c4 20 5b c3 cc cc 40 53 48 83 ec 20 48
0x00007ffafaf469b7:   8b 1d 0b 33 01 00 48 85 db 74 57 b8 ff ff ff ff
0x00007ffafaf469c7:   f0 0f c1 43 10 83 f8 01 75 3d 48 85 db 74 38 48
0x00007ffafaf469d7:   8b 0b 48 85 c9 74 0d ff 15 c4 08 00 00 48 c7 03
0x00007ffafaf469e7:   00 00 00 00 48 8b 4b 08 48 85 c9 74 0d e8 77 cd
0x00007ffafaf469f7:   ff ff 48 c7 43 08 00 00 00 00 ba 18 00 00 00 48
0x00007ffafaf46a07:   8b cb e8 62 cd ff ff 48 c7 05 af 32 01 00 00 00
0x00007ffafaf46a17:   00 00 48 83 c4 20 5b c3 cc 40 53 48 83 ec 20 48
0x00007ffafaf46a27:   8b 1d 7b 32 01 00 48 85 db 74 57 b8 ff ff ff ff
0x00007ffafaf46a37:   f0 0f c1 43 10 83 f8 01 75 3d 48 85 db 74 38 48
0x00007ffafaf46a47:   8b 0b 48 85 c9 74 0d ff 15 54 08 00 00 48 c7 03
0x00007ffafaf46a57:   00 00 00 00 48 8b 4b 08 48 85 c9 74 0d e8 07 cd
0x00007ffafaf46a67:   ff ff 48 c7 43 08 00 00 00 00 ba 18 00 00 00 48
0x00007ffafaf46a77:   8b cb e8 f2 cc ff ff 48 c7 05 1f 32 01 00 00 00
0x00007ffafaf46a87:   00 00 48 83 c4 20 5b c3 cc 40 53 48 83 ec 20 48 


Stack slot to memory mapping:
stack at sp + 0 slots: 0x0 is NULL
stack at sp + 1 slots: 0x000002224ff19540 points into unknown readable memory: 0xa980b4f1b9fba372 | 72 a3 fb b9 f1 b4 80 a9
stack at sp + 2 slots: 0x000002224ff19540 points into unknown readable memory: 0xa980b4f1b9fba372 | 72 a3 fb b9 f1 b4 80 a9
stack at sp + 3 slots: 0x00007ffafaf571a0 glass.dll
stack at sp + 4 slots: 0x000002224ff19548 points into unknown readable memory: 0x0000b4fe46a4fdf5 | f5 fd a4 46 fe b4 00 00
stack at sp + 5 slots: 0x00007ffb14379d26 ucrtbase.dll
stack at sp + 6 slots: 0x0000b4fe46a4fdf5 is an unknown value
stack at sp + 7 slots: 0x0000022200000000 is an unknown value

VM_Operation (0x000000c0facfa9e0): Exit, mode: safepoint, requested by thread 0x000002224ff731d0


---------------  P R O C E S S  ---------------

Threads class SMR info:
_java_thread_list=0x0000022256a2d8c0, length=20, elements={
0x000002222bbadc70, 0x000002224ec49270, 0x000002224ec4a040, 0x000002224ec55910,
0x000002224ec56420, 0x000002224ec58e40, 0x000002224ec59b60, 0x000002224ec5ecb0,
0x000002224ec696d0, 0x000002224ec76830, 0x000002224ec2c150, 0x000002224fb53e80,
0x000002224fb543a0, 0x000002224fece3c0, 0x000002224ffec480, 0x000002224ff731d0,
0x00000222502f0310, 0x00000222502ecdf0, 0x00000222502ee880, 0x00000222502ed340
}

Java Threads: ( => current thread )
  0x000002222bbadc70 JavaThread "main" [_thread_blocked, id=12408, stack(0x000000c0f9300000,0x000000c0f9400000)]
  0x000002224ec49270 JavaThread "Reference Handler" daemon [_thread_blocked, id=11876, stack(0x000000c0f9a00000,0x000000c0f9b00000)]
  0x000002224ec4a040 JavaThread "Finalizer" daemon [_thread_blocked, id=5028, stack(0x000000c0f9b00000,0x000000c0f9c00000)]
  0x000002224ec55910 JavaThread "Signal Dispatcher" daemon [_thread_blocked, id=17524, stack(0x000000c0f9c00000,0x000000c0f9d00000)]
  0x000002224ec56420 JavaThread "Attach Listener" daemon [_thread_blocked, id=19940, stack(0x000000c0f9d00000,0x000000c0f9e00000)]
  0x000002224ec58e40 JavaThread "Service Thread" daemon [_thread_blocked, id=22632, stack(0x000000c0f9e00000,0x000000c0f9f00000)]
  0x000002224ec59b60 JavaThread "Monitor Deflation Thread" daemon [_thread_blocked, id=23112, stack(0x000000c0f9f00000,0x000000c0fa000000)]
  0x000002224ec5ecb0 JavaThread "C2 CompilerThread0" daemon [_thread_blocked, id=21672, stack(0x000000c0fa000000,0x000000c0fa100000)]
  0x000002224ec696d0 JavaThread "C1 CompilerThread0" daemon [_thread_blocked, id=21052, stack(0x000000c0fa100000,0x000000c0fa200000)]
  0x000002224ec76830 JavaThread "Sweeper thread" daemon [_thread_blocked, id=1280, stack(0x000000c0fa200000,0x000000c0fa300000)]
  0x000002224ec2c150 JavaThread "Common-Cleaner" daemon [_thread_blocked, id=14200, stack(0x000000c0fa300000,0x000000c0fa400000)]
  0x000002224fb53e80 JavaThread "Monitor Ctrl-Break" daemon [_thread_in_native, id=25120, stack(0x000000c0fa600000,0x000000c0fa700000)]
  0x000002224fb543a0 JavaThread "Notification Thread" daemon [_thread_blocked, id=4480, stack(0x000000c0fa700000,0x000000c0fa800000)]
  0x000002224fece3c0 JavaThread "QuantumRenderer-0" daemon [_thread_blocked, id=9984, stack(0x000000c0fa900000,0x000000c0faa00000)]
  0x000002224ffec480 JavaThread "InvokeLaterDispatcher" daemon [_thread_blocked, id=21332, stack(0x000000c0fab00000,0x000000c0fac00000)]
  0x000002224ff731d0 JavaThread "JavaFX Application Thread" [_thread_blocked, id=6216, stack(0x000000c0fac00000,0x000000c0fad00000)]
  0x00000222502f0310 JavaThread "JavaFX-Launcher" [_thread_blocked, id=24744, stack(0x000000c0fa500000,0x000000c0fa600000)]
  0x00000222502ecdf0 JavaThread "Thread-2" daemon [_thread_in_native, id=6704, stack(0x000000c0fa400000,0x000000c0fa500000)]
  0x00000222502ee880 JavaThread "Prism Font Disposer" daemon [_thread_blocked, id=14148, stack(0x000000c0fb730000,0x000000c0fb830000)]
  0x00000222502ed340 JavaThread "Cleaner-0" daemon [_thread_blocked, id=12080, stack(0x000000c0fb930000,0x000000c0fba30000)]

Other Threads:
=>0x000002224ec46720 VMThread "VM Thread" [stack: 0x000000c0f9900000,0x000000c0f9a00000] [id=18324]
  0x000002222bbff750 GCTaskThread "GC Thread#0" [stack: 0x000000c0f9400000,0x000000c0f9500000] [id=12692]
  0x0000022250396330 GCTaskThread "GC Thread#1" [stack: 0x000000c0fae30000,0x000000c0faf30000] [id=16476]
  0x0000022250397280 GCTaskThread "GC Thread#2" [stack: 0x000000c0faf30000,0x000000c0fb030000] [id=10768]
  0x0000022250396f70 GCTaskThread "GC Thread#3" [stack: 0x000000c0fb030000,0x000000c0fb130000] [id=7000]
  0x0000022256ae2850 GCTaskThread "GC Thread#4" [stack: 0x000000c0fb130000,0x000000c0fb230000] [id=20576]
  0x0000022256ae5c60 GCTaskThread "GC Thread#5" [stack: 0x000000c0fb230000,0x000000c0fb330000] [id=16876]
  0x000002222bc12640 ConcurrentGCThread "G1 Main Marker" terminated
  0x000002222bc13760 ConcurrentGCThread "G1 Conc#0" [stack: 0x000000c0f9600000,0x000000c0f9700000] [id=14236]
  0x000002224eb024d0 ConcurrentGCThread "G1 Refine#0" terminated
  0x000002224eb02d60 ConcurrentGCThread "G1 Service" terminated

Threads with active compile tasks:

VM state: at safepoint (shutting down)

VM Mutex/Monitor currently owned by a thread:  ([mutex/lock_event])
[0x000002222bbaa7e0] Threads_lock - owner thread: 0x000002224ec46720
[0x000002222bbaa990] Heap_lock - owner thread: 0x000002224ff731d0

Heap address: 0x0000000701000000, size: 4080 MB, Compressed Oops mode: Zero based, Oop shift amount: 3
CDS archive(s) mapped at: [0x0000000800000000-0x0000000800bb0000-0x0000000800bb0000), size 12255232, SharedBaseAddress: 0x0000000800000000, ArchiveRelocationMode: 0.
Compressed class space mapped at: 0x0000000800c00000-0x0000000840c00000, reserved size: 1073741824
Narrow klass base: 0x0000000800000000, Narrow klass shift: 3, Narrow klass range: 0x100000000

GC Precious Log:
 CPUs: 12 total, 12 available
 Memory: 16319M
 Large Page Support: Disabled
 NUMA Support: Disabled
 Compressed Oops: Enabled (Zero based)
 Heap Region Size: 2M
 Heap Min Capacity: 8M
 Heap Initial Capacity: 256M
 Heap Max Capacity: 4080M
 Pre-touch: Disabled
 Parallel Workers: 10
 Concurrent Workers: 3
 Concurrent Refinement Workers: 10
 Periodic GC: Disabled

Heap:
 garbage-first heap   total 262144K, used 33641K [0x0000000701000000, 0x0000000800000000)
  region size 2048K, 17 young (34816K), 2 survivors (4096K)
 Metaspace       used 13181K, committed 13440K, reserved 1064960K
  class space    used 1686K, committed 1792K, reserved 1048576K

Heap Regions: E=young(eden), S=young(survivor), O=old, HS=humongous(starts), HC=humongous(continues), CS=collection set, F=free, OA=open archive, CA=closed archive, TAMS=top-at-mark-start (previous, next)
|   0|0x0000000701000000, 0x0000000701200000, 0x0000000701200000|100%|HS|  |TAMS 0x0000000701000000, 0x0000000701000000| Complete 
|   1|0x0000000701200000, 0x0000000701200000, 0x0000000701400000|  0%| F|  |TAMS 0x0000000701200000, 0x0000000701200000| Untracked 
|   2|0x0000000701400000, 0x0000000701400000, 0x0000000701600000|  0%| F|  |TAMS 0x0000000701400000, 0x0000000701400000| Untracked 
|   3|0x0000000701600000, 0x0000000701600000, 0x0000000701800000|  0%| F|  |TAMS 0x0000000701600000, 0x0000000701600000| Untracked 
|   4|0x0000000701800000, 0x0000000701800000, 0x0000000701a00000|  0%| F|  |TAMS 0x0000000701800000, 0x0000000701800000| Untracked 
|   5|0x0000000701a00000, 0x0000000701a00000, 0x0000000701c00000|  0%| F|  |TAMS 0x0000000701a00000, 0x0000000701a00000| Untracked 
|   6|0x0000000701c00000, 0x0000000701c00000, 0x0000000701e00000|  0%| F|  |TAMS 0x0000000701c00000, 0x0000000701c00000| Untracked 
|   7|0x0000000701e00000, 0x0000000701e00000, 0x0000000702000000|  0%| F|  |TAMS 0x0000000701e00000, 0x0000000701e00000| Untracked 
|   8|0x0000000702000000, 0x0000000702000000, 0x0000000702200000|  0%| F|  |TAMS 0x0000000702000000, 0x0000000702000000| Untracked 
|   9|0x0000000702200000, 0x0000000702200000, 0x0000000702400000|  0%| F|  |TAMS 0x0000000702200000, 0x0000000702200000| Untracked 
|  10|0x0000000702400000, 0x0000000702400000, 0x0000000702600000|  0%| F|  |TAMS 0x0000000702400000, 0x0000000702400000| Untracked 
|  11|0x0000000702600000, 0x0000000702600000, 0x0000000702800000|  0%| F|  |TAMS 0x0000000702600000, 0x0000000702600000| Untracked 
|  12|0x0000000702800000, 0x0000000702800000, 0x0000000702a00000|  0%| F|  |TAMS 0x0000000702800000, 0x0000000702800000| Untracked 
|  13|0x0000000702a00000, 0x0000000702a00000, 0x0000000702c00000|  0%| F|  |TAMS 0x0000000702a00000, 0x0000000702a00000| Untracked 
|  14|0x0000000702c00000, 0x0000000702c00000, 0x0000000702e00000|  0%| F|  |TAMS 0x0000000702c00000, 0x0000000702c00000| Untracked 
|  15|0x0000000702e00000, 0x0000000702e00000, 0x0000000703000000|  0%| F|  |TAMS 0x0000000702e00000, 0x0000000702e00000| Untracked 
|  16|0x0000000703000000, 0x0000000703000000, 0x0000000703200000|  0%| F|  |TAMS 0x0000000703000000, 0x0000000703000000| Untracked 
|  17|0x0000000703200000, 0x0000000703200000, 0x0000000703400000|  0%| F|  |TAMS 0x0000000703200000, 0x0000000703200000| Untracked 
|  18|0x0000000703400000, 0x0000000703400000, 0x0000000703600000|  0%| F|  |TAMS 0x0000000703400000, 0x0000000703400000| Untracked 
|  19|0x0000000703600000, 0x0000000703600000, 0x0000000703800000|  0%| F|  |TAMS 0x0000000703600000, 0x0000000703600000| Untracked 
|  20|0x0000000703800000, 0x0000000703800000, 0x0000000703a00000|  0%| F|  |TAMS 0x0000000703800000, 0x0000000703800000| Untracked 
|  21|0x0000000703a00000, 0x0000000703a00000, 0x0000000703c00000|  0%| F|  |TAMS 0x0000000703a00000, 0x0000000703a00000| Untracked 
|  22|0x0000000703c00000, 0x0000000703c00000, 0x0000000703e00000|  0%| F|  |TAMS 0x0000000703c00000, 0x0000000703c00000| Untracked 
|  23|0x0000000703e00000, 0x0000000703e00000, 0x0000000704000000|  0%| F|  |TAMS 0x0000000703e00000, 0x0000000703e00000| Untracked 
|  24|0x0000000704000000, 0x0000000704000000, 0x0000000704200000|  0%| F|  |TAMS 0x0000000704000000, 0x0000000704000000| Untracked 
|  25|0x0000000704200000, 0x0000000704200000, 0x0000000704400000|  0%| F|  |TAMS 0x0000000704200000, 0x0000000704200000| Untracked 
|  26|0x0000000704400000, 0x0000000704400000, 0x0000000704600000|  0%| F|  |TAMS 0x0000000704400000, 0x0000000704400000| Untracked 
|  27|0x0000000704600000, 0x0000000704600000, 0x0000000704800000|  0%| F|  |TAMS 0x0000000704600000, 0x0000000704600000| Untracked 
|  28|0x0000000704800000, 0x0000000704800000, 0x0000000704a00000|  0%| F|  |TAMS 0x0000000704800000, 0x0000000704800000| Untracked 
|  29|0x0000000704a00000, 0x0000000704a00000, 0x0000000704c00000|  0%| F|  |TAMS 0x0000000704a00000, 0x0000000704a00000| Untracked 
|  30|0x0000000704c00000, 0x0000000704c00000, 0x0000000704e00000|  0%| F|  |TAMS 0x0000000704c00000, 0x0000000704c00000| Untracked 
|  31|0x0000000704e00000, 0x0000000704e00000, 0x0000000705000000|  0%| F|  |TAMS 0x0000000704e00000, 0x0000000704e00000| Untracked 
|  32|0x0000000705000000, 0x0000000705000000, 0x0000000705200000|  0%| F|  |TAMS 0x0000000705000000, 0x0000000705000000| Untracked 
|  33|0x0000000705200000, 0x0000000705200000, 0x0000000705400000|  0%| F|  |TAMS 0x0000000705200000, 0x0000000705200000| Untracked 
|  34|0x0000000705400000, 0x0000000705400000, 0x0000000705600000|  0%| F|  |TAMS 0x0000000705400000, 0x0000000705400000| Untracked 
|  35|0x0000000705600000, 0x0000000705600000, 0x0000000705800000|  0%| F|  |TAMS 0x0000000705600000, 0x0000000705600000| Untracked 
|  36|0x0000000705800000, 0x0000000705800000, 0x0000000705a00000|  0%| F|  |TAMS 0x0000000705800000, 0x0000000705800000| Untracked 
|  37|0x0000000705a00000, 0x0000000705a00000, 0x0000000705c00000|  0%| F|  |TAMS 0x0000000705a00000, 0x0000000705a00000| Untracked 
|  38|0x0000000705c00000, 0x0000000705c00000, 0x0000000705e00000|  0%| F|  |TAMS 0x0000000705c00000, 0x0000000705c00000| Untracked 
|  39|0x0000000705e00000, 0x0000000705e00000, 0x0000000706000000|  0%| F|  |TAMS 0x0000000705e00000, 0x0000000705e00000| Untracked 
|  40|0x0000000706000000, 0x0000000706000000, 0x0000000706200000|  0%| F|  |TAMS 0x0000000706000000, 0x0000000706000000| Untracked 
|  41|0x0000000706200000, 0x0000000706200000, 0x0000000706400000|  0%| F|  |TAMS 0x0000000706200000, 0x0000000706200000| Untracked 
|  42|0x0000000706400000, 0x0000000706400000, 0x0000000706600000|  0%| F|  |TAMS 0x0000000706400000, 0x0000000706400000| Untracked 
|  43|0x0000000706600000, 0x0000000706600000, 0x0000000706800000|  0%| F|  |TAMS 0x0000000706600000, 0x0000000706600000| Untracked 
|  44|0x0000000706800000, 0x0000000706800000, 0x0000000706a00000|  0%| F|  |TAMS 0x0000000706800000, 0x0000000706800000| Untracked 
|  45|0x0000000706a00000, 0x0000000706a00000, 0x0000000706c00000|  0%| F|  |TAMS 0x0000000706a00000, 0x0000000706a00000| Untracked 
|  46|0x0000000706c00000, 0x0000000706c00000, 0x0000000706e00000|  0%| F|  |TAMS 0x0000000706c00000, 0x0000000706c00000| Untracked 
|  47|0x0000000706e00000, 0x0000000706e00000, 0x0000000707000000|  0%| F|  |TAMS 0x0000000706e00000, 0x0000000706e00000| Untracked 
|  48|0x0000000707000000, 0x0000000707000000, 0x0000000707200000|  0%| F|  |TAMS 0x0000000707000000, 0x0000000707000000| Untracked 
|  49|0x0000000707200000, 0x0000000707200000, 0x0000000707400000|  0%| F|  |TAMS 0x0000000707200000, 0x0000000707200000| Untracked 
|  50|0x0000000707400000, 0x0000000707400000, 0x0000000707600000|  0%| F|  |TAMS 0x0000000707400000, 0x0000000707400000| Untracked 
|  51|0x0000000707600000, 0x0000000707600000, 0x0000000707800000|  0%| F|  |TAMS 0x0000000707600000, 0x0000000707600000| Untracked 
|  52|0x0000000707800000, 0x0000000707800000, 0x0000000707a00000|  0%| F|  |TAMS 0x0000000707800000, 0x0000000707800000| Untracked 
|  53|0x0000000707a00000, 0x0000000707a00000, 0x0000000707c00000|  0%| F|  |TAMS 0x0000000707a00000, 0x0000000707a00000| Untracked 
|  54|0x0000000707c00000, 0x0000000707c00000, 0x0000000707e00000|  0%| F|  |TAMS 0x0000000707c00000, 0x0000000707c00000| Untracked 
|  55|0x0000000707e00000, 0x0000000707e00000, 0x0000000708000000|  0%| F|  |TAMS 0x0000000707e00000, 0x0000000707e00000| Untracked 
|  56|0x0000000708000000, 0x0000000708000000, 0x0000000708200000|  0%| F|  |TAMS 0x0000000708000000, 0x0000000708000000| Untracked 
|  57|0x0000000708200000, 0x0000000708200000, 0x0000000708400000|  0%| F|  |TAMS 0x0000000708200000, 0x0000000708200000| Untracked 
|  58|0x0000000708400000, 0x0000000708400000, 0x0000000708600000|  0%| F|  |TAMS 0x0000000708400000, 0x0000000708400000| Untracked 
|  59|0x0000000708600000, 0x0000000708600000, 0x0000000708800000|  0%| F|  |TAMS 0x0000000708600000, 0x0000000708600000| Untracked 
|  60|0x0000000708800000, 0x0000000708800000, 0x0000000708a00000|  0%| F|  |TAMS 0x0000000708800000, 0x0000000708800000| Untracked 
|  61|0x0000000708a00000, 0x0000000708a00000, 0x0000000708c00000|  0%| F|  |TAMS 0x0000000708a00000, 0x0000000708a00000| Untracked 
|  62|0x0000000708c00000, 0x0000000708c00000, 0x0000000708e00000|  0%| F|  |TAMS 0x0000000708c00000, 0x0000000708c00000| Untracked 
|  63|0x0000000708e00000, 0x0000000708e00000, 0x0000000709000000|  0%| F|  |TAMS 0x0000000708e00000, 0x0000000708e00000| Untracked 
|  64|0x0000000709000000, 0x0000000709000000, 0x0000000709200000|  0%| F|  |TAMS 0x0000000709000000, 0x0000000709000000| Untracked 
|  65|0x0000000709200000, 0x0000000709200000, 0x0000000709400000|  0%| F|  |TAMS 0x0000000709200000, 0x0000000709200000| Untracked 
|  66|0x0000000709400000, 0x0000000709400000, 0x0000000709600000|  0%| F|  |TAMS 0x0000000709400000, 0x0000000709400000| Untracked 
|  67|0x0000000709600000, 0x0000000709600000, 0x0000000709800000|  0%| F|  |TAMS 0x0000000709600000, 0x0000000709600000| Untracked 
|  68|0x0000000709800000, 0x0000000709800000, 0x0000000709a00000|  0%| F|  |TAMS 0x0000000709800000, 0x0000000709800000| Untracked 
|  69|0x0000000709a00000, 0x0000000709a00000, 0x0000000709c00000|  0%| F|  |TAMS 0x0000000709a00000, 0x0000000709a00000| Untracked 
|  70|0x0000000709c00000, 0x0000000709c00000, 0x0000000709e00000|  0%| F|  |TAMS 0x0000000709c00000, 0x0000000709c00000| Untracked 
|  71|0x0000000709e00000, 0x0000000709e00000, 0x000000070a000000|  0%| F|  |TAMS 0x0000000709e00000, 0x0000000709e00000| Untracked 
|  72|0x000000070a000000, 0x000000070a000000, 0x000000070a200000|  0%| F|  |TAMS 0x000000070a000000, 0x000000070a000000| Untracked 
|  73|0x000000070a200000, 0x000000070a200000, 0x000000070a400000|  0%| F|  |TAMS 0x000000070a200000, 0x000000070a200000| Untracked 
|  74|0x000000070a400000, 0x000000070a400000, 0x000000070a600000|  0%| F|  |TAMS 0x000000070a400000, 0x000000070a400000| Untracked 
|  75|0x000000070a600000, 0x000000070a600000, 0x000000070a800000|  0%| F|  |TAMS 0x000000070a600000, 0x000000070a600000| Untracked 
|  76|0x000000070a800000, 0x000000070a800000, 0x000000070aa00000|  0%| F|  |TAMS 0x000000070a800000, 0x000000070a800000| Untracked 
|  77|0x000000070aa00000, 0x000000070aa00000, 0x000000070ac00000|  0%| F|  |TAMS 0x000000070aa00000, 0x000000070aa00000| Untracked 
|  78|0x000000070ac00000, 0x000000070ac00000, 0x000000070ae00000|  0%| F|  |TAMS 0x000000070ac00000, 0x000000070ac00000| Untracked 
|  79|0x000000070ae00000, 0x000000070ae00000, 0x000000070b000000|  0%| F|  |TAMS 0x000000070ae00000, 0x000000070ae00000| Untracked 
|  80|0x000000070b000000, 0x000000070b000000, 0x000000070b200000|  0%| F|  |TAMS 0x000000070b000000, 0x000000070b000000| Untracked 
|  81|0x000000070b200000, 0x000000070b200000, 0x000000070b400000|  0%| F|  |TAMS 0x000000070b200000, 0x000000070b200000| Untracked 
|  82|0x000000070b400000, 0x000000070b400000, 0x000000070b600000|  0%| F|  |TAMS 0x000000070b400000, 0x000000070b400000| Untracked 
|  83|0x000000070b600000, 0x000000070b600000, 0x000000070b800000|  0%| F|  |TAMS 0x000000070b600000, 0x000000070b600000| Untracked 
|  84|0x000000070b800000, 0x000000070b800000, 0x000000070ba00000|  0%| F|  |TAMS 0x000000070b800000, 0x000000070b800000| Untracked 
|  85|0x000000070ba00000, 0x000000070ba00000, 0x000000070bc00000|  0%| F|  |TAMS 0x000000070ba00000, 0x000000070ba00000| Untracked 
|  86|0x000000070bc00000, 0x000000070bc00000, 0x000000070be00000|  0%| F|  |TAMS 0x000000070bc00000, 0x000000070bc00000| Untracked 
|  87|0x000000070be00000, 0x000000070be00000, 0x000000070c000000|  0%| F|  |TAMS 0x000000070be00000, 0x000000070be00000| Untracked 
|  88|0x000000070c000000, 0x000000070c000000, 0x000000070c200000|  0%| F|  |TAMS 0x000000070c000000, 0x000000070c000000| Untracked 
|  89|0x000000070c200000, 0x000000070c200000, 0x000000070c400000|  0%| F|  |TAMS 0x000000070c200000, 0x000000070c200000| Untracked 
|  90|0x000000070c400000, 0x000000070c400000, 0x000000070c600000|  0%| F|  |TAMS 0x000000070c400000, 0x000000070c400000| Untracked 
|  91|0x000000070c600000, 0x000000070c600000, 0x000000070c800000|  0%| F|  |TAMS 0x000000070c600000, 0x000000070c600000| Untracked 
|  92|0x000000070c800000, 0x000000070c800000, 0x000000070ca00000|  0%| F|  |TAMS 0x000000070c800000, 0x000000070c800000| Untracked 
|  93|0x000000070ca00000, 0x000000070ca00000, 0x000000070cc00000|  0%| F|  |TAMS 0x000000070ca00000, 0x000000070ca00000| Untracked 
|  94|0x000000070cc00000, 0x000000070cc00000, 0x000000070ce00000|  0%| F|  |TAMS 0x000000070cc00000, 0x000000070cc00000| Untracked 
|  95|0x000000070ce00000, 0x000000070ce00000, 0x000000070d000000|  0%| F|  |TAMS 0x000000070ce00000, 0x000000070ce00000| Untracked 
|  96|0x000000070d000000, 0x000000070d000000, 0x000000070d200000|  0%| F|  |TAMS 0x000000070d000000, 0x000000070d000000| Untracked 
|  97|0x000000070d200000, 0x000000070d200000, 0x000000070d400000|  0%| F|  |TAMS 0x000000070d200000, 0x000000070d200000| Untracked 
|  98|0x000000070d400000, 0x000000070d400000, 0x000000070d600000|  0%| F|  |TAMS 0x000000070d400000, 0x000000070d400000| Untracked 
|  99|0x000000070d600000, 0x000000070d600000, 0x000000070d800000|  0%| F|  |TAMS 0x000000070d600000, 0x000000070d600000| Untracked 
| 100|0x000000070d800000, 0x000000070d800000, 0x000000070da00000|  0%| F|  |TAMS 0x000000070d800000, 0x000000070d800000| Untracked 
| 101|0x000000070da00000, 0x000000070da00000, 0x000000070dc00000|  0%| F|  |TAMS 0x000000070da00000, 0x000000070da00000| Untracked 
| 102|0x000000070dc00000, 0x000000070dc00000, 0x000000070de00000|  0%| F|  |TAMS 0x000000070dc00000, 0x000000070dc00000| Untracked 
| 103|0x000000070de00000, 0x000000070de00000, 0x000000070e000000|  0%| F|  |TAMS 0x000000070de00000, 0x000000070de00000| Untracked 
| 104|0x000000070e000000, 0x000000070e000000, 0x000000070e200000|  0%| F|  |TAMS 0x000000070e000000, 0x000000070e000000| Untracked 
| 105|0x000000070e200000, 0x000000070e200000, 0x000000070e400000|  0%| F|  |TAMS 0x000000070e200000, 0x000000070e200000| Untracked 
| 106|0x000000070e400000, 0x000000070e400000, 0x000000070e600000|  0%| F|  |TAMS 0x000000070e400000, 0x000000070e400000| Untracked 
| 107|0x000000070e600000, 0x000000070e600000, 0x000000070e800000|  0%| F|  |TAMS 0x000000070e600000, 0x000000070e600000| Untracked 
| 108|0x000000070e800000, 0x000000070e800000, 0x000000070ea00000|  0%| F|  |TAMS 0x000000070e800000, 0x000000070e800000| Untracked 
| 109|0x000000070ea00000, 0x000000070ea00000, 0x000000070ec00000|  0%| F|  |TAMS 0x000000070ea00000, 0x000000070ea00000| Untracked 
| 110|0x000000070ec00000, 0x000000070ec00000, 0x000000070ee00000|  0%| F|  |TAMS 0x000000070ec00000, 0x000000070ec00000| Untracked 
| 111|0x000000070ee00000, 0x000000070efd86a0, 0x000000070f000000| 92%| E|  |TAMS 0x000000070ee00000, 0x000000070ee00000| Complete 
| 112|0x000000070f000000, 0x000000070f200000, 0x000000070f200000|100%| E|CS|TAMS 0x000000070f000000, 0x000000070f000000| Complete 
| 113|0x000000070f200000, 0x000000070f400000, 0x000000070f400000|100%| E|CS|TAMS 0x000000070f200000, 0x000000070f200000| Complete 
| 114|0x000000070f400000, 0x000000070f600000, 0x000000070f600000|100%| E|CS|TAMS 0x000000070f400000, 0x000000070f400000| Complete 
| 115|0x000000070f600000, 0x000000070f6da4d0, 0x000000070f800000| 42%| S|CS|TAMS 0x000000070f600000, 0x000000070f600000| Complete 
| 116|0x000000070f800000, 0x000000070fa00000, 0x000000070fa00000|100%| S|CS|TAMS 0x000000070f800000, 0x000000070f800000| Complete 
| 117|0x000000070fa00000, 0x000000070fc00000, 0x000000070fc00000|100%| E|CS|TAMS 0x000000070fa00000, 0x000000070fa00000| Complete 
| 118|0x000000070fc00000, 0x000000070fe00000, 0x000000070fe00000|100%| E|CS|TAMS 0x000000070fc00000, 0x000000070fc00000| Complete 
| 119|0x000000070fe00000, 0x0000000710000000, 0x0000000710000000|100%| E|CS|TAMS 0x000000070fe00000, 0x000000070fe00000| Complete 
| 120|0x0000000710000000, 0x0000000710200000, 0x0000000710200000|100%| E|CS|TAMS 0x0000000710000000, 0x0000000710000000| Complete 
| 121|0x0000000710200000, 0x0000000710400000, 0x0000000710400000|100%| E|CS|TAMS 0x0000000710200000, 0x0000000710200000| Complete 
| 122|0x0000000710400000, 0x0000000710600000, 0x0000000710600000|100%| E|CS|TAMS 0x0000000710400000, 0x0000000710400000| Complete 
| 123|0x0000000710600000, 0x0000000710800000, 0x0000000710800000|100%| E|CS|TAMS 0x0000000710600000, 0x0000000710600000| Complete 
| 124|0x0000000710800000, 0x0000000710a00000, 0x0000000710a00000|100%| E|CS|TAMS 0x0000000710800000, 0x0000000710800000| Complete 
| 125|0x0000000710a00000, 0x0000000710c00000, 0x0000000710c00000|100%| E|CS|TAMS 0x0000000710a00000, 0x0000000710a00000| Complete 
| 126|0x0000000710c00000, 0x0000000710e00000, 0x0000000710e00000|100%| E|CS|TAMS 0x0000000710c00000, 0x0000000710c00000| Complete 
| 127|0x0000000710e00000, 0x0000000711000000, 0x0000000711000000|100%| E|CS|TAMS 0x0000000710e00000, 0x0000000710e00000| Complete 

Card table byte_map: [0x0000022243060000,0x0000022243860000] _byte_map_base: 0x000002223f858000

Marking Bits (Prev, Next): (CMBitMap*) 0x000002222bc00d60, (CMBitMap*) 0x000002222bc00da0
 Prev Bits: [0x0000022244060000, 0x0000022248020000)
 Next Bits: [0x0000022248020000, 0x000002224bfe0000)

Polling page: 0x0000022229980000

Metaspace:

Usage:
  Non-class:     11.23 MB used.
      Class:      1.65 MB used.
       Both:     12.87 MB used.

Virtual space:
  Non-class space:       16.00 MB reserved,      11.38 MB ( 71%) committed,  2 nodes.
      Class space:        1.00 GB reserved,       1.75 MB ( <1%) committed,  1 nodes.
              Both:        1.02 GB reserved,      13.13 MB (  1%) committed. 

Chunk freelists:
   Non-Class:  624.00 KB
       Class:  2.17 MB
        Both:  2.78 MB

MaxMetaspaceSize: 17179869184.00 GB
CompressedClassSpaceSize: 1.00 GB
 - commit_granule_bytes: 65536.
 - commit_granule_words: 8192.
 - virtual_space_node_default_size: 1048576.
 - enlarge_chunks_in_place: 1.
 - new_chunks_are_fully_committed: 0.
 - uncommit_free_chunks: 1.
 - use_allocation_guard: 0.
 - handle_deallocations: 1.


Internal statistics:

num_allocs_failed_limit: 0.
num_arena_births: 194.
num_arena_deaths: 0.
num_vsnodes_births: 3.
num_vsnodes_deaths: 0.
num_space_committed: 210.
num_space_uncommitted: 0.
num_chunks_returned_to_freelist: 0.
num_chunks_taken_from_freelist: 593.
num_chunk_merges: 0.
num_chunk_splits: 407.
num_chunks_enlarged: 317.
num_purges: 0.

CodeHeap 'non-profiled nmethods': size=120000Kb used=917Kb max_used=917Kb free=119082Kb
 bounds [0x000002223ade0000, 0x000002223b050000, 0x0000022242310000]
CodeHeap 'profiled nmethods': size=120000Kb used=3745Kb max_used=3745Kb free=116255Kb
 bounds [0x00000222338b0000, 0x0000022233c60000, 0x000002223ade0000]
CodeHeap 'non-nmethods': size=5760Kb used=1435Kb max_used=1553Kb free=4324Kb
 bounds [0x0000022233310000, 0x0000022233580000, 0x00000222338b0000]
 total_blobs=2977 nmethods=2183 adapters=706
 compilation: enabled
              stopped_count=0, restarted_count=0
 full_count=0

Compilation events (20 events):
Event: 6.418 Thread 0x000002224ec696d0 2175       3       javafx.scene.Node::sceneToLocal0 (46 bytes)
Event: 6.420 Thread 0x000002224ec696d0 nmethod 2175 0x0000022233c4ad90 code [0x0000022233c4b080, 0x0000022233c4c878]
Event: 6.425 Thread 0x000002224ec696d0 2176       3       javafx.scene.Node::sceneToLocal (17 bytes)
Event: 6.425 Thread 0x000002224ec696d0 nmethod 2176 0x0000022233c4ce90 code [0x0000022233c4d040, 0x0000022233c4d268]
Event: 6.425 Thread 0x000002224ec696d0 2177   !   3       javafx.scene.Node::sceneToLocal (13 bytes)
Event: 6.425 Thread 0x000002224ec696d0 nmethod 2177 0x0000022233c4d390 code [0x0000022233c4d540, 0x0000022233c4d6c8]
Event: 6.484 Thread 0x000002224ec696d0 2178   !   3       com.sun.javafx.tk.quantum.QuantumToolkit::pulse (152 bytes)
Event: 6.488 Thread 0x000002224ec696d0 nmethod 2178 0x0000022233c4d790 code [0x0000022233c4daa0, 0x0000022233c4f238]
Event: 6.488 Thread 0x000002224ec696d0 2180   !   3       com.sun.javafx.tk.Toolkit::firePulse (279 bytes)
Event: 6.490 Thread 0x000002224ec696d0 nmethod 2180 0x0000022233c4fa90 code [0x0000022233c50240, 0x0000022233c54818]
Event: 6.490 Thread 0x000002224ec696d0 2181       3       java.util.HashMap::<init> (8 bytes)
Event: 6.490 Thread 0x000002224ec696d0 nmethod 2181 0x0000022233c55c10 code [0x0000022233c55de0, 0x0000022233c55f28]
Event: 6.490 Thread 0x000002224ec696d0 2179       3       com.sun.scenario.animation.AbstractPrimaryTimer$MainLoop::updateAnimationRunnable (61 bytes)
Event: 6.490 Thread 0x000002224ec696d0 nmethod 2179 0x0000022233c56010 code [0x0000022233c561c0, 0x0000022233c564e8]
Event: 6.532 Thread 0x000002224ec696d0 2182       3       com.sun.javafx.tk.quantum.QuantumToolkit$$Lambda$95/0x0000000800c38000::run (8 bytes)
Event: 6.532 Thread 0x000002224ec696d0 nmethod 2182 0x0000022233c56610 code [0x0000022233c56800, 0x0000022233c56b28]
Event: 6.532 Thread 0x000002224ec696d0 2183       3       com.sun.javafx.tk.quantum.QuantumToolkit::lambda$runToolkit$11 (5 bytes)
Event: 6.533 Thread 0x000002224ec696d0 nmethod 2183 0x0000022233c56d10 code [0x0000022233c56f40, 0x0000022233c575a8]
Event: 6.541 Thread 0x000002224ec696d0 2184       3       com.sun.javafx.tk.quantum.QuantumToolkit::requestNextPulse (9 bytes)
Event: 6.541 Thread 0x000002224ec696d0 nmethod 2184 0x0000022233c57890 code [0x0000022233c57a80, 0x0000022233c58188]

GC Heap History (2 events):
Event: 0.486 GC heap before
{Heap before GC invocations=0 (full 0):
 garbage-first heap   total 262144K, used 22528K [0x0000000701000000, 0x0000000800000000)
  region size 2048K, 11 young (22528K), 0 survivors (0K)
 Metaspace       used 5903K, committed 6144K, reserved 1056768K
  class space    used 668K, committed 768K, reserved 1048576K
}
Event: 0.488 GC heap after
{Heap after GC invocations=1 (full 0):
 garbage-first heap   total 262144K, used 2921K [0x0000000701000000, 0x0000000800000000)
  region size 2048K, 2 young (4096K), 2 survivors (4096K)
 Metaspace       used 5903K, committed 6144K, reserved 1056768K
  class space    used 668K, committed 768K, reserved 1048576K
}

Deoptimization events (20 events):
Event: 0.690 Thread 0x000002224ff731d0 Uncommon trap: trap_request=0xffffffde fr.pc=0x000002223adf02c8 relative=0x00000000000001a8
Event: 0.690 Thread 0x000002224ff731d0 Uncommon trap: reason=class_check action=maybe_recompile pc=0x000002223adf02c8 method=java.lang.String.equals(Ljava/lang/Object;)Z @ 8 c2
Event: 0.690 Thread 0x000002224ff731d0 DEOPT PACKING pc=0x000002223adf02c8 sp=0x000000c0facfd680
Event: 0.690 Thread 0x000002224ff731d0 DEOPT UNPACKING pc=0x000002223335d72e sp=0x000000c0facfd628 mode 2
Event: 0.690 Thread 0x000002224ff731d0 Uncommon trap: trap_request=0xffffffde fr.pc=0x000002223adf02c8 relative=0x00000000000001a8
Event: 0.690 Thread 0x000002224ff731d0 Uncommon trap: reason=class_check action=maybe_recompile pc=0x000002223adf02c8 method=java.lang.String.equals(Ljava/lang/Object;)Z @ 8 c2
Event: 0.690 Thread 0x000002224ff731d0 DEOPT PACKING pc=0x000002223adf02c8 sp=0x000000c0facfd680
Event: 0.690 Thread 0x000002224ff731d0 DEOPT UNPACKING pc=0x000002223335d72e sp=0x000000c0facfd628 mode 2
Event: 0.719 Thread 0x000002224ff731d0 Uncommon trap: trap_request=0xffffffde fr.pc=0x000002223adf02c8 relative=0x00000000000001a8
Event: 0.719 Thread 0x000002224ff731d0 Uncommon trap: reason=class_check action=maybe_recompile pc=0x000002223adf02c8 method=java.lang.String.equals(Ljava/lang/Object;)Z @ 8 c2
Event: 0.719 Thread 0x000002224ff731d0 DEOPT PACKING pc=0x000002223adf02c8 sp=0x000000c0facfd480
Event: 0.719 Thread 0x000002224ff731d0 DEOPT UNPACKING pc=0x000002223335d72e sp=0x000000c0facfd428 mode 2
Event: 0.735 Thread 0x000002224ff731d0 Uncommon trap: trap_request=0xffffff45 fr.pc=0x000002223ae384d4 relative=0x00000000000001b4
Event: 0.735 Thread 0x000002224ff731d0 Uncommon trap: reason=unstable_if action=reinterpret pc=0x000002223ae384d4 method=java.io.ByteArrayInputStream.read()I @ 8 c2
Event: 0.735 Thread 0x000002224ff731d0 DEOPT PACKING pc=0x000002223ae384d4 sp=0x000000c0facfc3e0
Event: 0.735 Thread 0x000002224ff731d0 DEOPT UNPACKING pc=0x000002223335d72e sp=0x000000c0facfc398 mode 2
Event: 1.031 Thread 0x000002224ec56420 Uncommon trap: trap_request=0xffffff45 fr.pc=0x000002223ae41fb0 relative=0x0000000000000f90
Event: 1.031 Thread 0x000002224ec56420 Uncommon trap: reason=unstable_if action=reinterpret pc=0x000002223ae41fb0 method=java.util.concurrent.ConcurrentHashMap.putVal(Ljava/lang/Object;Ljava/lang/Object;Z)Ljava/lang/Object; @ 148 c2
Event: 1.031 Thread 0x000002224ec56420 DEOPT PACKING pc=0x000002223ae41fb0 sp=0x000000c0f9dfe380
Event: 1.031 Thread 0x000002224ec56420 DEOPT UNPACKING pc=0x000002223335d72e sp=0x000000c0f9dfe300 mode 2

Classes unloaded (0 events):
No events

Classes redefined (0 events):
No events

Internal exceptions (20 events):
Event: 0.474 Thread 0x000002224ff731d0 Exception <a 'sun/nio/fs/WindowsException'{0x000000070fb728a8}> (0x000000070fb728a8) 
thrown [t:\workspace\open\src\hotspot\share\prims\jni.cpp, line 579]
Event: 0.504 Thread 0x000002224ff731d0 Exception <a 'java/lang/NoSuchMethodError'{0x0000000710d0ce90}: 'java.lang.Object java.lang.invoke.DirectMethodHandle$Holder.invokeStaticInit(java.lang.Object, java.lang.Object, java.lang.Object, java.lang.Object)'> (0x0000000710d0ce90) 
thrown [t:\workspace\open\src\hotspot\share\interpreter\linkResolver.cpp, line 790]
Event: 0.505 Thread 0x000002224ff731d0 Exception <a 'java/lang/NullPointerException'{0x0000000710d18f58}> (0x0000000710d18f58) 
thrown [t:\workspace\open\src\hotspot\share\interpreter\linkResolver.cpp, line 1385]
Event: 0.508 Thread 0x000002224ff731d0 Exception <a 'java/lang/NoSuchMethodError'{0x0000000710d57ce0}: 'void java.lang.invoke.DirectMethodHandle$Holder.invokeSpecial(java.lang.Object, java.lang.Object, java.lang.Object, java.lang.Object, java.lang.Object)'> (0x0000000710d57ce0) 
thrown [t:\workspace\open\src\hotspot\share\interpreter\linkResolver.cpp, line 790]
Event: 0.581 Thread 0x000002224ff731d0 Exception <a 'java/lang/NoSuchMethodError'{0x00000007104bee48}: 'void java.lang.invoke.DirectMethodHandle$Holder.invokeStaticInit(java.lang.Object, java.lang.Object)'> (0x00000007104bee48) 
thrown [t:\workspace\open\src\hotspot\share\interpreter\linkResolver.cpp, line 790]
Event: 0.600 Thread 0x000002224ff731d0 Exception <a 'sun/nio/fs/WindowsException'{0x000000071029e238}> (0x000000071029e238) 
thrown [t:\workspace\open\src\hotspot\share\prims\jni.cpp, line 579]
Event: 0.619 Thread 0x000002224ff731d0 Implicit null exception at 0x000002223ae397b4 to 0x000002223ae39cec
Event: 0.687 Thread 0x000002224ff731d0 Implicit null exception at 0x000002223ae38caf to 0x000002223ae3917c
Event: 0.688 Thread 0x000002224ff731d0 Implicit null exception at 0x000002223adfaf2f to 0x000002223adfafad
Event: 0.712 Thread 0x000002224ff731d0 Exception <a 'java/lang/NoSuchMethodError'{0x000000070fcc3488}: 'java.lang.Object java.lang.invoke.DirectMethodHandle$Holder.invokeInterface(java.lang.Object, java.lang.Object, java.lang.Object)'> (0x000000070fcc3488) 
thrown [t:\workspace\open\src\hotspot\share\interpreter\linkResolver.cpp, line 790]
Event: 0.713 Thread 0x000002224ff731d0 Exception <a 'java/lang/IncompatibleClassChangeError'{0x000000070fcc7008}: Found class java.lang.Object, but interface was expected> (0x000000070fcc7008) 
thrown [t:\workspace\open\src\hotspot\share\interpreter\linkResolver.cpp, line 857]
Event: 0.747 Thread 0x000002224ff731d0 Exception <a 'java/lang/NoSuchMethodError'{0x000000070fa4dc48}: 'java.lang.Object java.lang.invoke.DirectMethodHandle$Holder.newInvokeSpecial(java.lang.Object, java.lang.Object, int)'> (0x000000070fa4dc48) 
thrown [t:\workspace\open\src\hotspot\share\interpreter\linkResolver.cpp, line 790]
Event: 0.765 Thread 0x000002224fece3c0 Exception <a 'java/lang/NoSuchMethodError'{0x000000070fb93ec0}: 'int java.lang.invoke.DirectMethodHandle$Holder.invokeStaticInit(java.lang.Object, java.lang.Object)'> (0x000000070fb93ec0) 
thrown [t:\workspace\open\src\hotspot\share\interpreter\linkResolver.cpp, line 790]
Event: 1.605 Thread 0x000002224ff731d0 Exception <a 'java/lang/NoSuchMethodError'{0x000000070f0ca2b0}: 'long java.lang.invoke.DirectMethodHandle$Holder.invokeStatic(java.lang.Object, java.lang.Object, java.lang.Object)'> (0x000000070f0ca2b0) 
thrown [t:\workspace\open\src\hotspot\share\interpreter\linkResolver.cpp, line 790]
Event: 1.605 Thread 0x000002224ff731d0 Exception <a 'java/lang/NoSuchMethodError'{0x000000070f0cdea8}: 'long java.lang.invoke.DirectMethodHandle$Holder.invokeStaticInit(java.lang.Object, java.lang.Object, java.lang.Object)'> (0x000000070f0cdea8) 
thrown [t:\workspace\open\src\hotspot\share\interpreter\linkResolver.cpp, line 790]
Event: 1.607 Thread 0x000002224ff731d0 Exception <a 'java/lang/NoSuchMethodError'{0x000000070f0e5dc8}: 'java.lang.Object java.lang.invoke.DirectMethodHandle$Holder.newInvokeSpecial(java.lang.Object, java.lang.Object, long)'> (0x000000070f0e5dc8) 
thrown [t:\workspace\open\src\hotspot\share\interpreter\linkResolver.cpp, line 790]
Event: 1.607 Thread 0x000002224ff731d0 Exception <a 'java/lang/NoSuchMethodError'{0x000000070f0e9b38}: 'java.lang.Object java.lang.invoke.Invokers$Holder.linkToTargetMethod(java.lang.Object, long, java.lang.Object)'> (0x000000070f0e9b38) 
thrown [t:\workspace\open\src\hotspot\share\interpreter\linkResolver.cpp, line 790]
Event: 1.638 Thread 0x000002224ff731d0 Exception <a 'java/lang/NoSuchMethodError'{0x000000070f0fcaf0}: 'java.lang.Object java.lang.invoke.DirectMethodHandle$Holder.newInvokeSpecial(java.lang.Object, java.lang.Object, int, int, int, int, int, java.lang.Object)'> (0x000000070f0fcaf0) 
thrown [t:\workspace\open\src\hotspot\share\interpreter\linkResolver.cpp, line 790]
Event: 1.639 Thread 0x000002224ff731d0 Exception <a 'java/lang/NoSuchMethodError'{0x000000070f1104b0}: 'java.lang.Object java.lang.invoke.DirectMethodHandle$Holder.newInvokeSpecial(java.lang.Object, java.lang.Object, java.lang.Object, int, int, int, int, int)'> (0x000000070f1104b0) 
thrown [t:\workspace\open\src\hotspot\share\interpreter\linkResolver.cpp, line 790]
Event: 1.640 Thread 0x000002224ff731d0 Exception <a 'java/lang/NoSuchMethodError'{0x000000070f118020}: 'java.lang.Object java.lang.invoke.Invokers$Holder.linkToTargetMethod(java.lang.Object, java.lang.Object, int, int, int, int, int, java.lang.Object)'> (0x000000070f118020) 
thrown [t:\workspace\open\src\hotspot\share\interpreter\linkResolver.cpp, line 790]

Events (20 events):
Event: 1.033 loading class sun/util/resources/cldr/TimeZoneNames_en_US
Event: 1.033 loading class sun/util/resources/cldr/TimeZoneNames_en_US done
Event: 1.159 Thread 0x0000022256a353d0 Thread exited: 0x0000022256a353d0
Event: 1.595 loading class java/io/UnsupportedEncodingException
Event: 1.595 loading class java/io/UnsupportedEncodingException done
Event: 2.025 Executing  VM operation: Cleanup
Event: 2.025 Executing  VM operation: Cleanup done
Event: 3.025 Executing  VM operation: Cleanup
Event: 3.025 Executing  VM operation: Cleanup done
Event: 4.026 Executing  VM operation: Cleanup
Event: 4.026 Executing  VM operation: Cleanup done
Event: 5.026 Executing  VM operation: Cleanup
Event: 5.026 Executing  VM operation: Cleanup done
Event: 6.027 Executing  VM operation: Cleanup
Event: 6.027 Executing  VM operation: Cleanup done
Event: 6.543 Thread 0x00000222502ee330 Thread added: 0x00000222502ee330
Event: 6.543 Thread 0x00000222502eedd0 Thread added: 0x00000222502eedd0
Event: 6.544 Thread 0x00000222502eedd0 Thread exited: 0x00000222502eedd0
Event: 6.544 Thread 0x00000222502ee330 Thread exited: 0x00000222502ee330
Event: 6.544 Executing  VM operation: Exit


Dynamic libraries:
0x00007ff72ac20000 - 0x00007ff72ac2e000 	C:\Users\Ryan Hatamosa\.jdks\openjdk-16\bin\java.exe
0x00007ffb170c0000 - 0x00007ffb172b0000 	C:\WINDOWS\SYSTEM32\ntdll.dll
0x00007ffb15600000 - 0x00007ffb156b2000 	C:\WINDOWS\System32\KERNEL32.DLL
0x00007ffb14460000 - 0x00007ffb14705000 	C:\WINDOWS\System32\KERNELBASE.dll
0x00007ffb14360000 - 0x00007ffb1445a000 	C:\WINDOWS\System32\ucrtbase.dll
0x00007ffb0b950000 - 0x00007ffb0b968000 	C:\Users\Ryan Hatamosa\.jdks\openjdk-16\bin\jli.dll
0x00007ffb0b930000 - 0x00007ffb0b949000 	C:\Users\Ryan Hatamosa\.jdks\openjdk-16\bin\VCRUNTIME140.dll
0x00007ffb16130000 - 0x00007ffb162c4000 	C:\WINDOWS\System32\USER32.dll
0x00007ffb14030000 - 0x00007ffb14051000 	C:\WINDOWS\System32\win32u.dll
0x00007ffafac60000 - 0x00007ffafaee4000 	C:\WINDOWS\WinSxS\amd64_microsoft.windows.common-controls_6595b64144ccf1df_6.0.18362.1440_none_9e7dbfb9e45e8e67\COMCTL32.dll
0x00007ffb15ce0000 - 0x00007ffb15d06000 	C:\WINDOWS\System32\GDI32.dll
0x00007ffb15d10000 - 0x00007ffb15dae000 	C:\WINDOWS\System32\msvcrt.dll
0x00007ffb14060000 - 0x00007ffb141f8000 	C:\WINDOWS\System32\gdi32full.dll
0x00007ffb14200000 - 0x00007ffb1429e000 	C:\WINDOWS\System32\msvcp_win.dll
0x00007ffb15df0000 - 0x00007ffb16126000 	C:\WINDOWS\System32\combase.dll
0x00007ffb16f60000 - 0x00007ffb1707f000 	C:\WINDOWS\System32\RPCRT4.dll
0x00007ffb142d0000 - 0x00007ffb14351000 	C:\WINDOWS\System32\bcryptPrimitives.dll
0x00007ffb15dc0000 - 0x00007ffb15dee000 	C:\WINDOWS\System32\IMM32.DLL
0x00007ffb10860000 - 0x00007ffb1086c000 	C:\Users\Ryan Hatamosa\.jdks\openjdk-16\bin\vcruntime140_1.dll
0x00007ffb09e40000 - 0x00007ffb09ed1000 	C:\Users\Ryan Hatamosa\.jdks\openjdk-16\bin\msvcp140.dll
0x00007ffacaca0000 - 0x00007ffacb84b000 	C:\Users\Ryan Hatamosa\.jdks\openjdk-16\bin\server\jvm.dll
0x00007ffb157f0000 - 0x00007ffb15893000 	C:\WINDOWS\System32\ADVAPI32.dll
0x00007ffb15750000 - 0x00007ffb157e7000 	C:\WINDOWS\System32\sechost.dll
0x00007ffb15ab0000 - 0x00007ffb15ab8000 	C:\WINDOWS\System32\PSAPI.DLL
0x00007ffb0d870000 - 0x00007ffb0d879000 	C:\WINDOWS\SYSTEM32\WSOCK32.dll
0x00007ffb0e820000 - 0x00007ffb0e82a000 	C:\WINDOWS\SYSTEM32\VERSION.dll
0x00007ffb10c80000 - 0x00007ffb10ca4000 	C:\WINDOWS\SYSTEM32\WINMM.dll
0x00007ffb15ac0000 - 0x00007ffb15b2f000 	C:\WINDOWS\System32\WS2_32.dll
0x00007ffb10c50000 - 0x00007ffb10c7d000 	C:\WINDOWS\SYSTEM32\winmmbase.dll
0x00007ffb15120000 - 0x00007ffb1516a000 	C:\WINDOWS\System32\cfgmgr32.dll
0x00007ffb13ff0000 - 0x00007ffb14001000 	C:\WINDOWS\System32\kernel.appcore.dll
0x00007ffb10830000 - 0x00007ffb1083a000 	C:\Users\Ryan Hatamosa\.jdks\openjdk-16\bin\jimage.dll
0x00007ffb07060000 - 0x00007ffb07254000 	C:\WINDOWS\SYSTEM32\DBGHELP.DLL
0x00007ffb064c0000 - 0x00007ffb064ea000 	C:\WINDOWS\SYSTEM32\dbgcore.DLL
0x00007ffb0aa10000 - 0x00007ffb0aa1e000 	C:\Users\Ryan Hatamosa\.jdks\openjdk-16\bin\instrument.dll
0x00007ffb0b8e0000 - 0x00007ffb0b905000 	C:\Users\Ryan Hatamosa\.jdks\openjdk-16\bin\java.dll
0x00007ffb16810000 - 0x00007ffb16ef8000 	C:\WINDOWS\System32\SHELL32.dll
0x00007ffb15470000 - 0x00007ffb15517000 	C:\WINDOWS\System32\shcore.dll
0x00007ffb14710000 - 0x00007ffb14e8b000 	C:\WINDOWS\System32\windows.storage.dll
0x00007ffb14010000 - 0x00007ffb1402e000 	C:\WINDOWS\System32\profapi.dll
0x00007ffb13f80000 - 0x00007ffb13fca000 	C:\WINDOWS\System32\powrprof.dll
0x00007ffb13f70000 - 0x00007ffb13f80000 	C:\WINDOWS\System32\UMPDC.dll
0x00007ffb15410000 - 0x00007ffb15462000 	C:\WINDOWS\System32\shlwapi.dll
0x00007ffb14fa0000 - 0x00007ffb14fb7000 	C:\WINDOWS\System32\cryptsp.dll
0x00007ffb0a7c0000 - 0x00007ffb0a7d9000 	C:\Users\Ryan Hatamosa\.jdks\openjdk-16\bin\net.dll
0x00007ffb0d540000 - 0x00007ffb0d63a000 	C:\WINDOWS\SYSTEM32\WINHTTP.dll
0x00007ffb13760000 - 0x00007ffb137c7000 	C:\WINDOWS\system32\mswsock.dll
0x00007ffb066a0000 - 0x00007ffb066b3000 	C:\Users\Ryan Hatamosa\.jdks\openjdk-16\bin\nio.dll
0x00007ffb05ca0000 - 0x00007ffb05cb8000 	C:\Users\Ryan Hatamosa\.jdks\openjdk-16\bin\zip.dll
0x00007ffafed90000 - 0x00007ffafedaa000 	C:\Users\Ryan Hatamosa\AppData\Local\JetBrains\Toolbox\apps\IDEA-U\ch-0\211.6693.111\bin\breakgen64.dll
0x000002222bac0000 - 0x000002222bac3000 	C:\Users\Ryan Hatamosa\.openjfx\cache\16\api-ms-win-core-console-l1-1-0.dll
0x000002222bad0000 - 0x000002222bad3000 	C:\Users\Ryan Hatamosa\.openjfx\cache\16\api-ms-win-core-console-l1-2-0.dll
0x000002222bae0000 - 0x000002222bae3000 	C:\Users\Ryan Hatamosa\.openjfx\cache\16\api-ms-win-core-datetime-l1-1-0.dll
0x000002222baf0000 - 0x000002222baf3000 	C:\Users\Ryan Hatamosa\.openjfx\cache\16\api-ms-win-core-debug-l1-1-0.dll
0x000002222bb00000 - 0x000002222bb03000 	C:\Users\Ryan Hatamosa\.openjfx\cache\16\api-ms-win-core-errorhandling-l1-1-0.dll
0x000002222bb10000 - 0x000002222bb14000 	C:\Users\Ryan Hatamosa\.openjfx\cache\16\api-ms-win-core-file-l1-1-0.dll
0x000002222bb20000 - 0x000002222bb23000 	C:\Users\Ryan Hatamosa\.openjfx\cache\16\api-ms-win-core-file-l1-2-0.dll
0x000002222bb30000 - 0x000002222bb33000 	C:\Users\Ryan Hatamosa\.openjfx\cache\16\api-ms-win-core-file-l2-1-0.dll
0x000002222bb40000 - 0x000002222bb43000 	C:\Users\Ryan Hatamosa\.openjfx\cache\16\api-ms-win-core-handle-l1-1-0.dll
0x000002222bb50000 - 0x000002222bb53000 	C:\Users\Ryan Hatamosa\.openjfx\cache\16\api-ms-win-core-heap-l1-1-0.dll
0x000002222bb60000 - 0x000002222bb63000 	C:\Users\Ryan Hatamosa\.openjfx\cache\16\api-ms-win-core-interlocked-l1-1-0.dll
0x000002222bb70000 - 0x000002222bb73000 	C:\Users\Ryan Hatamosa\.openjfx\cache\16\api-ms-win-core-libraryloader-l1-1-0.dll
0x000002224ed80000 - 0x000002224ed83000 	C:\Users\Ryan Hatamosa\.openjfx\cache\16\api-ms-win-core-localization-l1-2-0.dll
0x000002224ed90000 - 0x000002224ed93000 	C:\Users\Ryan Hatamosa\.openjfx\cache\16\api-ms-win-core-memory-l1-1-0.dll
0x000002224eda0000 - 0x000002224eda3000 	C:\Users\Ryan Hatamosa\.openjfx\cache\16\api-ms-win-core-namedpipe-l1-1-0.dll
0x000002224edb0000 - 0x000002224edb3000 	C:\Users\Ryan Hatamosa\.openjfx\cache\16\api-ms-win-core-processenvironment-l1-1-0.dll
0x000002224edc0000 - 0x000002224edc3000 	C:\Users\Ryan Hatamosa\.openjfx\cache\16\api-ms-win-core-processthreads-l1-1-0.dll
0x000002224edd0000 - 0x000002224edd3000 	C:\Users\Ryan Hatamosa\.openjfx\cache\16\api-ms-win-core-processthreads-l1-1-1.dll
0x000002224ede0000 - 0x000002224ede3000 	C:\Users\Ryan Hatamosa\.openjfx\cache\16\api-ms-win-core-profile-l1-1-0.dll
0x000002224edf0000 - 0x000002224edf3000 	C:\Users\Ryan Hatamosa\.openjfx\cache\16\api-ms-win-core-rtlsupport-l1-1-0.dll
0x000002224ee00000 - 0x000002224ee03000 	C:\Users\Ryan Hatamosa\.openjfx\cache\16\api-ms-win-core-string-l1-1-0.dll
0x000002224ee10000 - 0x000002224ee13000 	C:\Users\Ryan Hatamosa\.openjfx\cache\16\api-ms-win-core-synch-l1-1-0.dll
0x000002224ee20000 - 0x000002224ee23000 	C:\Users\Ryan Hatamosa\.openjfx\cache\16\api-ms-win-core-synch-l1-2-0.dll
0x000002224ee30000 - 0x000002224ee33000 	C:\Users\Ryan Hatamosa\.openjfx\cache\16\api-ms-win-core-sysinfo-l1-1-0.dll
0x000002224ee40000 - 0x000002224ee43000 	C:\Users\Ryan Hatamosa\.openjfx\cache\16\api-ms-win-core-timezone-l1-1-0.dll
0x000002224ee50000 - 0x000002224ee53000 	C:\Users\Ryan Hatamosa\.openjfx\cache\16\api-ms-win-core-util-l1-1-0.dll
0x000002224ee60000 - 0x000002224ee63000 	C:\Users\Ryan Hatamosa\.openjfx\cache\16\api-ms-win-crt-conio-l1-1-0.dll
0x000002224ee70000 - 0x000002224ee74000 	C:\Users\Ryan Hatamosa\.openjfx\cache\16\api-ms-win-crt-convert-l1-1-0.dll
0x000002224ee80000 - 0x000002224ee83000 	C:\Users\Ryan Hatamosa\.openjfx\cache\16\api-ms-win-crt-environment-l1-1-0.dll
0x000002224ee90000 - 0x000002224ee93000 	C:\Users\Ryan Hatamosa\.openjfx\cache\16\api-ms-win-crt-filesystem-l1-1-0.dll
0x000002224eea0000 - 0x000002224eea3000 	C:\Users\Ryan Hatamosa\.openjfx\cache\16\api-ms-win-crt-heap-l1-1-0.dll
0x000002224eeb0000 - 0x000002224eeb3000 	C:\Users\Ryan Hatamosa\.openjfx\cache\16\api-ms-win-crt-locale-l1-1-0.dll
0x000002224eec0000 - 0x000002224eec5000 	C:\Users\Ryan Hatamosa\.openjfx\cache\16\api-ms-win-crt-math-l1-1-0.dll
0x000002224eed0000 - 0x000002224eed5000 	C:\Users\Ryan Hatamosa\.openjfx\cache\16\api-ms-win-crt-multibyte-l1-1-0.dll
0x000002224eee0000 - 0x000002224eef0000 	C:\Users\Ryan Hatamosa\.openjfx\cache\16\api-ms-win-crt-private-l1-1-0.dll
0x000002224eef0000 - 0x000002224eef3000 	C:\Users\Ryan Hatamosa\.openjfx\cache\16\api-ms-win-crt-process-l1-1-0.dll
0x000002224ef00000 - 0x000002224ef04000 	C:\Users\Ryan Hatamosa\.openjfx\cache\16\api-ms-win-crt-runtime-l1-1-0.dll
0x000002224ef10000 - 0x000002224ef14000 	C:\Users\Ryan Hatamosa\.openjfx\cache\16\api-ms-win-crt-stdio-l1-1-0.dll
0x000002224ef20000 - 0x000002224ef24000 	C:\Users\Ryan Hatamosa\.openjfx\cache\16\api-ms-win-crt-string-l1-1-0.dll
0x000002224ef30000 - 0x000002224ef33000 	C:\Users\Ryan Hatamosa\.openjfx\cache\16\api-ms-win-crt-time-l1-1-0.dll
0x000002224ef40000 - 0x000002224ef43000 	C:\Users\Ryan Hatamosa\.openjfx\cache\16\api-ms-win-crt-utility-l1-1-0.dll
0x00007ffaf5af0000 - 0x00007ffaf5bec000 	C:\Users\Ryan Hatamosa\.openjfx\cache\16\ucrtbase.dll
0x00007ffafeb30000 - 0x00007ffafeb49000 	C:\Users\Ryan Hatamosa\.openjfx\cache\16\vcruntime140.dll
0x00007ffb0a8c0000 - 0x00007ffb0a8cc000 	C:\Users\Ryan Hatamosa\.openjfx\cache\16\vcruntime140_1.dll
0x00007ffaf84c0000 - 0x00007ffaf8551000 	C:\Users\Ryan Hatamosa\.openjfx\cache\16\msvcp140.dll
0x00007ffafba40000 - 0x00007ffafba67000 	C:\Users\Ryan Hatamosa\.openjfx\cache\16\prism_d3d.dll
0x00007ffb05210000 - 0x00007ffb053d7000 	C:\WINDOWS\system32\d3d9.dll
0x00007ffb127b0000 - 0x00007ffb127dd000 	C:\WINDOWS\SYSTEM32\dwmapi.dll
0x00007ffb12be0000 - 0x00007ffb12c00000 	C:\WINDOWS\SYSTEM32\dxcore.dll
0x00007ffb12280000 - 0x00007ffb12319000 	C:\WINDOWS\system32\uxtheme.dll
0x00007ffb13fd0000 - 0x00007ffb13fe2000 	C:\WINDOWS\System32\msasn1.dll
0x00007ffb0e7f0000 - 0x00007ffb0e81f000 	C:\WINDOWS\SYSTEM32\cryptnet.dll
0x00007ffb14fc0000 - 0x00007ffb15111000 	C:\WINDOWS\System32\CRYPT32.dll
0x00007ffb138e0000 - 0x00007ffb138ec000 	C:\WINDOWS\SYSTEM32\cryptbase.dll
0x00007ffb14f40000 - 0x00007ffb14f9c000 	C:\WINDOWS\System32\WINTRUST.DLL
0x00007ffb156c0000 - 0x00007ffb156dd000 	C:\WINDOWS\System32\imagehlp.dll
0x00007ffb132f0000 - 0x00007ffb13323000 	C:\WINDOWS\system32\rsaenh.dll
0x00007ffb142a0000 - 0x00007ffb142c6000 	C:\WINDOWS\System32\bcrypt.dll
0x00007ffafaf20000 - 0x00007ffafaf62000 	C:\Users\Ryan Hatamosa\.openjfx\cache\16\glass.dll
0x00007ffb16740000 - 0x00007ffb16810000 	C:\WINDOWS\System32\COMDLG32.dll
0x00007ffb158a0000 - 0x00007ffb159f7000 	C:\WINDOWS\System32\ole32.dll
0x00007ffb15530000 - 0x00007ffb155f5000 	C:\WINDOWS\System32\OLEAUT32.dll
0x00007ffb15170000 - 0x00007ffb152a5000 	C:\WINDOWS\System32\MSCTF.dll
0x00007ffaf3610000 - 0x00007ffaf38c9000 	C:\WINDOWS\system32\nvspcap64.dll
0x00007ffb12f70000 - 0x00007ffb12fa1000 	C:\WINDOWS\SYSTEM32\ntmarta.dll
0x00007ffb12b20000 - 0x00007ffb12b42000 	C:\WINDOWS\SYSTEM32\gpapi.dll
0x00007ffafe4b0000 - 0x00007ffafe4c4000 	C:\Users\Ryan Hatamosa\.openjfx\cache\16\javafx_font.dll
0x00007ffaf1920000 - 0x00007ffaf1c1e000 	C:\WINDOWS\SYSTEM32\dwrite.dll
0x00007ffb15a00000 - 0x00007ffb15aa2000 	C:\WINDOWS\System32\clbcatq.dll
0x00007ffb0f480000 - 0x00007ffb0f62f000 	C:\WINDOWS\SYSTEM32\WindowsCodecs.dll
0x00007ffb06210000 - 0x00007ffb0624b000 	C:\WINDOWS\system32\dataexchange.dll
0x00007ffb11a30000 - 0x00007ffb11c0d000 	C:\WINDOWS\system32\dcomp.dll
0x00007ffb11340000 - 0x00007ffb1159b000 	C:\WINDOWS\system32\d3d11.dll
0x00007ffb12c00000 - 0x00007ffb12ceb000 	C:\WINDOWS\system32\dxgi.dll
0x00007ffb12340000 - 0x00007ffb1259a000 	C:\WINDOWS\system32\twinapi.appcore.dll
0x00007ffb12780000 - 0x00007ffb127a9000 	C:\WINDOWS\system32\RMCLIENT.dll
0x00007ffafee20000 - 0x00007ffafee53000 	C:\Program Files\Common Files\Microsoft Shared\Ink\rtscom.dll
0x00007ffafe610000 - 0x00007ffafe6ad000 	C:\WINDOWS\System32\TextInputFramework.dll

dbghelp: loaded successfully - version: 4.0.5 - missing functions: none
symbol engine: initialized successfully - sym options: 0x614 - pdb path: .;C:\Users\Ryan Hatamosa\.jdks\openjdk-16\bin;C:\WINDOWS\SYSTEM32;C:\WINDOWS\WinSxS\amd64_microsoft.windows.common-controls_6595b64144ccf1df_6.0.18362.1440_none_9e7dbfb9e45e8e67;C:\Users\Ryan Hatamosa\.jdks\openjdk-16\bin\server;C:\Users\Ryan Hatamosa\AppData\Local\JetBrains\Toolbox\apps\IDEA-U\ch-0\211.6693.111\bin;C:\Users\Ryan Hatamosa\.openjfx\cache\16;C:\WINDOWS\System32\DriverStore\FileRepository\nv_dispi.inf_amd64_a51067c0ac557884;C:\Program Files\Common Files\Microsoft Shared\Ink

VM Arguments:
jvm_args: -javaagent:C:\Users\Ryan Hatamosa\AppData\Local\JetBrains\Toolbox\apps\IDEA-U\ch-0\211.6693.111\lib\idea_rt.jar=54883:C:\Users\Ryan Hatamosa\AppData\Local\JetBrains\Toolbox\apps\IDEA-U\ch-0\211.6693.111\bin -Dfile.encoding=UTF-8 --module-path=C:\Users\Ryan Hatamosa\IdeaProjects\TeamCrunch\out\production\TeamCrunch;C:\Users\Ryan Hatamosa\.m2\repository\org\openjfx\javafx-fxml\16\javafx-fxml-16.jar;C:\Users\Ryan Hatamosa\.m2\repository\org\openjfx\javafx-fxml\16\javafx-fxml-16-win.jar;C:\Users\Ryan Hatamosa\.m2\repository\org\openjfx\javafx-controls\16\javafx-controls-16.jar;C:\Users\Ryan Hatamosa\.m2\repository\org\openjfx\javafx-controls\16\javafx-controls-16-win.jar;C:\Users\Ryan Hatamosa\.m2\repository\org\openjfx\javafx-graphics\16\javafx-graphics-16.jar;C:\Users\Ryan Hatamosa\.m2\repository\org\openjfx\javafx-graphics\16\javafx-graphics-16-win.jar;C:\Users\Ryan Hatamosa\.m2\repository\org\openjfx\javafx-base\16\javafx-base-16.jar;C:\Users\Ryan Hatamosa\.m2\repository\org\openjfx\javafx-base\16\javafx-base-16-win.jar -Djdk.module.main=TeamCrunch 
java_command: TeamCrunch/sample.Main
java_class_path (initial): <not set>
Launcher Type: SUN_STANDARD

[Global flags]
     intx CICompilerCount                          = 4                                         {product} {ergonomic}
     uint ConcGCThreads                            = 3                                         {product} {ergonomic}
     uint G1ConcRefinementThreads                  = 10                                        {product} {ergonomic}
   size_t G1HeapRegionSize                         = 2097152                                   {product} {ergonomic}
    uintx GCDrainStackTargetSize                   = 64                                        {product} {ergonomic}
   size_t InitialHeapSize                          = 268435456                                 {product} {ergonomic}
   size_t MarkStackSize                            = 4194304                                   {product} {ergonomic}
   size_t MaxHeapSize                              = 4278190080                                {product} {ergonomic}
   size_t MaxNewSize                               = 2566914048                                {product} {ergonomic}
   size_t MinHeapDeltaBytes                        = 2097152                                   {product} {ergonomic}
   size_t MinHeapSize                              = 8388608                                   {product} {ergonomic}
    uintx NonNMethodCodeHeapSize                   = 5839372                                {pd product} {ergonomic}
    uintx NonProfiledCodeHeapSize                  = 122909434                              {pd product} {ergonomic}
    uintx ProfiledCodeHeapSize                     = 122909434                              {pd product} {ergonomic}
    uintx ReservedCodeCacheSize                    = 251658240                              {pd product} {ergonomic}
     bool SegmentedCodeCache                       = true                                      {product} {ergonomic}
   size_t SoftMaxHeapSize                          = 4278190080                             {manageable} {ergonomic}
     bool UseCompressedClassPointers               = true                           {product lp64_product} {ergonomic}
     bool UseCompressedOops                        = true                           {product lp64_product} {ergonomic}
     bool UseG1GC                                  = true                                      {product} {ergonomic}
     bool UseLargePagesIndividualAllocation        = false                                  {pd product} {ergonomic}

Logging:
Log output configuration:
 #0: stdout all=off uptime,level,tags
 #1: stderr all=off uptime,level,tags

Environment Variables:
JAVA_HOME=C:\Program Files\Java\jdk-11.0.2
PATH=C:\Program Files\Amazon Corretto\jdk11.0.4_10\bin;C:\Windows\system32;C:\Windows;C:\Windows\System32\Wbem;C:\Windows\System32\WindowsPowerShell\v1.0\;C:\Program Files (x86)\NVIDIA Corporation\PhysX\Common;C:\WINDOWS\system32;C:\WINDOWS;C:\WINDOWS\System32\Wbem;C:\WINDOWS\System32\WindowsPowerShell\v1.0\;C:\WINDOWS\System32\OpenSSH\;C:\Program Files\Git\cmd;C:\Program Files\NVIDIA Corporation\NVIDIA NvDLISR;C:\WINDOWS\system32;C:\WINDOWS;C:\WINDOWS\System32\Wbem;C:\WINDOWS\System32\WindowsPowerShell\v1.0\;C:\WINDOWS\System32\OpenSSH\;C:\Program Files\Java\jdk-11.0.2\bin;C:\apache-maven-3.6.3\bin;C:\Users\Ryan Hatamosa\AppData\Local\Programs\Python\Python39\Scripts\;C:\Users\Ryan Hatamosa\AppData\Local\Programs\Python\Python39\;C:\Users\Ryan Hatamosa\AppData\Local\Microsoft\WindowsApps;C:\Users\Ryan Hatamosa\AppData\Local\atom\bin;C:\Users\Ryan Hatamosa\AppData\Local\Programs\Microsoft VS Code\bin;C:\Users\Ryan Hatamosa\AppData\Local\Microsoft\WindowsApps;C:\Users\Ryan Hatamosa\AppData\Local\GitHubDesktop\bin;C:\Users\Ryan Hatamosa\Desktop\DeveloperTools\gradle-6.7.1\bin;
USERNAME=Ryan Hatamosa
OS=Windows_NT
PROCESSOR_IDENTIFIER=Intel64 Family 6 Model 158 Stepping 10, GenuineIntel



---------------  S Y S T E M  ---------------

OS:
 Windows 10 , 64 bit Build 18362 (10.0.18362.1350)
OS uptime: 4 days 13:54 hours
Hyper-V role detected

CPU: total 12 (initial active 12) (6 cores per cpu, 2 threads per core) family 6 model 158 stepping 10 microcode 0x96, cx8, cmov, fxsr, ht, mmx, 3dnowpref, sse, sse2, sse3, ssse3, sse4.1, sse4.2, popcnt, lzcnt, tsc, tscinvbit, avx, avx2, aes, erms, clmul, bmi1, bmi2, rtm, adx, fma, vzeroupper, clflush, clflushopt, hv

Memory: 4k page, system-wide physical 16319M (7481M free)
TotalPageFile size 21951M (AvailPageFile size 6865M)
current process WorkingSet (physical memory assigned to process): 109M, peak: 148M
current process commit charge ("private bytes"): 418M, peak: 457M

vm_info: OpenJDK 64-Bit Server VM (16+36-2231) for windows-amd64 JRE (16+36-2231), built on Feb  8 2021 11:39:36 by "mach5one" with MS VC++ 16.7 (VS2019)

END.
